Removed Pin From Net: NetName=VCC_U1 Pin=UPDU1_U1-1
Removed Pin From Net: NetName=GND_U1 Pin=UPDU1_U1-3
Removed Pin From Net: NetName=VCC_U2 Pin=UPDU1_U2-1
Removed Pin From Net: NetName=GND_U2 Pin=UPDU1_U2-3
Removed Pin From Net: NetName=VCC_U3 Pin=UPDU1_U3-1
Removed Pin From Net: NetName=GND_U3 Pin=UPDU1_U3-3
Removed Pin From Net: NetName=VCC_U4 Pin=UPDU1_U4-1
Removed Pin From Net: NetName=GND_U4 Pin=UPDU1_U4-3
Removed Pin From Net: NetName=VCC_U5 Pin=UPDU1_U5-1
Removed Pin From Net: NetName=GND_U5 Pin=UPDU1_U5-3
Added Component: Designator=S1_U1(TS2134035BK160SMTTR)
Add component (AddParameter): Name = "Arrow Part Number"; Value = ""; VariantName = "[No Variations]"
Add component (AddParameter): Name = "Arrow Price/Stock"; Value = ""; VariantName = "[No Variations]"
Add component (AddParameter): Name = "Datasheet Link"; Value = "https://www.cuidevices.com/product/resource/ts21.pdf"; VariantName = "[No Variations]"
Add component (AddParameter): Name = "Height"; Value = "1.7mm"; VariantName = "[No Variations]"
Add component (AddParameter): Name = "Manufacturer_Name"; Value = "CUI Devices"; VariantName = "[No Variations]"
Add component (AddParameter): Name = "Manufacturer_Part_Number"; Value = "TS21-34-035-BK-160-SMT-TR"; VariantName = "[No Variations]"
Add component (AddParameter): Name = "Mouser Part Number"; Value = "179-134035BK160SMTTR"; VariantName = "[No Variations]"
Add component (AddParameter): Name = "Mouser Price/Stock"; Value = "https://www.mouser.co.uk/ProductDetail/CUI-Devices/TS21-34-035-BK-160-SMT-TR?qs=1Kr7Jg1SGW9zzGN58LP5Sg%3D%3D"; VariantName = "[No Variations]"
Added Component: Designator=S1_U2(TS2134035BK160SMTTR)
Add component (AddParameter): Name = "Arrow Part Number"; Value = ""; VariantName = "[No Variations]"
Add component (AddParameter): Name = "Arrow Price/Stock"; Value = ""; VariantName = "[No Variations]"
Add component (AddParameter): Name = "Datasheet Link"; Value = "https://www.cuidevices.com/product/resource/ts21.pdf"; VariantName = "[No Variations]"
Add component (AddParameter): Name = "Height"; Value = "1.7mm"; VariantName = "[No Variations]"
Add component (AddParameter): Name = "Manufacturer_Name"; Value = "CUI Devices"; VariantName = "[No Variations]"
Add component (AddParameter): Name = "Manufacturer_Part_Number"; Value = "TS21-34-035-BK-160-SMT-TR"; VariantName = "[No Variations]"
Add component (AddParameter): Name = "Mouser Part Number"; Value = "179-134035BK160SMTTR"; VariantName = "[No Variations]"
Add component (AddParameter): Name = "Mouser Price/Stock"; Value = "https://www.mouser.co.uk/ProductDetail/CUI-Devices/TS21-34-035-BK-160-SMT-TR?qs=1Kr7Jg1SGW9zzGN58LP5Sg%3D%3D"; VariantName = "[No Variations]"
Added Component: Designator=S1_U3(TS2134035BK160SMTTR)
Add component (AddParameter): Name = "Arrow Part Number"; Value = ""; VariantName = "[No Variations]"
Add component (AddParameter): Name = "Arrow Price/Stock"; Value = ""; VariantName = "[No Variations]"
Add component (AddParameter): Name = "Datasheet Link"; Value = "https://www.cuidevices.com/product/resource/ts21.pdf"; VariantName = "[No Variations]"
Add component (AddParameter): Name = "Height"; Value = "1.7mm"; VariantName = "[No Variations]"
Add component (AddParameter): Name = "Manufacturer_Name"; Value = "CUI Devices"; VariantName = "[No Variations]"
Add component (AddParameter): Name = "Manufacturer_Part_Number"; Value = "TS21-34-035-BK-160-SMT-TR"; VariantName = "[No Variations]"
Add component (AddParameter): Name = "Mouser Part Number"; Value = "179-134035BK160SMTTR"; VariantName = "[No Variations]"
Add component (AddParameter): Name = "Mouser Price/Stock"; Value = "https://www.mouser.co.uk/ProductDetail/CUI-Devices/TS21-34-035-BK-160-SMT-TR?qs=1Kr7Jg1SGW9zzGN58LP5Sg%3D%3D"; VariantName = "[No Variations]"
Added Component: Designator=S1_U4(TS2134035BK160SMTTR)
Add component (AddParameter): Name = "Arrow Part Number"; Value = ""; VariantName = "[No Variations]"
Add component (AddParameter): Name = "Arrow Price/Stock"; Value = ""; VariantName = "[No Variations]"
Add component (AddParameter): Name = "Datasheet Link"; Value = "https://www.cuidevices.com/product/resource/ts21.pdf"; VariantName = "[No Variations]"
Add component (AddParameter): Name = "Height"; Value = "1.7mm"; VariantName = "[No Variations]"
Add component (AddParameter): Name = "Manufacturer_Name"; Value = "CUI Devices"; VariantName = "[No Variations]"
Add component (AddParameter): Name = "Manufacturer_Part_Number"; Value = "TS21-34-035-BK-160-SMT-TR"; VariantName = "[No Variations]"
Add component (AddParameter): Name = "Mouser Part Number"; Value = "179-134035BK160SMTTR"; VariantName = "[No Variations]"
Add component (AddParameter): Name = "Mouser Price/Stock"; Value = "https://www.mouser.co.uk/ProductDetail/CUI-Devices/TS21-34-035-BK-160-SMT-TR?qs=1Kr7Jg1SGW9zzGN58LP5Sg%3D%3D"; VariantName = "[No Variations]"
Added Component: Designator=S1_U5(TS2134035BK160SMTTR)
Add component (AddParameter): Name = "Arrow Part Number"; Value = ""; VariantName = "[No Variations]"
Add component (AddParameter): Name = "Arrow Price/Stock"; Value = ""; VariantName = "[No Variations]"
Add component (AddParameter): Name = "Datasheet Link"; Value = "https://www.cuidevices.com/product/resource/ts21.pdf"; VariantName = "[No Variations]"
Add component (AddParameter): Name = "Height"; Value = "1.7mm"; VariantName = "[No Variations]"
Add component (AddParameter): Name = "Manufacturer_Name"; Value = "CUI Devices"; VariantName = "[No Variations]"
Add component (AddParameter): Name = "Manufacturer_Part_Number"; Value = "TS21-34-035-BK-160-SMT-TR"; VariantName = "[No Variations]"
Add component (AddParameter): Name = "Mouser Part Number"; Value = "179-134035BK160SMTTR"; VariantName = "[No Variations]"
Add component (AddParameter): Name = "Mouser Price/Stock"; Value = "https://www.mouser.co.uk/ProductDetail/CUI-Devices/TS21-34-035-BK-160-SMT-TR?qs=1Kr7Jg1SGW9zzGN58LP5Sg%3D%3D"; VariantName = "[No Variations]"
Added Pin To Net: NetName=GND_U1 Pin=S1_U1-3
Added Pin To Net: NetName=GND_U2 Pin=S1_U2-3
Added Pin To Net: NetName=GND_U3 Pin=S1_U3-3
Added Pin To Net: NetName=GND_U4 Pin=S1_U4-3
Added Pin To Net: NetName=GND_U5 Pin=S1_U5-3
Added Pin To Net: NetName=NetIC1_U1_10 Pin=IC1_U1-10
Added Pin To Net: NetName=NetIC1_U1_10 Pin=R1_U1-1
Added Pin To Net: NetName=NetIC1_U1_10 Pin=S1_U1-1
Added Net: Name=NetIC1_U1_10
Added Pin To Net: NetName=NetIC1_U2_10 Pin=IC1_U2-10
Added Pin To Net: NetName=NetIC1_U2_10 Pin=R1_U2-1
Added Pin To Net: NetName=NetIC1_U2_10 Pin=S1_U2-1
Added Net: Name=NetIC1_U2_10
Added Pin To Net: NetName=NetIC1_U3_10 Pin=IC1_U3-10
Added Pin To Net: NetName=NetIC1_U3_10 Pin=R1_U3-1
Added Pin To Net: NetName=NetIC1_U3_10 Pin=S1_U3-1
Added Net: Name=NetIC1_U3_10
Added Pin To Net: NetName=NetIC1_U4_10 Pin=IC1_U4-10
Added Pin To Net: NetName=NetIC1_U4_10 Pin=R1_U4-1
Added Pin To Net: NetName=NetIC1_U4_10 Pin=S1_U4-1
Added Net: Name=NetIC1_U4_10
Added Pin To Net: NetName=NetIC1_U5_10 Pin=IC1_U5-10
Added Pin To Net: NetName=NetIC1_U5_10 Pin=R1_U5-1
Added Pin To Net: NetName=NetIC1_U5_10 Pin=S1_U5-1
Added Net: Name=NetIC1_U5_10
Added Room: Name=Five cell modules
