Added Component: Designator=J1(7790)
Add component (AddParameter): Name = "Arrow Part Number"; Value = "7790"; VariantName = "[No Variations]"
Add component (AddParameter): Name = "Arrow Price/Stock"; Value = "https://www.arrow.com/en/products/7790/keystone-electronics?region=europe"; VariantName = "[No Variations]"
Add component (AddParameter): Name = "Datasheet Link"; Value = "https://www.digikey.co.uk/product-detail/en/keystone-electronics/7790/36-7790-ND/2171010"; VariantName = "[No Variations]"
Add component (AddParameter): Name = "Height"; Value = "7.9mm"; VariantName = "[No Variations]"
Add component (AddParameter): Name = "Manufacturer_Name"; Value = "Keystone Electronics"; VariantName = "[No Variations]"
Add component (AddParameter): Name = "Manufacturer_Part_Number"; Value = "7790"; VariantName = "[No Variations]"
Add component (AddParameter): Name = "Mouser Part Number"; Value = "534-7790"; VariantName = "[No Variations]"
Add component (AddParameter): Name = "Mouser Price/Stock"; Value = "https://www.mouser.co.uk/ProductDetail/Keystone-Electronics/7790?qs=zBlGwAMnvtdjBTIaaitQnQ%3D%3D"; VariantName = "[No Variations]"
Added Component: Designator=J2(7790)
Add component (AddParameter): Name = "Arrow Part Number"; Value = "7790"; VariantName = "[No Variations]"
Add component (AddParameter): Name = "Arrow Price/Stock"; Value = "https://www.arrow.com/en/products/7790/keystone-electronics?region=europe"; VariantName = "[No Variations]"
Add component (AddParameter): Name = "Datasheet Link"; Value = "https://www.digikey.co.uk/product-detail/en/keystone-electronics/7790/36-7790-ND/2171010"; VariantName = "[No Variations]"
Add component (AddParameter): Name = "Height"; Value = "7.9mm"; VariantName = "[No Variations]"
Add component (AddParameter): Name = "Manufacturer_Name"; Value = "Keystone Electronics"; VariantName = "[No Variations]"
Add component (AddParameter): Name = "Manufacturer_Part_Number"; Value = "7790"; VariantName = "[No Variations]"
Add component (AddParameter): Name = "Mouser Part Number"; Value = "534-7790"; VariantName = "[No Variations]"
Add component (AddParameter): Name = "Mouser Price/Stock"; Value = "https://www.mouser.co.uk/ProductDetail/Keystone-Electronics/7790?qs=zBlGwAMnvtdjBTIaaitQnQ%3D%3D"; VariantName = "[No Variations]"
Added Component: Designator=J3(7790)
Add component (AddParameter): Name = "Arrow Part Number"; Value = "7790"; VariantName = "[No Variations]"
Add component (AddParameter): Name = "Arrow Price/Stock"; Value = "https://www.arrow.com/en/products/7790/keystone-electronics?region=europe"; VariantName = "[No Variations]"
Add component (AddParameter): Name = "Datasheet Link"; Value = "https://www.digikey.co.uk/product-detail/en/keystone-electronics/7790/36-7790-ND/2171010"; VariantName = "[No Variations]"
Add component (AddParameter): Name = "Height"; Value = "7.9mm"; VariantName = "[No Variations]"
Add component (AddParameter): Name = "Manufacturer_Name"; Value = "Keystone Electronics"; VariantName = "[No Variations]"
Add component (AddParameter): Name = "Manufacturer_Part_Number"; Value = "7790"; VariantName = "[No Variations]"
Add component (AddParameter): Name = "Mouser Part Number"; Value = "534-7790"; VariantName = "[No Variations]"
Add component (AddParameter): Name = "Mouser Price/Stock"; Value = "https://www.mouser.co.uk/ProductDetail/Keystone-Electronics/7790?qs=zBlGwAMnvtdjBTIaaitQnQ%3D%3D"; VariantName = "[No Variations]"
Added Component: Designator=J4(7790)
Add component (AddParameter): Name = "Arrow Part Number"; Value = "7790"; VariantName = "[No Variations]"
Add component (AddParameter): Name = "Arrow Price/Stock"; Value = "https://www.arrow.com/en/products/7790/keystone-electronics?region=europe"; VariantName = "[No Variations]"
Add component (AddParameter): Name = "Datasheet Link"; Value = "https://www.digikey.co.uk/product-detail/en/keystone-electronics/7790/36-7790-ND/2171010"; VariantName = "[No Variations]"
Add component (AddParameter): Name = "Height"; Value = "7.9mm"; VariantName = "[No Variations]"
Add component (AddParameter): Name = "Manufacturer_Name"; Value = "Keystone Electronics"; VariantName = "[No Variations]"
Add component (AddParameter): Name = "Manufacturer_Part_Number"; Value = "7790"; VariantName = "[No Variations]"
Add component (AddParameter): Name = "Mouser Part Number"; Value = "534-7790"; VariantName = "[No Variations]"
Add component (AddParameter): Name = "Mouser Price/Stock"; Value = "https://www.mouser.co.uk/ProductDetail/Keystone-Electronics/7790?qs=zBlGwAMnvtdjBTIaaitQnQ%3D%3D"; VariantName = "[No Variations]"
Added Member To Class: ClassName=Five cell modules Member=Component J1 7790
Added Member To Class: ClassName=Five cell modules Member=Component J2 7790
Added Member To Class: ClassName=Five cell modules Member=Component J3 7790
Added Member To Class: ClassName=Five cell modules Member=Component J4 7790
Added Room: Name=Five cell modules
