Change Net Name : Old Net Name=PA3_U1 New Net Name=PA3 U1
Change Net Name : Old Net Name=PA3_U2 New Net Name=PA3 U2
Change Net Name : Old Net Name=Power 1_U1 New Net Name=Power 1 U1
Change Net Name : Old Net Name=Power 1_U2 New Net Name=Power 1 U2
Change Net Name : Old Net Name=Power 1_U3 New Net Name=Power 1 U3
Change Net Name : Old Net Name=Power 1_U4 New Net Name=Power 1 U4
Change Net Name : Old Net Name=Power 1_U5 New Net Name=Power 1 U5
Change Net Name : Old Net Name=Power 2_U1 New Net Name=Power 2 U1
Change Net Name : Old Net Name=Power 2_U2 New Net Name=Power 2 U2
Change Net Name : Old Net Name=Power 2_U3 New Net Name=Power 2 U3
Change Net Name : Old Net Name=Power 2_U4 New Net Name=Power 2 U4
Change Net Name : Old Net Name=Power 2_U5 New Net Name=Power 2 U5
Added Pin To Net: NetName=ENABLE U3 Pin=IC1_U3-13
Added Pin To Net: NetName=ENABLE U3 Pin=Thermal-8
Added Net: Name=ENABLE U3
Added Pin To Net: NetName=ENABLE U4 Pin=IC1_U4-13
Added Pin To Net: NetName=ENABLE U4 Pin=Thermal-9
Added Net: Name=ENABLE U4
Added Pin To Net: NetName=ENABLE U5 Pin=IC1_U5-13
Added Pin To Net: NetName=ENABLE U5 Pin=Thermal-10
Added Net: Name=ENABLE U5
Added Room: Name=Five cell modules
