Added Component: Designator=R21_U1(RES_ERJP06D1002V)
Add component (AddParameter): Name = "Availability"; Value = "Unavailable"; VariantName = "[No Variations]"
Add component (AddParameter): Name = "MF"; Value = ""; VariantName = "[No Variations]"
Add component (AddParameter): Name = "MP"; Value = "ERJP06D1002V"; VariantName = "[No Variations]"
Add component (AddParameter): Name = "Package"; Value = "None"; VariantName = "[No Variations]"
Add component (AddParameter): Name = "Price"; Value = "None"; VariantName = "[No Variations]"
Add component (AddParameter): Name = "Value"; Value = ""; VariantName = "[No Variations]"
Added Component: Designator=R21_U2(RES_ERJP06D1002V)
Add component (AddParameter): Name = "Availability"; Value = "Unavailable"; VariantName = "[No Variations]"
Add component (AddParameter): Name = "MF"; Value = ""; VariantName = "[No Variations]"
Add component (AddParameter): Name = "MP"; Value = "ERJP06D1002V"; VariantName = "[No Variations]"
Add component (AddParameter): Name = "Package"; Value = "None"; VariantName = "[No Variations]"
Add component (AddParameter): Name = "Price"; Value = "None"; VariantName = "[No Variations]"
Add component (AddParameter): Name = "Value"; Value = ""; VariantName = "[No Variations]"
Added Component: Designator=R21_U3(RES_ERJP06D1002V)
Add component (AddParameter): Name = "Availability"; Value = "Unavailable"; VariantName = "[No Variations]"
Add component (AddParameter): Name = "MF"; Value = ""; VariantName = "[No Variations]"
Add component (AddParameter): Name = "MP"; Value = "ERJP06D1002V"; VariantName = "[No Variations]"
Add component (AddParameter): Name = "Package"; Value = "None"; VariantName = "[No Variations]"
Add component (AddParameter): Name = "Price"; Value = "None"; VariantName = "[No Variations]"
Add component (AddParameter): Name = "Value"; Value = ""; VariantName = "[No Variations]"
Added Component: Designator=R21_U4(RES_ERJP06D1002V)
Add component (AddParameter): Name = "Availability"; Value = "Unavailable"; VariantName = "[No Variations]"
Add component (AddParameter): Name = "MF"; Value = ""; VariantName = "[No Variations]"
Add component (AddParameter): Name = "MP"; Value = "ERJP06D1002V"; VariantName = "[No Variations]"
Add component (AddParameter): Name = "Package"; Value = "None"; VariantName = "[No Variations]"
Add component (AddParameter): Name = "Price"; Value = "None"; VariantName = "[No Variations]"
Add component (AddParameter): Name = "Value"; Value = ""; VariantName = "[No Variations]"
Added Component: Designator=R21_U5(RES_ERJP06D1002V)
Add component (AddParameter): Name = "Availability"; Value = "Unavailable"; VariantName = "[No Variations]"
Add component (AddParameter): Name = "MF"; Value = ""; VariantName = "[No Variations]"
Add component (AddParameter): Name = "MP"; Value = "ERJP06D1002V"; VariantName = "[No Variations]"
Add component (AddParameter): Name = "Package"; Value = "None"; VariantName = "[No Variations]"
Add component (AddParameter): Name = "Price"; Value = "None"; VariantName = "[No Variations]"
Add component (AddParameter): Name = "Value"; Value = ""; VariantName = "[No Variations]"
Added Pin To Net: NetName=Power 1 U1 Pin=R21_U1-1
Added Pin To Net: NetName=Power 1 U2 Pin=R21_U2-1
Added Pin To Net: NetName=Power 1 U3 Pin=R21_U3-1
Added Pin To Net: NetName=ENABLE U3 Pin=R21_U3-2
Added Pin To Net: NetName=Power 1 U4 Pin=R21_U4-1
Added Pin To Net: NetName=ENABLE U4 Pin=R21_U4-2
Added Pin To Net: NetName=Power 1 U5 Pin=R21_U5-1
Added Pin To Net: NetName=ENABLE U5 Pin=R21_U5-2
Added Pin To Net: NetName=PA3_U1 Pin=IC1_U1-13
Added Pin To Net: NetName=PA3_U1 Pin=R21_U1-2
Added Pin To Net: NetName=PA3_U1 Pin=Thermal-1
Added Net: Name=PA3_U1
Added Pin To Net: NetName=PA3_U2 Pin=IC1_U2-13
Added Pin To Net: NetName=PA3_U2 Pin=R21_U2-2
Added Pin To Net: NetName=PA3_U2 Pin=Thermal-2
Added Net: Name=PA3_U2
Added Room: Name=Five cell modules
