Added Component: Designator=IC?(SOP50P490X110-10N)
Add component (AddParameter): Name = "Arrow Part Number"; Value = ""; VariantName = "[No Variations]"
Add component (AddParameter): Name = "Arrow Price/Stock"; Value = ""; VariantName = "[No Variations]"
Add component (AddParameter): Name = "Datasheet Link"; Value = "https://www.ti.com/lit/ds/symlink/ina229.pdf?ts=1623484017616&ref_url=https%253A%252F%252Fwww.google.com%252F"; VariantName = "[No Variations]"
Add component (AddParameter): Name = "Height"; Value = "1.1mm"; VariantName = "[No Variations]"
Add component (AddParameter): Name = "Manufacturer_Name"; Value = "Texas Instruments"; VariantName = "[No Variations]"
Add component (AddParameter): Name = "Manufacturer_Part_Number"; Value = "INA229AIDGST"; VariantName = "[No Variations]"
Add component (AddParameter): Name = "Mouser Part Number"; Value = "595-INA229AIDGST"; VariantName = "[No Variations]"
Add component (AddParameter): Name = "Mouser Price/Stock"; Value = "https://www.mouser.co.uk/ProductDetail/Texas-Instruments/INA229AIDGST?qs=eP2BKZSCXI5pgVbVXaUSbg%3D%3D"; VariantName = "[No Variations]"
Added Pin To Net: NetName=IO33 Pin=IC?-1
Added Pin To Net: NetName=VSPI_MOSI Pin=IC?-2
Added Pin To Net: NetName=IO35_INPUT Pin=IC?-3
Added Pin To Net: NetName=VSPI_MISO Pin=IC?-4
Added Pin To Net: NetName=VSPI_CLK Pin=IC?-5
Added Pin To Net: NetName=3.3V Pin=IC?-6
Added Pin To Net: NetName=DISPLAY_CS Pin=IC?-7
Added Pin To Net: NetName=VBUS Pin=IC?-8
Added Pin To Net: NetName=NetC11_1 Pin=IC?-9
Added Pin To Net: NetName=NetC11_2 Pin=IC?-10
Added Member To Class: ClassName=Sheet1 Member=Component IC? INA229AIDGST
Added Member To Class: ClassName=Sheet1 Member=Component K1 SRD-05VDC-SL-C
Added Member To Class: ClassName=Sheet1 Member=Component P1 B3B-PH-K-S(LF)(SN)
