Added Component: Designator=C1_U_Single cell module 1(CAPC2012X70)
Add component (AddParameter): Name = "Availability"; Value = "Unavailable"; VariantName = "[No Variations]"
Add component (AddParameter): Name = "MF"; Value = "Yageo"; VariantName = "[No Variations]"
Add component (AddParameter): Name = "MP"; Value = "CC0805KRX7R9BB104"; VariantName = "[No Variations]"
Add component (AddParameter): Name = "Package"; Value = "0805 Yageo"; VariantName = "[No Variations]"
Add component (AddParameter): Name = "Price"; Value = "None"; VariantName = "[No Variations]"
Add component (AddParameter): Name = "SnapEDA_Link"; Value = "https://www.snapeda.com/parts/CC0805KRX7R9BB104/Yageo/view-part/105548/?ref=snap"; VariantName = "[No Variations]"
Add component (AddParameter): Name = "Value"; Value = ""; VariantName = "[No Variations]"
Added Component: Designator=C1_U_Single cell module 2(CAPC2012X70)
Add component (AddParameter): Name = "Availability"; Value = "Unavailable"; VariantName = "[No Variations]"
Add component (AddParameter): Name = "MF"; Value = "Yageo"; VariantName = "[No Variations]"
Add component (AddParameter): Name = "MP"; Value = "CC0805KRX7R9BB104"; VariantName = "[No Variations]"
Add component (AddParameter): Name = "Package"; Value = "0805 Yageo"; VariantName = "[No Variations]"
Add component (AddParameter): Name = "Price"; Value = "None"; VariantName = "[No Variations]"
Add component (AddParameter): Name = "SnapEDA_Link"; Value = "https://www.snapeda.com/parts/CC0805KRX7R9BB104/Yageo/view-part/105548/?ref=snap"; VariantName = "[No Variations]"
Add component (AddParameter): Name = "Value"; Value = ""; VariantName = "[No Variations]"
Added Component: Designator=C2_U_Single cell module 1(CAPC2012X135N)
Add component (AddParameter): Name = "Check_prices"; Value = "https://www.snapeda.com/parts/CL21A106KAYNNNE/Samsung/view-part/3598482/?ref=eda"; VariantName = "[No Variations]"
Add component (AddParameter): Name = "Digi-Key_Part_Number"; Value = "1276-2891-1-ND"; VariantName = "[No Variations]"
Add component (AddParameter): Name = "MF"; Value = "Samsung"; VariantName = "[No Variations]"
Add component (AddParameter): Name = "MP"; Value = "CL21A106KAYNNNE"; VariantName = "[No Variations]"
Add component (AddParameter): Name = "Package"; Value = "0805 Samsung"; VariantName = "[No Variations]"
Add component (AddParameter): Name = "SnapEDA_Link"; Value = "https://www.snapeda.com/parts/CL21A106KAYNNNE/Samsung/view-part/3598482/?ref=snap"; VariantName = "[No Variations]"
Add component (AddParameter): Name = "Value"; Value = ""; VariantName = "[No Variations]"
Added Component: Designator=C2_U_Single cell module 2(CAPC2012X135N)
Add component (AddParameter): Name = "Check_prices"; Value = "https://www.snapeda.com/parts/CL21A106KAYNNNE/Samsung/view-part/3598482/?ref=eda"; VariantName = "[No Variations]"
Add component (AddParameter): Name = "Digi-Key_Part_Number"; Value = "1276-2891-1-ND"; VariantName = "[No Variations]"
Add component (AddParameter): Name = "MF"; Value = "Samsung"; VariantName = "[No Variations]"
Add component (AddParameter): Name = "MP"; Value = "CL21A106KAYNNNE"; VariantName = "[No Variations]"
Add component (AddParameter): Name = "Package"; Value = "0805 Samsung"; VariantName = "[No Variations]"
Add component (AddParameter): Name = "SnapEDA_Link"; Value = "https://www.snapeda.com/parts/CL21A106KAYNNNE/Samsung/view-part/3598482/?ref=snap"; VariantName = "[No Variations]"
Add component (AddParameter): Name = "Value"; Value = ""; VariantName = "[No Variations]"
Added Component: Designator=D1_U_Single cell module 1(SOT-23_DIO)
Add component (AddParameter): Name = "Mfr_Name"; Value = "Diodes Inc"; VariantName = "[No Variations]"
Add component (AddParameter): Name = "RefDes"; Value = "RefDes"; VariantName = "[No Variations]"
Add component (AddParameter): Name = "Type"; Value = "Type"; VariantName = "[No Variations]"
Added Component: Designator=D1_U_Single cell module 2(SOT-23_DIO)
Add component (AddParameter): Name = "Mfr_Name"; Value = "Diodes Inc"; VariantName = "[No Variations]"
Add component (AddParameter): Name = "RefDes"; Value = "RefDes"; VariantName = "[No Variations]"
Add component (AddParameter): Name = "Type"; Value = "Type"; VariantName = "[No Variations]"
Added Component: Designator=D2_U_Single cell module 1(DIOM5436X265N)
Add component (AddParameter): Name = "Arrow Part Number"; Value = "SM6T6V8A"; VariantName = "[No Variations]"
Add component (AddParameter): Name = "Arrow Price/Stock"; Value = "https://www.arrow.com/en/products/sm6t6v8a/stmicroelectronics?region=nac"; VariantName = "[No Variations]"
Add component (AddParameter): Name = "Datasheet Link"; Value = "https://www.st.com/resource/en/datasheet/sm6t100a.pdf"; VariantName = "[No Variations]"
Add component (AddParameter): Name = "Height"; Value = "2.65mm"; VariantName = "[No Variations]"
Add component (AddParameter): Name = "Manufacturer_Name"; Value = "STMicroelectronics"; VariantName = "[No Variations]"
Add component (AddParameter): Name = "Manufacturer_Part_Number"; Value = "SM6T6V8A"; VariantName = "[No Variations]"
Add component (AddParameter): Name = "Mouser Part Number"; Value = "511-SM6T6V8A"; VariantName = "[No Variations]"
Add component (AddParameter): Name = "Mouser Price/Stock"; Value = "https://www.mouser.co.uk/ProductDetail/STMicroelectronics/SM6T6V8A?qs=gFQxgRPje42DFJYRsrsouA%3D%3D"; VariantName = "[No Variations]"
Added Component: Designator=D2_U_Single cell module 2(DIOM5436X265N)
Add component (AddParameter): Name = "Arrow Part Number"; Value = "SM6T6V8A"; VariantName = "[No Variations]"
Add component (AddParameter): Name = "Arrow Price/Stock"; Value = "https://www.arrow.com/en/products/sm6t6v8a/stmicroelectronics?region=nac"; VariantName = "[No Variations]"
Add component (AddParameter): Name = "Datasheet Link"; Value = "https://www.st.com/resource/en/datasheet/sm6t100a.pdf"; VariantName = "[No Variations]"
Add component (AddParameter): Name = "Height"; Value = "2.65mm"; VariantName = "[No Variations]"
Add component (AddParameter): Name = "Manufacturer_Name"; Value = "STMicroelectronics"; VariantName = "[No Variations]"
Add component (AddParameter): Name = "Manufacturer_Part_Number"; Value = "SM6T6V8A"; VariantName = "[No Variations]"
Add component (AddParameter): Name = "Mouser Part Number"; Value = "511-SM6T6V8A"; VariantName = "[No Variations]"
Add component (AddParameter): Name = "Mouser Price/Stock"; Value = "https://www.mouser.co.uk/ProductDetail/STMicroelectronics/SM6T6V8A?qs=gFQxgRPje42DFJYRsrsouA%3D%3D"; VariantName = "[No Variations]"
Added Component: Designator=D3_U_Single cell module 1(LEDC1608X50N)
Add component (AddParameter): Name = "Arrow Part Number"; Value = "19-217/GHC-YR1S2/3T"; VariantName = "[No Variations]"
Add component (AddParameter): Name = "Arrow Price/Stock"; Value = "https://www.arrow.com/en/products/19-217ghc-yr1s23t/everlight-electronics"; VariantName = "[No Variations]"
Add component (AddParameter): Name = "Datasheet Link"; Value = "https://www.mouser.co.uk/datasheet/2/143/19-217-GHC-YR1S2-3T-1663276.pdf"; VariantName = "[No Variations]"
Add component (AddParameter): Name = "Height"; Value = "0.5mm"; VariantName = "[No Variations]"
Add component (AddParameter): Name = "Manufacturer_Name"; Value = "Everlight"; VariantName = "[No Variations]"
Add component (AddParameter): Name = "Manufacturer_Part_Number"; Value = "19-217/GHC-YR1S2/3T"; VariantName = "[No Variations]"
Add component (AddParameter): Name = "Mouser Part Number"; Value = "638-19217GHCYR1S23T"; VariantName = "[No Variations]"
Add component (AddParameter): Name = "Mouser Price/Stock"; Value = "https://www.mouser.co.uk/ProductDetail/Everlight/19-217-GHC-YR1S2-3T?qs=8cKuZ6Ok2lZjmFTUzVFjDg%3D%3D"; VariantName = "[No Variations]"
Added Component: Designator=D3_U_Single cell module 2(LEDC1608X50N)
Add component (AddParameter): Name = "Arrow Part Number"; Value = "19-217/GHC-YR1S2/3T"; VariantName = "[No Variations]"
Add component (AddParameter): Name = "Arrow Price/Stock"; Value = "https://www.arrow.com/en/products/19-217ghc-yr1s23t/everlight-electronics"; VariantName = "[No Variations]"
Add component (AddParameter): Name = "Datasheet Link"; Value = "https://www.mouser.co.uk/datasheet/2/143/19-217-GHC-YR1S2-3T-1663276.pdf"; VariantName = "[No Variations]"
Add component (AddParameter): Name = "Height"; Value = "0.5mm"; VariantName = "[No Variations]"
Add component (AddParameter): Name = "Manufacturer_Name"; Value = "Everlight"; VariantName = "[No Variations]"
Add component (AddParameter): Name = "Manufacturer_Part_Number"; Value = "19-217/GHC-YR1S2/3T"; VariantName = "[No Variations]"
Add component (AddParameter): Name = "Mouser Part Number"; Value = "638-19217GHCYR1S23T"; VariantName = "[No Variations]"
Add component (AddParameter): Name = "Mouser Price/Stock"; Value = "https://www.mouser.co.uk/ProductDetail/Everlight/19-217-GHC-YR1S2-3T?qs=8cKuZ6Ok2lZjmFTUzVFjDg%3D%3D"; VariantName = "[No Variations]"
Added Component: Designator=D4_U_Single cell module 1(LEDC1608X50N)
Add component (AddParameter): Name = "Arrow Part Number"; Value = "19-217/GHC-YR1S2/3T"; VariantName = "[No Variations]"
Add component (AddParameter): Name = "Arrow Price/Stock"; Value = "https://www.arrow.com/en/products/19-217ghc-yr1s23t/everlight-electronics"; VariantName = "[No Variations]"
Add component (AddParameter): Name = "Datasheet Link"; Value = "https://www.mouser.co.uk/datasheet/2/143/19-217-GHC-YR1S2-3T-1663276.pdf"; VariantName = "[No Variations]"
Add component (AddParameter): Name = "Height"; Value = "0.5mm"; VariantName = "[No Variations]"
Add component (AddParameter): Name = "Manufacturer_Name"; Value = "Everlight"; VariantName = "[No Variations]"
Add component (AddParameter): Name = "Manufacturer_Part_Number"; Value = "19-217/GHC-YR1S2/3T"; VariantName = "[No Variations]"
Add component (AddParameter): Name = "Mouser Part Number"; Value = "638-19217GHCYR1S23T"; VariantName = "[No Variations]"
Add component (AddParameter): Name = "Mouser Price/Stock"; Value = "https://www.mouser.co.uk/ProductDetail/Everlight/19-217-GHC-YR1S2-3T?qs=8cKuZ6Ok2lZjmFTUzVFjDg%3D%3D"; VariantName = "[No Variations]"
Added Component: Designator=D4_U_Single cell module 2(LEDC1608X50N)
Add component (AddParameter): Name = "Arrow Part Number"; Value = "19-217/GHC-YR1S2/3T"; VariantName = "[No Variations]"
Add component (AddParameter): Name = "Arrow Price/Stock"; Value = "https://www.arrow.com/en/products/19-217ghc-yr1s23t/everlight-electronics"; VariantName = "[No Variations]"
Add component (AddParameter): Name = "Datasheet Link"; Value = "https://www.mouser.co.uk/datasheet/2/143/19-217-GHC-YR1S2-3T-1663276.pdf"; VariantName = "[No Variations]"
Add component (AddParameter): Name = "Height"; Value = "0.5mm"; VariantName = "[No Variations]"
Add component (AddParameter): Name = "Manufacturer_Name"; Value = "Everlight"; VariantName = "[No Variations]"
Add component (AddParameter): Name = "Manufacturer_Part_Number"; Value = "19-217/GHC-YR1S2/3T"; VariantName = "[No Variations]"
Add component (AddParameter): Name = "Mouser Part Number"; Value = "638-19217GHCYR1S23T"; VariantName = "[No Variations]"
Add component (AddParameter): Name = "Mouser Price/Stock"; Value = "https://www.mouser.co.uk/ProductDetail/Everlight/19-217-GHC-YR1S2-3T?qs=8cKuZ6Ok2lZjmFTUzVFjDg%3D%3D"; VariantName = "[No Variations]"
Added Component: Designator=EXTTEMP1_U_Single cell module 1(JST_B2B-XH-A(LF)(SN))
Add component (AddParameter): Name = "Check_prices"; Value = "https://www.snapeda.com/parts/B2B-XH-A(LF)(SN)/JST+Sales+America+Inc./view-part/?ref=eda"; VariantName = "[No Variations]"
Add component (AddParameter): Name = "MF"; Value = "JST Sales America Inc."; VariantName = "[No Variations]"
Add component (AddParameter): Name = "MP"; Value = "B2B-XH-A(LF)(SN)"; VariantName = "[No Variations]"
Add component (AddParameter): Name = "Package"; Value = "None"; VariantName = "[No Variations]"
Add component (AddParameter): Name = "SnapEDA_Link"; Value = "https://www.snapeda.com/parts/B2B-XH-A(LF)(SN)/JST+Sales+America+Inc./view-part/?ref=snap"; VariantName = "[No Variations]"
Add component (AddParameter): Name = "Value"; Value = ""; VariantName = "[No Variations]"
Added Component: Designator=EXTTEMP1_U_Single cell module 2(JST_B2B-XH-A(LF)(SN))
Add component (AddParameter): Name = "Check_prices"; Value = "https://www.snapeda.com/parts/B2B-XH-A(LF)(SN)/JST+Sales+America+Inc./view-part/?ref=eda"; VariantName = "[No Variations]"
Add component (AddParameter): Name = "MF"; Value = "JST Sales America Inc."; VariantName = "[No Variations]"
Add component (AddParameter): Name = "MP"; Value = "B2B-XH-A(LF)(SN)"; VariantName = "[No Variations]"
Add component (AddParameter): Name = "Package"; Value = "None"; VariantName = "[No Variations]"
Add component (AddParameter): Name = "SnapEDA_Link"; Value = "https://www.snapeda.com/parts/B2B-XH-A(LF)(SN)/JST+Sales+America+Inc./view-part/?ref=snap"; VariantName = "[No Variations]"
Add component (AddParameter): Name = "Value"; Value = ""; VariantName = "[No Variations]"
Added Component: Designator=F1_U_Single cell module 1(FUSC4632X85N)
Add component (AddParameter): Name = "Arrow Part Number"; Value = "MF-MSMF150-2"; VariantName = "[No Variations]"
Add component (AddParameter): Name = "Arrow Price/Stock"; Value = "https://www.arrow.com/en/products/mf-msmf150-2/bourns?region=nac"; VariantName = "[No Variations]"
Add component (AddParameter): Name = "Datasheet Link"; Value = "https://componentsearchengine.com/Datasheets/2/MF-MSMF150-2.pdf"; VariantName = "[No Variations]"
Add component (AddParameter): Name = "Height"; Value = "0.85mm"; VariantName = "[No Variations]"
Add component (AddParameter): Name = "Manufacturer_Name"; Value = "Bourns"; VariantName = "[No Variations]"
Add component (AddParameter): Name = "Manufacturer_Part_Number"; Value = "MF-MSMF150-2"; VariantName = "[No Variations]"
Add component (AddParameter): Name = "Mouser Part Number"; Value = "652-MF-MSMF150-2"; VariantName = "[No Variations]"
Add component (AddParameter): Name = "Mouser Price/Stock"; Value = "https://www.mouser.co.uk/ProductDetail/Bourns/MF-MSMF150-2?qs=VJkZAnU6DY2RTCSZT8Bxqg%3D%3D"; VariantName = "[No Variations]"
Added Component: Designator=F1_U_Single cell module 2(FUSC4632X85N)
Add component (AddParameter): Name = "Arrow Part Number"; Value = "MF-MSMF150-2"; VariantName = "[No Variations]"
Add component (AddParameter): Name = "Arrow Price/Stock"; Value = "https://www.arrow.com/en/products/mf-msmf150-2/bourns?region=nac"; VariantName = "[No Variations]"
Add component (AddParameter): Name = "Datasheet Link"; Value = "https://componentsearchengine.com/Datasheets/2/MF-MSMF150-2.pdf"; VariantName = "[No Variations]"
Add component (AddParameter): Name = "Height"; Value = "0.85mm"; VariantName = "[No Variations]"
Add component (AddParameter): Name = "Manufacturer_Name"; Value = "Bourns"; VariantName = "[No Variations]"
Add component (AddParameter): Name = "Manufacturer_Part_Number"; Value = "MF-MSMF150-2"; VariantName = "[No Variations]"
Add component (AddParameter): Name = "Mouser Part Number"; Value = "652-MF-MSMF150-2"; VariantName = "[No Variations]"
Add component (AddParameter): Name = "Mouser Price/Stock"; Value = "https://www.mouser.co.uk/ProductDetail/Bourns/MF-MSMF150-2?qs=VJkZAnU6DY2RTCSZT8Bxqg%3D%3D"; VariantName = "[No Variations]"
Added Component: Designator=IC1_U_Single cell module 1(SOIC127P600X175-14N)
Add component (AddParameter): Name = "Arrow Part Number"; Value = "ATTINY1624-SSU"; VariantName = "[No Variations]"
Add component (AddParameter): Name = "Arrow Price/Stock"; Value = "https://www.arrow.com/en/products/attiny1624-ssu/microchip-technology?region=nac"; VariantName = "[No Variations]"
Add component (AddParameter): Name = "Datasheet Link"; Value = "https://ww1.microchip.com/downloads/en/DeviceDoc/ATtiny1624-26-27-DataSheet-DS40002234A.pdf"; VariantName = "[No Variations]"
Add component (AddParameter): Name = "Height"; Value = "1.75mm"; VariantName = "[No Variations]"
Add component (AddParameter): Name = "Manufacturer_Name"; Value = "Microchip"; VariantName = "[No Variations]"
Add component (AddParameter): Name = "Manufacturer_Part_Number"; Value = "ATTINY1624-SSU"; VariantName = "[No Variations]"
Add component (AddParameter): Name = "Mouser Part Number"; Value = "556-ATTINY1624-SSU"; VariantName = "[No Variations]"
Add component (AddParameter): Name = "Mouser Price/Stock"; Value = "https://www.mouser.co.uk/ProductDetail/Microchip-Technology/ATTINY1624-SSU?qs=vmHwEFxEFR%2FHKYGUmUC%2Fzw%3D%3D"; VariantName = "[No Variations]"
Added Component: Designator=IC1_U_Single cell module 2(SOIC127P600X175-14N)
Add component (AddParameter): Name = "Arrow Part Number"; Value = "ATTINY1624-SSU"; VariantName = "[No Variations]"
Add component (AddParameter): Name = "Arrow Price/Stock"; Value = "https://www.arrow.com/en/products/attiny1624-ssu/microchip-technology?region=nac"; VariantName = "[No Variations]"
Add component (AddParameter): Name = "Datasheet Link"; Value = "https://ww1.microchip.com/downloads/en/DeviceDoc/ATtiny1624-26-27-DataSheet-DS40002234A.pdf"; VariantName = "[No Variations]"
Add component (AddParameter): Name = "Height"; Value = "1.75mm"; VariantName = "[No Variations]"
Add component (AddParameter): Name = "Manufacturer_Name"; Value = "Microchip"; VariantName = "[No Variations]"
Add component (AddParameter): Name = "Manufacturer_Part_Number"; Value = "ATTINY1624-SSU"; VariantName = "[No Variations]"
Add component (AddParameter): Name = "Mouser Part Number"; Value = "556-ATTINY1624-SSU"; VariantName = "[No Variations]"
Add component (AddParameter): Name = "Mouser Price/Stock"; Value = "https://www.mouser.co.uk/ProductDetail/Microchip-Technology/ATTINY1624-SSU?qs=vmHwEFxEFR%2FHKYGUmUC%2Fzw%3D%3D"; VariantName = "[No Variations]"
Added Component: Designator=J1_U_Single cell module 1(JST_B2B-XH-A(LF)(SN))
Add component (AddParameter): Name = "Check_prices"; Value = "https://www.snapeda.com/parts/B2B-XH-A(LF)(SN)/JST+Sales+America+Inc./view-part/?ref=eda"; VariantName = "[No Variations]"
Add component (AddParameter): Name = "MF"; Value = "JST Sales America Inc."; VariantName = "[No Variations]"
Add component (AddParameter): Name = "MP"; Value = "B2B-XH-A(LF)(SN)"; VariantName = "[No Variations]"
Add component (AddParameter): Name = "Package"; Value = "None"; VariantName = "[No Variations]"
Add component (AddParameter): Name = "SnapEDA_Link"; Value = "https://www.snapeda.com/parts/B2B-XH-A(LF)(SN)/JST+Sales+America+Inc./view-part/?ref=snap"; VariantName = "[No Variations]"
Add component (AddParameter): Name = "Value"; Value = ""; VariantName = "[No Variations]"
Added Component: Designator=J1_U_Single cell module 2(JST_B2B-XH-A(LF)(SN))
Add component (AddParameter): Name = "Check_prices"; Value = "https://www.snapeda.com/parts/B2B-XH-A(LF)(SN)/JST+Sales+America+Inc./view-part/?ref=eda"; VariantName = "[No Variations]"
Add component (AddParameter): Name = "MF"; Value = "JST Sales America Inc."; VariantName = "[No Variations]"
Add component (AddParameter): Name = "MP"; Value = "B2B-XH-A(LF)(SN)"; VariantName = "[No Variations]"
Add component (AddParameter): Name = "Package"; Value = "None"; VariantName = "[No Variations]"
Add component (AddParameter): Name = "SnapEDA_Link"; Value = "https://www.snapeda.com/parts/B2B-XH-A(LF)(SN)/JST+Sales+America+Inc./view-part/?ref=snap"; VariantName = "[No Variations]"
Add component (AddParameter): Name = "Value"; Value = ""; VariantName = "[No Variations]"
Added Component: Designator=POWER1_U_Single cell module 1(JST_B2B-XH-A(LF)(SN))
Add component (AddParameter): Name = "Check_prices"; Value = "https://www.snapeda.com/parts/B2B-XH-A(LF)(SN)/JST+Sales+America+Inc./view-part/?ref=eda"; VariantName = "[No Variations]"
Add component (AddParameter): Name = "MF"; Value = "JST Sales America Inc."; VariantName = "[No Variations]"
Add component (AddParameter): Name = "MP"; Value = "B2B-XH-A(LF)(SN)"; VariantName = "[No Variations]"
Add component (AddParameter): Name = "Package"; Value = "None"; VariantName = "[No Variations]"
Add component (AddParameter): Name = "SnapEDA_Link"; Value = "https://www.snapeda.com/parts/B2B-XH-A(LF)(SN)/JST+Sales+America+Inc./view-part/?ref=snap"; VariantName = "[No Variations]"
Add component (AddParameter): Name = "Value"; Value = ""; VariantName = "[No Variations]"
Added Component: Designator=POWER1_U_Single cell module 2(JST_B2B-XH-A(LF)(SN))
Add component (AddParameter): Name = "Check_prices"; Value = "https://www.snapeda.com/parts/B2B-XH-A(LF)(SN)/JST+Sales+America+Inc./view-part/?ref=eda"; VariantName = "[No Variations]"
Add component (AddParameter): Name = "MF"; Value = "JST Sales America Inc."; VariantName = "[No Variations]"
Add component (AddParameter): Name = "MP"; Value = "B2B-XH-A(LF)(SN)"; VariantName = "[No Variations]"
Add component (AddParameter): Name = "Package"; Value = "None"; VariantName = "[No Variations]"
Add component (AddParameter): Name = "SnapEDA_Link"; Value = "https://www.snapeda.com/parts/B2B-XH-A(LF)(SN)/JST+Sales+America+Inc./view-part/?ref=snap"; VariantName = "[No Variations]"
Add component (AddParameter): Name = "Value"; Value = ""; VariantName = "[No Variations]"
Added Component: Designator=POWER2_U_Single cell module 1(JST_B2B-XH-A(LF)(SN))
Add component (AddParameter): Name = "Check_prices"; Value = "https://www.snapeda.com/parts/B2B-XH-A(LF)(SN)/JST+Sales+America+Inc./view-part/?ref=eda"; VariantName = "[No Variations]"
Add component (AddParameter): Name = "MF"; Value = "JST Sales America Inc."; VariantName = "[No Variations]"
Add component (AddParameter): Name = "MP"; Value = "B2B-XH-A(LF)(SN)"; VariantName = "[No Variations]"
Add component (AddParameter): Name = "Package"; Value = "None"; VariantName = "[No Variations]"
Add component (AddParameter): Name = "SnapEDA_Link"; Value = "https://www.snapeda.com/parts/B2B-XH-A(LF)(SN)/JST+Sales+America+Inc./view-part/?ref=snap"; VariantName = "[No Variations]"
Add component (AddParameter): Name = "Value"; Value = ""; VariantName = "[No Variations]"
Added Component: Designator=POWER2_U_Single cell module 2(JST_B2B-XH-A(LF)(SN))
Add component (AddParameter): Name = "Check_prices"; Value = "https://www.snapeda.com/parts/B2B-XH-A(LF)(SN)/JST+Sales+America+Inc./view-part/?ref=eda"; VariantName = "[No Variations]"
Add component (AddParameter): Name = "MF"; Value = "JST Sales America Inc."; VariantName = "[No Variations]"
Add component (AddParameter): Name = "MP"; Value = "B2B-XH-A(LF)(SN)"; VariantName = "[No Variations]"
Add component (AddParameter): Name = "Package"; Value = "None"; VariantName = "[No Variations]"
Add component (AddParameter): Name = "SnapEDA_Link"; Value = "https://www.snapeda.com/parts/B2B-XH-A(LF)(SN)/JST+Sales+America+Inc./view-part/?ref=snap"; VariantName = "[No Variations]"
Add component (AddParameter): Name = "Value"; Value = ""; VariantName = "[No Variations]"
Added Component: Designator=Q1_U_Single cell module 1(SOT-23-3L_AOS)
Add component (AddParameter): Name = "Mfr_Name"; Value = "Alpha and Omega Semiconductor"; VariantName = "[No Variations]"
Add component (AddParameter): Name = "RefDes"; Value = "RefDes"; VariantName = "[No Variations]"
Add component (AddParameter): Name = "Type"; Value = "Type"; VariantName = "[No Variations]"
Added Component: Designator=Q1_U_Single cell module 2(SOT-23-3L_AOS)
Add component (AddParameter): Name = "Mfr_Name"; Value = "Alpha and Omega Semiconductor"; VariantName = "[No Variations]"
Add component (AddParameter): Name = "RefDes"; Value = "RefDes"; VariantName = "[No Variations]"
Add component (AddParameter): Name = "Type"; Value = "Type"; VariantName = "[No Variations]"
Added Component: Designator=R1_U_Single cell module 1(RES_ERA6ARW104V)
Add component (AddParameter): Name = "Availability"; Value = "Unavailable"; VariantName = "[No Variations]"
Add component (AddParameter): Name = "MF"; Value = ""; VariantName = "[No Variations]"
Add component (AddParameter): Name = "MP"; Value = "ERA6ARW104V"; VariantName = "[No Variations]"
Add component (AddParameter): Name = "Package"; Value = "None"; VariantName = "[No Variations]"
Add component (AddParameter): Name = "Price"; Value = "None"; VariantName = "[No Variations]"
Add component (AddParameter): Name = "Value"; Value = ""; VariantName = "[No Variations]"
Added Component: Designator=R1_U_Single cell module 2(RES_ERA6ARW104V)
Add component (AddParameter): Name = "Availability"; Value = "Unavailable"; VariantName = "[No Variations]"
Add component (AddParameter): Name = "MF"; Value = ""; VariantName = "[No Variations]"
Add component (AddParameter): Name = "MP"; Value = "ERA6ARW104V"; VariantName = "[No Variations]"
Add component (AddParameter): Name = "Package"; Value = "None"; VariantName = "[No Variations]"
Add component (AddParameter): Name = "Price"; Value = "None"; VariantName = "[No Variations]"
Add component (AddParameter): Name = "Value"; Value = ""; VariantName = "[No Variations]"
Added Component: Designator=R2_U_Single cell module 1(RES_8F1001T5E_UNR)
Add component (AddParameter): Name = "Mfr_Name"; Value = "Uniroyal"; VariantName = "[No Variations]"
Add component (AddParameter): Name = "RefDes"; Value = ""; VariantName = "[No Variations]"
Add component (AddParameter): Name = "Type"; Value = ""; VariantName = "[No Variations]"
Added Component: Designator=R2_U_Single cell module 2(RES_8F1001T5E_UNR)
Add component (AddParameter): Name = "Mfr_Name"; Value = "Uniroyal"; VariantName = "[No Variations]"
Add component (AddParameter): Name = "RefDes"; Value = ""; VariantName = "[No Variations]"
Add component (AddParameter): Name = "Type"; Value = ""; VariantName = "[No Variations]"
Added Component: Designator=R5_U_Single cell module 1(RES_ERJ6ENF1800V)
Add component (AddParameter): Name = "Availability"; Value = "Unavailable"; VariantName = "[No Variations]"
Add component (AddParameter): Name = "MF"; Value = ""; VariantName = "[No Variations]"
Add component (AddParameter): Name = "MP"; Value = "ERJ6ENF1800V"; VariantName = "[No Variations]"
Add component (AddParameter): Name = "Package"; Value = "None"; VariantName = "[No Variations]"
Add component (AddParameter): Name = "Price"; Value = "None"; VariantName = "[No Variations]"
Add component (AddParameter): Name = "Value"; Value = ""; VariantName = "[No Variations]"
Added Component: Designator=R5_U_Single cell module 2(RES_ERJ6ENF1800V)
Add component (AddParameter): Name = "Availability"; Value = "Unavailable"; VariantName = "[No Variations]"
Add component (AddParameter): Name = "MF"; Value = ""; VariantName = "[No Variations]"
Add component (AddParameter): Name = "MP"; Value = "ERJ6ENF1800V"; VariantName = "[No Variations]"
Add component (AddParameter): Name = "Package"; Value = "None"; VariantName = "[No Variations]"
Add component (AddParameter): Name = "Price"; Value = "None"; VariantName = "[No Variations]"
Add component (AddParameter): Name = "Value"; Value = ""; VariantName = "[No Variations]"
Added Component: Designator=R6_U_Single cell module 1(RES_ERA6ARW104V)
Add component (AddParameter): Name = "Availability"; Value = "Unavailable"; VariantName = "[No Variations]"
Add component (AddParameter): Name = "MF"; Value = ""; VariantName = "[No Variations]"
Add component (AddParameter): Name = "MP"; Value = "ERA6ARW104V"; VariantName = "[No Variations]"
Add component (AddParameter): Name = "Package"; Value = "None"; VariantName = "[No Variations]"
Add component (AddParameter): Name = "Price"; Value = "None"; VariantName = "[No Variations]"
Add component (AddParameter): Name = "Value"; Value = ""; VariantName = "[No Variations]"
Added Component: Designator=R6_U_Single cell module 2(RES_ERA6ARW104V)
Add component (AddParameter): Name = "Availability"; Value = "Unavailable"; VariantName = "[No Variations]"
Add component (AddParameter): Name = "MF"; Value = ""; VariantName = "[No Variations]"
Add component (AddParameter): Name = "MP"; Value = "ERA6ARW104V"; VariantName = "[No Variations]"
Add component (AddParameter): Name = "Package"; Value = "None"; VariantName = "[No Variations]"
Add component (AddParameter): Name = "Price"; Value = "None"; VariantName = "[No Variations]"
Add component (AddParameter): Name = "Value"; Value = ""; VariantName = "[No Variations]"
Added Component: Designator=R8_U_Single cell module 1(RES_ERA6ARW104V)
Add component (AddParameter): Name = "Availability"; Value = "Unavailable"; VariantName = "[No Variations]"
Add component (AddParameter): Name = "MF"; Value = ""; VariantName = "[No Variations]"
Add component (AddParameter): Name = "MP"; Value = "ERA6ARW104V"; VariantName = "[No Variations]"
Add component (AddParameter): Name = "Package"; Value = "None"; VariantName = "[No Variations]"
Add component (AddParameter): Name = "Price"; Value = "None"; VariantName = "[No Variations]"
Add component (AddParameter): Name = "Value"; Value = ""; VariantName = "[No Variations]"
Added Component: Designator=R8_U_Single cell module 2(RES_ERA6ARW104V)
Add component (AddParameter): Name = "Availability"; Value = "Unavailable"; VariantName = "[No Variations]"
Add component (AddParameter): Name = "MF"; Value = ""; VariantName = "[No Variations]"
Add component (AddParameter): Name = "MP"; Value = "ERA6ARW104V"; VariantName = "[No Variations]"
Add component (AddParameter): Name = "Package"; Value = "None"; VariantName = "[No Variations]"
Add component (AddParameter): Name = "Price"; Value = "None"; VariantName = "[No Variations]"
Add component (AddParameter): Name = "Value"; Value = ""; VariantName = "[No Variations]"
Added Component: Designator=R10_U_Single cell module 1(RES_ERA6ARW104V)
Add component (AddParameter): Name = "Availability"; Value = "Unavailable"; VariantName = "[No Variations]"
Add component (AddParameter): Name = "MF"; Value = ""; VariantName = "[No Variations]"
Add component (AddParameter): Name = "MP"; Value = "ERA6ARW104V"; VariantName = "[No Variations]"
Add component (AddParameter): Name = "Package"; Value = "None"; VariantName = "[No Variations]"
Add component (AddParameter): Name = "Price"; Value = "None"; VariantName = "[No Variations]"
Add component (AddParameter): Name = "Value"; Value = ""; VariantName = "[No Variations]"
Added Component: Designator=R10_U_Single cell module 2(RES_ERA6ARW104V)
Add component (AddParameter): Name = "Availability"; Value = "Unavailable"; VariantName = "[No Variations]"
Add component (AddParameter): Name = "MF"; Value = ""; VariantName = "[No Variations]"
Add component (AddParameter): Name = "MP"; Value = "ERA6ARW104V"; VariantName = "[No Variations]"
Add component (AddParameter): Name = "Package"; Value = "None"; VariantName = "[No Variations]"
Add component (AddParameter): Name = "Price"; Value = "None"; VariantName = "[No Variations]"
Add component (AddParameter): Name = "Value"; Value = ""; VariantName = "[No Variations]"
Added Component: Designator=R14_U_Single cell module 1(RESC3116X65N)
Add component (AddParameter): Name = "Availability"; Value = "Unavailable"; VariantName = "[No Variations]"
Add component (AddParameter): Name = "MF"; Value = ""; VariantName = "[No Variations]"
Add component (AddParameter): Name = "MP"; Value = "RT1206DRD07510RL"; VariantName = "[No Variations]"
Add component (AddParameter): Name = "Package"; Value = "None"; VariantName = "[No Variations]"
Add component (AddParameter): Name = "Price"; Value = "None"; VariantName = "[No Variations]"
Add component (AddParameter): Name = "Value"; Value = ""; VariantName = "[No Variations]"
Added Component: Designator=R14_U_Single cell module 2(RESC3116X65N)
Add component (AddParameter): Name = "Availability"; Value = "Unavailable"; VariantName = "[No Variations]"
Add component (AddParameter): Name = "MF"; Value = ""; VariantName = "[No Variations]"
Add component (AddParameter): Name = "MP"; Value = "RT1206DRD07510RL"; VariantName = "[No Variations]"
Add component (AddParameter): Name = "Package"; Value = "None"; VariantName = "[No Variations]"
Add component (AddParameter): Name = "Price"; Value = "None"; VariantName = "[No Variations]"
Add component (AddParameter): Name = "Value"; Value = ""; VariantName = "[No Variations]"
Added Component: Designator=R15_U_Single cell module 1(RES_ERJP06D1002V)
Add component (AddParameter): Name = "Availability"; Value = "Unavailable"; VariantName = "[No Variations]"
Add component (AddParameter): Name = "MF"; Value = ""; VariantName = "[No Variations]"
Add component (AddParameter): Name = "MP"; Value = "ERJP06D1002V"; VariantName = "[No Variations]"
Add component (AddParameter): Name = "Package"; Value = "None"; VariantName = "[No Variations]"
Add component (AddParameter): Name = "Price"; Value = "None"; VariantName = "[No Variations]"
Add component (AddParameter): Name = "Value"; Value = ""; VariantName = "[No Variations]"
Added Component: Designator=R15_U_Single cell module 2(RES_ERJP06D1002V)
Add component (AddParameter): Name = "Availability"; Value = "Unavailable"; VariantName = "[No Variations]"
Add component (AddParameter): Name = "MF"; Value = ""; VariantName = "[No Variations]"
Add component (AddParameter): Name = "MP"; Value = "ERJP06D1002V"; VariantName = "[No Variations]"
Add component (AddParameter): Name = "Package"; Value = "None"; VariantName = "[No Variations]"
Add component (AddParameter): Name = "Price"; Value = "None"; VariantName = "[No Variations]"
Add component (AddParameter): Name = "Value"; Value = ""; VariantName = "[No Variations]"
Added Component: Designator=R16_U_Single cell module 1(RESC2013X65N)
Add component (AddParameter): Name = "Arrow Part Number"; Value = ""; VariantName = "[No Variations]"
Add component (AddParameter): Name = "Arrow Price/Stock"; Value = ""; VariantName = "[No Variations]"
Add component (AddParameter): Name = "Datasheet Link"; Value = "https://www.mouser.fr/datasheet/2/1365/GeneralPurpose-2498088.pdf"; VariantName = "[No Variations]"
Add component (AddParameter): Name = "Height"; Value = "0.65mm"; VariantName = "[No Variations]"
Add component (AddParameter): Name = "Manufacturer_Name"; Value = "ROYALOHM"; VariantName = "[No Variations]"
Add component (AddParameter): Name = "Manufacturer_Part_Number"; Value = "0805W8F2201T5E"; VariantName = "[No Variations]"
Add component (AddParameter): Name = "Mouser Part Number"; Value = "303-0805W8F2201T5E"; VariantName = "[No Variations]"
Add component (AddParameter): Name = "Mouser Price/Stock"; Value = "https://www.mouser.co.uk/ProductDetail/Royalohm/0805W8F2201T5E?qs=e8oIoAS2J1RJNRSZp0Nryw%3D%3D"; VariantName = "[No Variations]"
Added Component: Designator=R16_U_Single cell module 2(RESC2013X65N)
Add component (AddParameter): Name = "Arrow Part Number"; Value = ""; VariantName = "[No Variations]"
Add component (AddParameter): Name = "Arrow Price/Stock"; Value = ""; VariantName = "[No Variations]"
Add component (AddParameter): Name = "Datasheet Link"; Value = "https://www.mouser.fr/datasheet/2/1365/GeneralPurpose-2498088.pdf"; VariantName = "[No Variations]"
Add component (AddParameter): Name = "Height"; Value = "0.65mm"; VariantName = "[No Variations]"
Add component (AddParameter): Name = "Manufacturer_Name"; Value = "ROYALOHM"; VariantName = "[No Variations]"
Add component (AddParameter): Name = "Manufacturer_Part_Number"; Value = "0805W8F2201T5E"; VariantName = "[No Variations]"
Add component (AddParameter): Name = "Mouser Part Number"; Value = "303-0805W8F2201T5E"; VariantName = "[No Variations]"
Add component (AddParameter): Name = "Mouser Price/Stock"; Value = "https://www.mouser.co.uk/ProductDetail/Royalohm/0805W8F2201T5E?qs=e8oIoAS2J1RJNRSZp0Nryw%3D%3D"; VariantName = "[No Variations]"
Added Component: Designator=R17_U_Single cell module 1(RESC2013X65N)
Add component (AddParameter): Name = "Arrow Part Number"; Value = ""; VariantName = "[No Variations]"
Add component (AddParameter): Name = "Arrow Price/Stock"; Value = ""; VariantName = "[No Variations]"
Add component (AddParameter): Name = "Datasheet Link"; Value = "https://www.mouser.fr/datasheet/2/1365/GeneralPurpose-2498088.pdf"; VariantName = "[No Variations]"
Add component (AddParameter): Name = "Height"; Value = "0.65mm"; VariantName = "[No Variations]"
Add component (AddParameter): Name = "Manufacturer_Name"; Value = "ROYALOHM"; VariantName = "[No Variations]"
Add component (AddParameter): Name = "Manufacturer_Part_Number"; Value = "0805W8F2201T5E"; VariantName = "[No Variations]"
Add component (AddParameter): Name = "Mouser Part Number"; Value = "303-0805W8F2201T5E"; VariantName = "[No Variations]"
Add component (AddParameter): Name = "Mouser Price/Stock"; Value = "https://www.mouser.co.uk/ProductDetail/Royalohm/0805W8F2201T5E?qs=e8oIoAS2J1RJNRSZp0Nryw%3D%3D"; VariantName = "[No Variations]"
Added Component: Designator=R17_U_Single cell module 2(RESC2013X65N)
Add component (AddParameter): Name = "Arrow Part Number"; Value = ""; VariantName = "[No Variations]"
Add component (AddParameter): Name = "Arrow Price/Stock"; Value = ""; VariantName = "[No Variations]"
Add component (AddParameter): Name = "Datasheet Link"; Value = "https://www.mouser.fr/datasheet/2/1365/GeneralPurpose-2498088.pdf"; VariantName = "[No Variations]"
Add component (AddParameter): Name = "Height"; Value = "0.65mm"; VariantName = "[No Variations]"
Add component (AddParameter): Name = "Manufacturer_Name"; Value = "ROYALOHM"; VariantName = "[No Variations]"
Add component (AddParameter): Name = "Manufacturer_Part_Number"; Value = "0805W8F2201T5E"; VariantName = "[No Variations]"
Add component (AddParameter): Name = "Mouser Part Number"; Value = "303-0805W8F2201T5E"; VariantName = "[No Variations]"
Add component (AddParameter): Name = "Mouser Price/Stock"; Value = "https://www.mouser.co.uk/ProductDetail/Royalohm/0805W8F2201T5E?qs=e8oIoAS2J1RJNRSZp0Nryw%3D%3D"; VariantName = "[No Variations]"
Added Component: Designator=R18_U_Single cell module 1(RESC2013X65N)
Add component (AddParameter): Name = "Arrow Part Number"; Value = ""; VariantName = "[No Variations]"
Add component (AddParameter): Name = "Arrow Price/Stock"; Value = ""; VariantName = "[No Variations]"
Add component (AddParameter): Name = "Datasheet Link"; Value = "https://www.mouser.fr/datasheet/2/1365/GeneralPurpose-2498088.pdf"; VariantName = "[No Variations]"
Add component (AddParameter): Name = "Height"; Value = "0.65mm"; VariantName = "[No Variations]"
Add component (AddParameter): Name = "Manufacturer_Name"; Value = "ROYALOHM"; VariantName = "[No Variations]"
Add component (AddParameter): Name = "Manufacturer_Part_Number"; Value = "0805W8F2201T5E"; VariantName = "[No Variations]"
Add component (AddParameter): Name = "Mouser Part Number"; Value = "303-0805W8F2201T5E"; VariantName = "[No Variations]"
Add component (AddParameter): Name = "Mouser Price/Stock"; Value = "https://www.mouser.co.uk/ProductDetail/Royalohm/0805W8F2201T5E?qs=e8oIoAS2J1RJNRSZp0Nryw%3D%3D"; VariantName = "[No Variations]"
Added Component: Designator=R18_U_Single cell module 2(RESC2013X65N)
Add component (AddParameter): Name = "Arrow Part Number"; Value = ""; VariantName = "[No Variations]"
Add component (AddParameter): Name = "Arrow Price/Stock"; Value = ""; VariantName = "[No Variations]"
Add component (AddParameter): Name = "Datasheet Link"; Value = "https://www.mouser.fr/datasheet/2/1365/GeneralPurpose-2498088.pdf"; VariantName = "[No Variations]"
Add component (AddParameter): Name = "Height"; Value = "0.65mm"; VariantName = "[No Variations]"
Add component (AddParameter): Name = "Manufacturer_Name"; Value = "ROYALOHM"; VariantName = "[No Variations]"
Add component (AddParameter): Name = "Manufacturer_Part_Number"; Value = "0805W8F2201T5E"; VariantName = "[No Variations]"
Add component (AddParameter): Name = "Mouser Part Number"; Value = "303-0805W8F2201T5E"; VariantName = "[No Variations]"
Add component (AddParameter): Name = "Mouser Price/Stock"; Value = "https://www.mouser.co.uk/ProductDetail/Royalohm/0805W8F2201T5E?qs=e8oIoAS2J1RJNRSZp0Nryw%3D%3D"; VariantName = "[No Variations]"
Added Component: Designator=R19_U_Single cell module 1(THRMC1608X95N)
Add component (AddParameter): Name = "Availability"; Value = "Good"; VariantName = "[No Variations]"
Add component (AddParameter): Name = "Check_prices"; Value = "https://www.snapeda.com/parts/NCP18WF104J03RB/Murata%20Electronics%20North%20America/view-part/144301/?ref=eda"; VariantName = "[No Variations]"
Add component (AddParameter): Name = "MF"; Value = "Murata Electronics"; VariantName = "[No Variations]"
Add component (AddParameter): Name = "MP"; Value = "NCP18WF104J03RB"; VariantName = "[No Variations]"
Add component (AddParameter): Name = "Package"; Value = "1608 Murata"; VariantName = "[No Variations]"
Add component (AddParameter): Name = "Price"; Value = "None"; VariantName = "[No Variations]"
Add component (AddParameter): Name = "Purchase-URL"; Value = "https://pricing.snapeda.com/search/part/NCP18WF104J03RB/?ref=eda"; VariantName = "[No Variations]"
Add component (AddParameter): Name = "SnapEDA_Link"; Value = "https://www.snapeda.com/parts/NCP18WF104J03RB/Murata%20Electronics%20North%20America/view-part/144301/?ref=snap"; VariantName = "[No Variations]"
Add component (AddParameter): Name = "Value"; Value = ""; VariantName = "[No Variations]"
Added Component: Designator=R19_U_Single cell module 2(THRMC1608X95N)
Add component (AddParameter): Name = "Availability"; Value = "Good"; VariantName = "[No Variations]"
Add component (AddParameter): Name = "Check_prices"; Value = "https://www.snapeda.com/parts/NCP18WF104J03RB/Murata%20Electronics%20North%20America/view-part/144301/?ref=eda"; VariantName = "[No Variations]"
Add component (AddParameter): Name = "MF"; Value = "Murata Electronics"; VariantName = "[No Variations]"
Add component (AddParameter): Name = "MP"; Value = "NCP18WF104J03RB"; VariantName = "[No Variations]"
Add component (AddParameter): Name = "Package"; Value = "1608 Murata"; VariantName = "[No Variations]"
Add component (AddParameter): Name = "Price"; Value = "None"; VariantName = "[No Variations]"
Add component (AddParameter): Name = "Purchase-URL"; Value = "https://pricing.snapeda.com/search/part/NCP18WF104J03RB/?ref=eda"; VariantName = "[No Variations]"
Add component (AddParameter): Name = "SnapEDA_Link"; Value = "https://www.snapeda.com/parts/NCP18WF104J03RB/Murata%20Electronics%20North%20America/view-part/144301/?ref=snap"; VariantName = "[No Variations]"
Add component (AddParameter): Name = "Value"; Value = ""; VariantName = "[No Variations]"
Added Component: Designator=R20_U_Single cell module 1(RES_ERJP06D1002V)
Add component (AddParameter): Name = "Availability"; Value = "Unavailable"; VariantName = "[No Variations]"
Add component (AddParameter): Name = "MF"; Value = ""; VariantName = "[No Variations]"
Add component (AddParameter): Name = "MP"; Value = "ERJP06D1002V"; VariantName = "[No Variations]"
Add component (AddParameter): Name = "Package"; Value = "None"; VariantName = "[No Variations]"
Add component (AddParameter): Name = "Price"; Value = "None"; VariantName = "[No Variations]"
Add component (AddParameter): Name = "Value"; Value = ""; VariantName = "[No Variations]"
Added Component: Designator=R20_U_Single cell module 2(RES_ERJP06D1002V)
Add component (AddParameter): Name = "Availability"; Value = "Unavailable"; VariantName = "[No Variations]"
Add component (AddParameter): Name = "MF"; Value = ""; VariantName = "[No Variations]"
Add component (AddParameter): Name = "MP"; Value = "ERJP06D1002V"; VariantName = "[No Variations]"
Add component (AddParameter): Name = "Package"; Value = "None"; VariantName = "[No Variations]"
Add component (AddParameter): Name = "Price"; Value = "None"; VariantName = "[No Variations]"
Add component (AddParameter): Name = "Value"; Value = ""; VariantName = "[No Variations]"
Added Component: Designator=R21_U_Single cell module 1(RES_ERJP06D1002V)
Add component (AddParameter): Name = "Availability"; Value = "Unavailable"; VariantName = "[No Variations]"
Add component (AddParameter): Name = "MF"; Value = ""; VariantName = "[No Variations]"
Add component (AddParameter): Name = "MP"; Value = "ERJP06D1002V"; VariantName = "[No Variations]"
Add component (AddParameter): Name = "Package"; Value = "None"; VariantName = "[No Variations]"
Add component (AddParameter): Name = "Price"; Value = "None"; VariantName = "[No Variations]"
Add component (AddParameter): Name = "Value"; Value = ""; VariantName = "[No Variations]"
Added Component: Designator=R21_U_Single cell module 2(RES_ERJP06D1002V)
Add component (AddParameter): Name = "Availability"; Value = "Unavailable"; VariantName = "[No Variations]"
Add component (AddParameter): Name = "MF"; Value = ""; VariantName = "[No Variations]"
Add component (AddParameter): Name = "MP"; Value = "ERJP06D1002V"; VariantName = "[No Variations]"
Add component (AddParameter): Name = "Package"; Value = "None"; VariantName = "[No Variations]"
Add component (AddParameter): Name = "Price"; Value = "None"; VariantName = "[No Variations]"
Add component (AddParameter): Name = "Value"; Value = ""; VariantName = "[No Variations]"
Added Component: Designator=R22_U_Single cell module 1(RES_ERA6ARW104V)
Add component (AddParameter): Name = "Availability"; Value = "Unavailable"; VariantName = "[No Variations]"
Add component (AddParameter): Name = "MF"; Value = ""; VariantName = "[No Variations]"
Add component (AddParameter): Name = "MP"; Value = "ERA6ARW104V"; VariantName = "[No Variations]"
Add component (AddParameter): Name = "Package"; Value = "None"; VariantName = "[No Variations]"
Add component (AddParameter): Name = "Price"; Value = "None"; VariantName = "[No Variations]"
Add component (AddParameter): Name = "Value"; Value = ""; VariantName = "[No Variations]"
Added Component: Designator=R22_U_Single cell module 2(RES_ERA6ARW104V)
Add component (AddParameter): Name = "Availability"; Value = "Unavailable"; VariantName = "[No Variations]"
Add component (AddParameter): Name = "MF"; Value = ""; VariantName = "[No Variations]"
Add component (AddParameter): Name = "MP"; Value = "ERA6ARW104V"; VariantName = "[No Variations]"
Add component (AddParameter): Name = "Package"; Value = "None"; VariantName = "[No Variations]"
Add component (AddParameter): Name = "Price"; Value = "None"; VariantName = "[No Variations]"
Add component (AddParameter): Name = "Value"; Value = ""; VariantName = "[No Variations]"
Added Component: Designator=R23_U_Single cell module 1(THRMC1608X95N)
Add component (AddParameter): Name = "Availability"; Value = "Good"; VariantName = "[No Variations]"
Add component (AddParameter): Name = "Check_prices"; Value = "https://www.snapeda.com/parts/NCP18WF104J03RB/Murata%20Electronics%20North%20America/view-part/144301/?ref=eda"; VariantName = "[No Variations]"
Add component (AddParameter): Name = "MF"; Value = "Murata Electronics"; VariantName = "[No Variations]"
Add component (AddParameter): Name = "MP"; Value = "NCP18WF104J03RB"; VariantName = "[No Variations]"
Add component (AddParameter): Name = "Package"; Value = "1608 Murata"; VariantName = "[No Variations]"
Add component (AddParameter): Name = "Price"; Value = "None"; VariantName = "[No Variations]"
Add component (AddParameter): Name = "Purchase-URL"; Value = "https://pricing.snapeda.com/search/part/NCP18WF104J03RB/?ref=eda"; VariantName = "[No Variations]"
Add component (AddParameter): Name = "SnapEDA_Link"; Value = "https://www.snapeda.com/parts/NCP18WF104J03RB/Murata%20Electronics%20North%20America/view-part/144301/?ref=snap"; VariantName = "[No Variations]"
Add component (AddParameter): Name = "Value"; Value = ""; VariantName = "[No Variations]"
Added Component: Designator=R23_U_Single cell module 2(THRMC1608X95N)
Add component (AddParameter): Name = "Availability"; Value = "Good"; VariantName = "[No Variations]"
Add component (AddParameter): Name = "Check_prices"; Value = "https://www.snapeda.com/parts/NCP18WF104J03RB/Murata%20Electronics%20North%20America/view-part/144301/?ref=eda"; VariantName = "[No Variations]"
Add component (AddParameter): Name = "MF"; Value = "Murata Electronics"; VariantName = "[No Variations]"
Add component (AddParameter): Name = "MP"; Value = "NCP18WF104J03RB"; VariantName = "[No Variations]"
Add component (AddParameter): Name = "Package"; Value = "1608 Murata"; VariantName = "[No Variations]"
Add component (AddParameter): Name = "Price"; Value = "None"; VariantName = "[No Variations]"
Add component (AddParameter): Name = "Purchase-URL"; Value = "https://pricing.snapeda.com/search/part/NCP18WF104J03RB/?ref=eda"; VariantName = "[No Variations]"
Add component (AddParameter): Name = "SnapEDA_Link"; Value = "https://www.snapeda.com/parts/NCP18WF104J03RB/Murata%20Electronics%20North%20America/view-part/144301/?ref=snap"; VariantName = "[No Variations]"
Add component (AddParameter): Name = "Value"; Value = ""; VariantName = "[No Variations]"
Added Component: Designator=R24_U_Single cell module 1(RES_ERA6ARW104V)
Add component (AddParameter): Name = "Availability"; Value = "Unavailable"; VariantName = "[No Variations]"
Add component (AddParameter): Name = "MF"; Value = ""; VariantName = "[No Variations]"
Add component (AddParameter): Name = "MP"; Value = "ERA6ARW104V"; VariantName = "[No Variations]"
Add component (AddParameter): Name = "Package"; Value = "None"; VariantName = "[No Variations]"
Add component (AddParameter): Name = "Price"; Value = "None"; VariantName = "[No Variations]"
Add component (AddParameter): Name = "Value"; Value = ""; VariantName = "[No Variations]"
Added Component: Designator=R24_U_Single cell module 2(RES_ERA6ARW104V)
Add component (AddParameter): Name = "Availability"; Value = "Unavailable"; VariantName = "[No Variations]"
Add component (AddParameter): Name = "MF"; Value = ""; VariantName = "[No Variations]"
Add component (AddParameter): Name = "MP"; Value = "ERA6ARW104V"; VariantName = "[No Variations]"
Add component (AddParameter): Name = "Package"; Value = "None"; VariantName = "[No Variations]"
Add component (AddParameter): Name = "Price"; Value = "None"; VariantName = "[No Variations]"
Add component (AddParameter): Name = "Value"; Value = ""; VariantName = "[No Variations]"
Added Component: Designator=R25_U_Single cell module 1(RES_ERA6ARW104V)
Add component (AddParameter): Name = "Availability"; Value = "Unavailable"; VariantName = "[No Variations]"
Add component (AddParameter): Name = "MF"; Value = ""; VariantName = "[No Variations]"
Add component (AddParameter): Name = "MP"; Value = "ERA6ARW104V"; VariantName = "[No Variations]"
Add component (AddParameter): Name = "Package"; Value = "None"; VariantName = "[No Variations]"
Add component (AddParameter): Name = "Price"; Value = "None"; VariantName = "[No Variations]"
Add component (AddParameter): Name = "Value"; Value = ""; VariantName = "[No Variations]"
Added Component: Designator=R25_U_Single cell module 2(RES_ERA6ARW104V)
Add component (AddParameter): Name = "Availability"; Value = "Unavailable"; VariantName = "[No Variations]"
Add component (AddParameter): Name = "MF"; Value = ""; VariantName = "[No Variations]"
Add component (AddParameter): Name = "MP"; Value = "ERA6ARW104V"; VariantName = "[No Variations]"
Add component (AddParameter): Name = "Package"; Value = "None"; VariantName = "[No Variations]"
Add component (AddParameter): Name = "Price"; Value = "None"; VariantName = "[No Variations]"
Add component (AddParameter): Name = "Value"; Value = ""; VariantName = "[No Variations]"
Added Component: Designator=R26_U_Single cell module 1(RES_ERA6ARW104V)
Add component (AddParameter): Name = "Availability"; Value = "Unavailable"; VariantName = "[No Variations]"
Add component (AddParameter): Name = "MF"; Value = ""; VariantName = "[No Variations]"
Add component (AddParameter): Name = "MP"; Value = "ERA6ARW104V"; VariantName = "[No Variations]"
Add component (AddParameter): Name = "Package"; Value = "None"; VariantName = "[No Variations]"
Add component (AddParameter): Name = "Price"; Value = "None"; VariantName = "[No Variations]"
Add component (AddParameter): Name = "Value"; Value = ""; VariantName = "[No Variations]"
Added Component: Designator=R26_U_Single cell module 2(RES_ERA6ARW104V)
Add component (AddParameter): Name = "Availability"; Value = "Unavailable"; VariantName = "[No Variations]"
Add component (AddParameter): Name = "MF"; Value = ""; VariantName = "[No Variations]"
Add component (AddParameter): Name = "MP"; Value = "ERA6ARW104V"; VariantName = "[No Variations]"
Add component (AddParameter): Name = "Package"; Value = "None"; VariantName = "[No Variations]"
Add component (AddParameter): Name = "Price"; Value = "None"; VariantName = "[No Variations]"
Add component (AddParameter): Name = "Value"; Value = ""; VariantName = "[No Variations]"
Added Component: Designator=R27_U_Single cell module 1(RES_ERA6ARW104V)
Add component (AddParameter): Name = "Availability"; Value = "Unavailable"; VariantName = "[No Variations]"
Add component (AddParameter): Name = "MF"; Value = ""; VariantName = "[No Variations]"
Add component (AddParameter): Name = "MP"; Value = "ERA6ARW104V"; VariantName = "[No Variations]"
Add component (AddParameter): Name = "Package"; Value = "None"; VariantName = "[No Variations]"
Add component (AddParameter): Name = "Price"; Value = "None"; VariantName = "[No Variations]"
Add component (AddParameter): Name = "Value"; Value = ""; VariantName = "[No Variations]"
Added Component: Designator=R27_U_Single cell module 2(RES_ERA6ARW104V)
Add component (AddParameter): Name = "Availability"; Value = "Unavailable"; VariantName = "[No Variations]"
Add component (AddParameter): Name = "MF"; Value = ""; VariantName = "[No Variations]"
Add component (AddParameter): Name = "MP"; Value = "ERA6ARW104V"; VariantName = "[No Variations]"
Add component (AddParameter): Name = "Package"; Value = "None"; VariantName = "[No Variations]"
Add component (AddParameter): Name = "Price"; Value = "None"; VariantName = "[No Variations]"
Add component (AddParameter): Name = "Value"; Value = ""; VariantName = "[No Variations]"
Added Component: Designator=R28_U_Single cell module 1(RES_ERA6ARW104V)
Add component (AddParameter): Name = "Availability"; Value = "Unavailable"; VariantName = "[No Variations]"
Add component (AddParameter): Name = "MF"; Value = ""; VariantName = "[No Variations]"
Add component (AddParameter): Name = "MP"; Value = "ERA6ARW104V"; VariantName = "[No Variations]"
Add component (AddParameter): Name = "Package"; Value = "None"; VariantName = "[No Variations]"
Add component (AddParameter): Name = "Price"; Value = "None"; VariantName = "[No Variations]"
Add component (AddParameter): Name = "Value"; Value = ""; VariantName = "[No Variations]"
Added Component: Designator=R28_U_Single cell module 2(RES_ERA6ARW104V)
Add component (AddParameter): Name = "Availability"; Value = "Unavailable"; VariantName = "[No Variations]"
Add component (AddParameter): Name = "MF"; Value = ""; VariantName = "[No Variations]"
Add component (AddParameter): Name = "MP"; Value = "ERA6ARW104V"; VariantName = "[No Variations]"
Add component (AddParameter): Name = "Package"; Value = "None"; VariantName = "[No Variations]"
Add component (AddParameter): Name = "Price"; Value = "None"; VariantName = "[No Variations]"
Add component (AddParameter): Name = "Value"; Value = ""; VariantName = "[No Variations]"
Added Component: Designator=RX_U_Single cell module 1(JST_B2B-XH-A(LF)(SN))
Add component (AddParameter): Name = "Check_prices"; Value = "https://www.snapeda.com/parts/B2B-XH-A(LF)(SN)/JST+Sales+America+Inc./view-part/?ref=eda"; VariantName = "[No Variations]"
Add component (AddParameter): Name = "MF"; Value = "JST Sales America Inc."; VariantName = "[No Variations]"
Add component (AddParameter): Name = "MP"; Value = "B2B-XH-A(LF)(SN)"; VariantName = "[No Variations]"
Add component (AddParameter): Name = "Package"; Value = "None"; VariantName = "[No Variations]"
Add component (AddParameter): Name = "SnapEDA_Link"; Value = "https://www.snapeda.com/parts/B2B-XH-A(LF)(SN)/JST+Sales+America+Inc./view-part/?ref=snap"; VariantName = "[No Variations]"
Add component (AddParameter): Name = "Value"; Value = ""; VariantName = "[No Variations]"
Added Component: Designator=RX_U_Single cell module 2(JST_B2B-XH-A(LF)(SN))
Add component (AddParameter): Name = "Check_prices"; Value = "https://www.snapeda.com/parts/B2B-XH-A(LF)(SN)/JST+Sales+America+Inc./view-part/?ref=eda"; VariantName = "[No Variations]"
Add component (AddParameter): Name = "MF"; Value = "JST Sales America Inc."; VariantName = "[No Variations]"
Add component (AddParameter): Name = "MP"; Value = "B2B-XH-A(LF)(SN)"; VariantName = "[No Variations]"
Add component (AddParameter): Name = "Package"; Value = "None"; VariantName = "[No Variations]"
Add component (AddParameter): Name = "SnapEDA_Link"; Value = "https://www.snapeda.com/parts/B2B-XH-A(LF)(SN)/JST+Sales+America+Inc./view-part/?ref=snap"; VariantName = "[No Variations]"
Add component (AddParameter): Name = "Value"; Value = ""; VariantName = "[No Variations]"
Added Component: Designator=TX_U_Single cell module 1(JST_B2B-XH-A(LF)(SN))
Add component (AddParameter): Name = "Check_prices"; Value = "https://www.snapeda.com/parts/B2B-XH-A(LF)(SN)/JST+Sales+America+Inc./view-part/?ref=eda"; VariantName = "[No Variations]"
Add component (AddParameter): Name = "MF"; Value = "JST Sales America Inc."; VariantName = "[No Variations]"
Add component (AddParameter): Name = "MP"; Value = "B2B-XH-A(LF)(SN)"; VariantName = "[No Variations]"
Add component (AddParameter): Name = "Package"; Value = "None"; VariantName = "[No Variations]"
Add component (AddParameter): Name = "SnapEDA_Link"; Value = "https://www.snapeda.com/parts/B2B-XH-A(LF)(SN)/JST+Sales+America+Inc./view-part/?ref=snap"; VariantName = "[No Variations]"
Add component (AddParameter): Name = "Value"; Value = ""; VariantName = "[No Variations]"
Added Component: Designator=TX_U_Single cell module 2(JST_B2B-XH-A(LF)(SN))
Add component (AddParameter): Name = "Check_prices"; Value = "https://www.snapeda.com/parts/B2B-XH-A(LF)(SN)/JST+Sales+America+Inc./view-part/?ref=eda"; VariantName = "[No Variations]"
Add component (AddParameter): Name = "MF"; Value = "JST Sales America Inc."; VariantName = "[No Variations]"
Add component (AddParameter): Name = "MP"; Value = "B2B-XH-A(LF)(SN)"; VariantName = "[No Variations]"
Add component (AddParameter): Name = "Package"; Value = "None"; VariantName = "[No Variations]"
Add component (AddParameter): Name = "SnapEDA_Link"; Value = "https://www.snapeda.com/parts/B2B-XH-A(LF)(SN)/JST+Sales+America+Inc./view-part/?ref=snap"; VariantName = "[No Variations]"
Add component (AddParameter): Name = "Value"; Value = ""; VariantName = "[No Variations]"
Added Component: Designator=U1_U_Single cell module 1(SOIC127P700X200-4N)
Add component (AddParameter): Name = "Arrow Part Number"; Value = "EL3H7(B)(TA)-G"; VariantName = "[No Variations]"
Add component (AddParameter): Name = "Arrow Price/Stock"; Value = "https://www.arrow.com/en/products/el3h7-b-ta-g/everlight-electronics?region=nac"; VariantName = "[No Variations]"
Add component (AddParameter): Name = "Datasheet Link"; Value = "https://www.arrow.com/en/products/el3h7-b-ta-g/everlight-electronics?region=nac"; VariantName = "[No Variations]"
Add component (AddParameter): Name = "Height"; Value = "2mm"; VariantName = "[No Variations]"
Add component (AddParameter): Name = "Manufacturer_Name"; Value = "Everlight"; VariantName = "[No Variations]"
Add component (AddParameter): Name = "Manufacturer_Part_Number"; Value = "EL3H7(B)(TA)-G"; VariantName = "[No Variations]"
Add component (AddParameter): Name = "Mouser Part Number"; Value = "638-EL3H7BTAG"; VariantName = "[No Variations]"
Add component (AddParameter): Name = "Mouser Price/Stock"; Value = "https://www.mouser.co.uk/ProductDetail/Everlight/EL3H7BTA-G?qs=8PzhAHr7IdM%252B0XGOXhFFCg%3D%3D"; VariantName = "[No Variations]"
Added Component: Designator=U1_U_Single cell module 2(SOIC127P700X200-4N)
Add component (AddParameter): Name = "Arrow Part Number"; Value = "EL3H7(B)(TA)-G"; VariantName = "[No Variations]"
Add component (AddParameter): Name = "Arrow Price/Stock"; Value = "https://www.arrow.com/en/products/el3h7-b-ta-g/everlight-electronics?region=nac"; VariantName = "[No Variations]"
Add component (AddParameter): Name = "Datasheet Link"; Value = "https://www.arrow.com/en/products/el3h7-b-ta-g/everlight-electronics?region=nac"; VariantName = "[No Variations]"
Add component (AddParameter): Name = "Height"; Value = "2mm"; VariantName = "[No Variations]"
Add component (AddParameter): Name = "Manufacturer_Name"; Value = "Everlight"; VariantName = "[No Variations]"
Add component (AddParameter): Name = "Manufacturer_Part_Number"; Value = "EL3H7(B)(TA)-G"; VariantName = "[No Variations]"
Add component (AddParameter): Name = "Mouser Part Number"; Value = "638-EL3H7BTAG"; VariantName = "[No Variations]"
Add component (AddParameter): Name = "Mouser Price/Stock"; Value = "https://www.mouser.co.uk/ProductDetail/Everlight/EL3H7BTA-G?qs=8PzhAHr7IdM%252B0XGOXhFFCg%3D%3D"; VariantName = "[No Variations]"
Added Component: Designator=UPDU1_U_Single cell module 1(JST_B3B-XH-A (LF)(SN))
Add component (AddParameter): Name = "Check_prices"; Value = "https://www.snapeda.com/parts/B3B-XH-A%20(LF)(SN)/JST+Sales+America+Inc./view-part/?ref=eda"; VariantName = "[No Variations]"
Add component (AddParameter): Name = "MF"; Value = "JST Sales America Inc."; VariantName = "[No Variations]"
Add component (AddParameter): Name = "MP"; Value = "B3B-XH-A (LF)(SN)"; VariantName = "[No Variations]"
Add component (AddParameter): Name = "Package"; Value = "None"; VariantName = "[No Variations]"
Add component (AddParameter): Name = "SnapEDA_Link"; Value = "https://www.snapeda.com/parts/B3B-XH-A%20(LF)(SN)/JST+Sales+America+Inc./view-part/?ref=snap"; VariantName = "[No Variations]"
Add component (AddParameter): Name = "Value"; Value = ""; VariantName = "[No Variations]"
Added Component: Designator=UPDU1_U_Single cell module 2(JST_B3B-XH-A (LF)(SN))
Add component (AddParameter): Name = "Check_prices"; Value = "https://www.snapeda.com/parts/B3B-XH-A%20(LF)(SN)/JST+Sales+America+Inc./view-part/?ref=eda"; VariantName = "[No Variations]"
Add component (AddParameter): Name = "MF"; Value = "JST Sales America Inc."; VariantName = "[No Variations]"
Add component (AddParameter): Name = "MP"; Value = "B3B-XH-A (LF)(SN)"; VariantName = "[No Variations]"
Add component (AddParameter): Name = "Package"; Value = "None"; VariantName = "[No Variations]"
Add component (AddParameter): Name = "SnapEDA_Link"; Value = "https://www.snapeda.com/parts/B3B-XH-A%20(LF)(SN)/JST+Sales+America+Inc./view-part/?ref=snap"; VariantName = "[No Variations]"
Add component (AddParameter): Name = "Value"; Value = ""; VariantName = "[No Variations]"
Added Pin To Net: NetName=DUMP_LOAD_ENABLE_U_Single cell module 1 Pin=IC1_U_Single cell module 1-8
Added Pin To Net: NetName=DUMP_LOAD_ENABLE_U_Single cell module 1 Pin=R14_U_Single cell module 1-1
Added Net: Name=DUMP_LOAD_ENABLE_U_Single cell module 1
Added Pin To Net: NetName=DUMP_LOAD_ENABLE_U_Single cell module 2 Pin=IC1_U_Single cell module 2-8
Added Pin To Net: NetName=DUMP_LOAD_ENABLE_U_Single cell module 2 Pin=R14_U_Single cell module 2-1
Added Net: Name=DUMP_LOAD_ENABLE_U_Single cell module 2
Added Pin To Net: NetName=ENABLE_U_Single cell module 1 Pin=EXTTEMP1_U_Single cell module 1-2
Added Pin To Net: NetName=ENABLE_U_Single cell module 1 Pin=IC1_U_Single cell module 1-9
Added Pin To Net: NetName=ENABLE_U_Single cell module 1 Pin=J1_U_Single cell module 1-2
Added Pin To Net: NetName=ENABLE_U_Single cell module 1 Pin=R19_U_Single cell module 1-2
Added Pin To Net: NetName=ENABLE_U_Single cell module 1 Pin=R23_U_Single cell module 1-2
Added Net: Name=ENABLE_U_Single cell module 1
Added Pin To Net: NetName=ENABLE_U_Single cell module 2 Pin=EXTTEMP1_U_Single cell module 2-2
Added Pin To Net: NetName=ENABLE_U_Single cell module 2 Pin=IC1_U_Single cell module 2-9
Added Pin To Net: NetName=ENABLE_U_Single cell module 2 Pin=J1_U_Single cell module 2-2
Added Pin To Net: NetName=ENABLE_U_Single cell module 2 Pin=R19_U_Single cell module 2-2
Added Pin To Net: NetName=ENABLE_U_Single cell module 2 Pin=R23_U_Single cell module 2-2
Added Net: Name=ENABLE_U_Single cell module 2
Added Pin To Net: NetName=GND Pin=C1_U_Single cell module 1-1
Added Pin To Net: NetName=GND Pin=C1_U_Single cell module 2-1
Added Pin To Net: NetName=GND Pin=C2_U_Single cell module 1-2
Added Pin To Net: NetName=GND Pin=C2_U_Single cell module 2-2
Added Pin To Net: NetName=GND Pin=D1_U_Single cell module 1-3
Added Pin To Net: NetName=GND Pin=D1_U_Single cell module 2-3
Added Pin To Net: NetName=GND Pin=D2_U_Single cell module 1-2
Added Pin To Net: NetName=GND Pin=D2_U_Single cell module 2-2
Added Pin To Net: NetName=GND Pin=IC1_U_Single cell module 1-14
Added Pin To Net: NetName=GND Pin=IC1_U_Single cell module 2-14
Added Pin To Net: NetName=GND Pin=POWER1_U_Single cell module 1-1
Added Pin To Net: NetName=GND Pin=POWER1_U_Single cell module 2-1
Added Pin To Net: NetName=GND Pin=POWER2_U_Single cell module 1-1
Added Pin To Net: NetName=GND Pin=POWER2_U_Single cell module 2-1
Added Pin To Net: NetName=GND Pin=Q1_U_Single cell module 1-2
Added Pin To Net: NetName=GND Pin=Q1_U_Single cell module 2-2
Added Pin To Net: NetName=GND Pin=R15_U_Single cell module 1-2
Added Pin To Net: NetName=GND Pin=R15_U_Single cell module 2-2
Added Pin To Net: NetName=GND Pin=R16_U_Single cell module 1-1
Added Pin To Net: NetName=GND Pin=R16_U_Single cell module 2-1
Added Pin To Net: NetName=GND Pin=R18_U_Single cell module 1-2
Added Pin To Net: NetName=GND Pin=R18_U_Single cell module 2-2
Added Pin To Net: NetName=GND Pin=R20_U_Single cell module 1-1
Added Pin To Net: NetName=GND Pin=R20_U_Single cell module 2-1
Added Pin To Net: NetName=GND Pin=R21_U_Single cell module 1-1
Added Pin To Net: NetName=GND Pin=R21_U_Single cell module 2-1
Added Pin To Net: NetName=GND Pin=U1_U_Single cell module 1-2
Added Pin To Net: NetName=GND Pin=U1_U_Single cell module 2-2
Added Pin To Net: NetName=GND Pin=UPDU1_U_Single cell module 1-3
Added Pin To Net: NetName=GND Pin=UPDU1_U_Single cell module 2-3
Added Net: Name=GND
Added Pin To Net: NetName=NetD3_U_Single cell module 1_1 Pin=D3_U_Single cell module 1-1
Added Pin To Net: NetName=NetD3_U_Single cell module 1_1 Pin=R17_U_Single cell module 1-1
Added Net: Name=NetD3_U_Single cell module 1_1
Added Pin To Net: NetName=NetD3_U_Single cell module 2_1 Pin=D3_U_Single cell module 2-1
Added Pin To Net: NetName=NetD3_U_Single cell module 2_1 Pin=R17_U_Single cell module 2-1
Added Net: Name=NetD3_U_Single cell module 2_1
Added Pin To Net: NetName=NetD4_U_Single cell module 1_1 Pin=D4_U_Single cell module 1-1
Added Pin To Net: NetName=NetD4_U_Single cell module 1_1 Pin=R18_U_Single cell module 1-1
Added Net: Name=NetD4_U_Single cell module 1_1
Added Pin To Net: NetName=NetD4_U_Single cell module 2_1 Pin=D4_U_Single cell module 2-1
Added Pin To Net: NetName=NetD4_U_Single cell module 2_1 Pin=R18_U_Single cell module 2-1
Added Net: Name=NetD4_U_Single cell module 2_1
Added Pin To Net: NetName=NetF1_U_Single cell module 1_1 Pin=F1_U_Single cell module 1-1
Added Pin To Net: NetName=NetF1_U_Single cell module 1_1 Pin=POWER1_U_Single cell module 1-2
Added Pin To Net: NetName=NetF1_U_Single cell module 1_1 Pin=POWER2_U_Single cell module 1-2
Added Net: Name=NetF1_U_Single cell module 1_1
Added Pin To Net: NetName=NetF1_U_Single cell module 2_1 Pin=F1_U_Single cell module 2-1
Added Pin To Net: NetName=NetF1_U_Single cell module 2_1 Pin=POWER1_U_Single cell module 2-2
Added Pin To Net: NetName=NetF1_U_Single cell module 2_1 Pin=POWER2_U_Single cell module 2-2
Added Net: Name=NetF1_U_Single cell module 2_1
Added Pin To Net: NetName=NetQ1_U_Single cell module 1_1 Pin=Q1_U_Single cell module 1-1
Added Pin To Net: NetName=NetQ1_U_Single cell module 1_1 Pin=R14_U_Single cell module 1-2
Added Pin To Net: NetName=NetQ1_U_Single cell module 1_1 Pin=R15_U_Single cell module 1-1
Added Net: Name=NetQ1_U_Single cell module 1_1
Added Pin To Net: NetName=NetQ1_U_Single cell module 1_3 Pin=Q1_U_Single cell module 1-3
Added Pin To Net: NetName=NetQ1_U_Single cell module 1_3 Pin=R10_U_Single cell module 1-2
Added Pin To Net: NetName=NetQ1_U_Single cell module 1_3 Pin=R17_U_Single cell module 1-2
Added Pin To Net: NetName=NetQ1_U_Single cell module 1_3 Pin=R27_U_Single cell module 1-2
Added Pin To Net: NetName=NetQ1_U_Single cell module 1_3 Pin=R28_U_Single cell module 1-2
Added Net: Name=NetQ1_U_Single cell module 1_3
Added Pin To Net: NetName=NetQ1_U_Single cell module 2_1 Pin=Q1_U_Single cell module 2-1
Added Pin To Net: NetName=NetQ1_U_Single cell module 2_1 Pin=R14_U_Single cell module 2-2
Added Pin To Net: NetName=NetQ1_U_Single cell module 2_1 Pin=R15_U_Single cell module 2-1
Added Net: Name=NetQ1_U_Single cell module 2_1
Added Pin To Net: NetName=NetQ1_U_Single cell module 2_3 Pin=Q1_U_Single cell module 2-3
Added Pin To Net: NetName=NetQ1_U_Single cell module 2_3 Pin=R10_U_Single cell module 2-2
Added Pin To Net: NetName=NetQ1_U_Single cell module 2_3 Pin=R17_U_Single cell module 2-2
Added Pin To Net: NetName=NetQ1_U_Single cell module 2_3 Pin=R27_U_Single cell module 2-2
Added Pin To Net: NetName=NetQ1_U_Single cell module 2_3 Pin=R28_U_Single cell module 2-2
Added Net: Name=NetQ1_U_Single cell module 2_3
Added Pin To Net: NetName=NetR5_U_Single cell module 1_2 Pin=R5_U_Single cell module 1-2
Added Pin To Net: NetName=NetR5_U_Single cell module 1_2 Pin=U1_U_Single cell module 1-1
Added Net: Name=NetR5_U_Single cell module 1_2
Added Pin To Net: NetName=NetR5_U_Single cell module 2_2 Pin=R5_U_Single cell module 2-2
Added Pin To Net: NetName=NetR5_U_Single cell module 2_2 Pin=U1_U_Single cell module 2-1
Added Net: Name=NetR5_U_Single cell module 2_2
Added Pin To Net: NetName=NetR6_U_Single cell module 1_2 Pin=R6_U_Single cell module 1-2
Added Pin To Net: NetName=NetR6_U_Single cell module 1_2 Pin=R8_U_Single cell module 1-1
Added Net: Name=NetR6_U_Single cell module 1_2
Added Pin To Net: NetName=NetR6_U_Single cell module 2_2 Pin=R6_U_Single cell module 2-2
Added Pin To Net: NetName=NetR6_U_Single cell module 2_2 Pin=R8_U_Single cell module 2-1
Added Net: Name=NetR6_U_Single cell module 2_2
Added Pin To Net: NetName=NetR8_U_Single cell module 1_2 Pin=R8_U_Single cell module 1-2
Added Pin To Net: NetName=NetR8_U_Single cell module 1_2 Pin=R10_U_Single cell module 1-1
Added Net: Name=NetR8_U_Single cell module 1_2
Added Pin To Net: NetName=NetR8_U_Single cell module 2_2 Pin=R8_U_Single cell module 2-2
Added Pin To Net: NetName=NetR8_U_Single cell module 2_2 Pin=R10_U_Single cell module 2-1
Added Net: Name=NetR8_U_Single cell module 2_2
Added Pin To Net: NetName=NetR22_U_Single cell module 1_2 Pin=R22_U_Single cell module 1-2
Added Pin To Net: NetName=NetR22_U_Single cell module 1_2 Pin=R25_U_Single cell module 1-1
Added Net: Name=NetR22_U_Single cell module 1_2
Added Pin To Net: NetName=NetR22_U_Single cell module 2_2 Pin=R22_U_Single cell module 2-2
Added Pin To Net: NetName=NetR22_U_Single cell module 2_2 Pin=R25_U_Single cell module 2-1
Added Net: Name=NetR22_U_Single cell module 2_2
Added Pin To Net: NetName=NetR24_U_Single cell module 1_2 Pin=R24_U_Single cell module 1-2
Added Pin To Net: NetName=NetR24_U_Single cell module 1_2 Pin=R26_U_Single cell module 1-1
Added Net: Name=NetR24_U_Single cell module 1_2
Added Pin To Net: NetName=NetR24_U_Single cell module 2_2 Pin=R24_U_Single cell module 2-2
Added Pin To Net: NetName=NetR24_U_Single cell module 2_2 Pin=R26_U_Single cell module 2-1
Added Net: Name=NetR24_U_Single cell module 2_2
Added Pin To Net: NetName=NetR25_U_Single cell module 1_2 Pin=R25_U_Single cell module 1-2
Added Pin To Net: NetName=NetR25_U_Single cell module 1_2 Pin=R27_U_Single cell module 1-1
Added Net: Name=NetR25_U_Single cell module 1_2
Added Pin To Net: NetName=NetR25_U_Single cell module 2_2 Pin=R25_U_Single cell module 2-2
Added Pin To Net: NetName=NetR25_U_Single cell module 2_2 Pin=R27_U_Single cell module 2-1
Added Net: Name=NetR25_U_Single cell module 2_2
Added Pin To Net: NetName=NetR26_U_Single cell module 1_2 Pin=R26_U_Single cell module 1-2
Added Pin To Net: NetName=NetR26_U_Single cell module 1_2 Pin=R28_U_Single cell module 1-1
Added Net: Name=NetR26_U_Single cell module 1_2
Added Pin To Net: NetName=NetR26_U_Single cell module 2_2 Pin=R26_U_Single cell module 2-2
Added Pin To Net: NetName=NetR26_U_Single cell module 2_2 Pin=R28_U_Single cell module 2-1
Added Net: Name=NetR26_U_Single cell module 2_2
Added Pin To Net: NetName=NetTX_U_Single cell module 2_1 Pin=TX_U_Single cell module 2-1
Added Pin To Net: NetName=NetTX_U_Single cell module 2_1 Pin=U1_U_Single cell module 2-3
Added Net: Name=NetTX_U_Single cell module 2_1
Added Pin To Net: NetName=NetTX_U_Single cell module 2_2 Pin=TX_U_Single cell module 2-2
Added Pin To Net: NetName=NetTX_U_Single cell module 2_2 Pin=U1_U_Single cell module 2-4
Added Net: Name=NetTX_U_Single cell module 2_2
Added Pin To Net: NetName=PA3_U_Single cell module 1 Pin=EXTTEMP1_U_Single cell module 1-1
Added Pin To Net: NetName=PA3_U_Single cell module 1 Pin=IC1_U_Single cell module 1-13
Added Pin To Net: NetName=PA3_U_Single cell module 1 Pin=J1_U_Single cell module 1-1
Added Pin To Net: NetName=PA3_U_Single cell module 1 Pin=R21_U_Single cell module 1-2
Added Pin To Net: NetName=PA3_U_Single cell module 1 Pin=R23_U_Single cell module 1-1
Added Net: Name=PA3_U_Single cell module 1
Added Pin To Net: NetName=PA3_U_Single cell module 2 Pin=EXTTEMP1_U_Single cell module 2-1
Added Pin To Net: NetName=PA3_U_Single cell module 2 Pin=IC1_U_Single cell module 2-13
Added Pin To Net: NetName=PA3_U_Single cell module 2 Pin=J1_U_Single cell module 2-1
Added Pin To Net: NetName=PA3_U_Single cell module 2 Pin=R21_U_Single cell module 2-2
Added Pin To Net: NetName=PA3_U_Single cell module 2 Pin=R23_U_Single cell module 2-1
Added Net: Name=PA3_U_Single cell module 2
Added Pin To Net: NetName=PA6_U_Single cell module 1 Pin=D4_U_Single cell module 1-2
Added Pin To Net: NetName=PA6_U_Single cell module 1 Pin=IC1_U_Single cell module 1-4
Added Net: Name=PA6_U_Single cell module 1
Added Pin To Net: NetName=PA6_U_Single cell module 2 Pin=D4_U_Single cell module 2-2
Added Pin To Net: NetName=PA6_U_Single cell module 2 Pin=IC1_U_Single cell module 2-4
Added Net: Name=PA6_U_Single cell module 2
Added Pin To Net: NetName=PA7_U_Single cell module 1 Pin=IC1_U_Single cell module 1-5
Added Pin To Net: NetName=PA7_U_Single cell module 1 Pin=R19_U_Single cell module 1-1
Added Pin To Net: NetName=PA7_U_Single cell module 1 Pin=R20_U_Single cell module 1-2
Added Net: Name=PA7_U_Single cell module 1
Added Pin To Net: NetName=PA7_U_Single cell module 2 Pin=IC1_U_Single cell module 2-5
Added Pin To Net: NetName=PA7_U_Single cell module 2 Pin=R19_U_Single cell module 2-1
Added Pin To Net: NetName=PA7_U_Single cell module 2 Pin=R20_U_Single cell module 2-2
Added Net: Name=PA7_U_Single cell module 2
Added Pin To Net: NetName=REF EN_U_Single cell module 1 Pin=IC1_U_Single cell module 1-11
Added Pin To Net: NetName=REF EN_U_Single cell module 1 Pin=R2_U_Single cell module 1-2
Added Net: Name=REF EN_U_Single cell module 1
Added Pin To Net: NetName=REF EN_U_Single cell module 2 Pin=IC1_U_Single cell module 2-11
Added Pin To Net: NetName=REF EN_U_Single cell module 2 Pin=R2_U_Single cell module 2-2
Added Net: Name=REF EN_U_Single cell module 2
Added Pin To Net: NetName=RESET_U_Single cell module 1 Pin=IC1_U_Single cell module 1-10
Added Pin To Net: NetName=RESET_U_Single cell module 1 Pin=R1_U_Single cell module 1-1
Added Pin To Net: NetName=RESET_U_Single cell module 1 Pin=UPDU1_U_Single cell module 1-2
Added Net: Name=RESET_U_Single cell module 1
Added Pin To Net: NetName=RESET_U_Single cell module 2 Pin=IC1_U_Single cell module 2-10
Added Pin To Net: NetName=RESET_U_Single cell module 2 Pin=R1_U_Single cell module 2-1
Added Pin To Net: NetName=RESET_U_Single cell module 2 Pin=UPDU1_U_Single cell module 2-2
Added Net: Name=RESET_U_Single cell module 2
Added Pin To Net: NetName=RXDO_U_Single cell module 1 Pin=IC1_U_Single cell module 1-6
Added Pin To Net: NetName=RXDO_U_Single cell module 1 Pin=R16_U_Single cell module 1-2
Added Pin To Net: NetName=RXDO_U_Single cell module 1 Pin=RX_U_Single cell module 1-1
Added Net: Name=RXDO_U_Single cell module 1
Added Pin To Net: NetName=RXDO_U_Single cell module 2 Pin=IC1_U_Single cell module 2-6
Added Pin To Net: NetName=RXDO_U_Single cell module 2 Pin=R16_U_Single cell module 2-2
Added Pin To Net: NetName=RXDO_U_Single cell module 2 Pin=RX_U_Single cell module 2-1
Added Pin To Net: NetName=RXDO_U_Single cell module 2 Pin=TX_U_Single cell module 1-1
Added Pin To Net: NetName=RXDO_U_Single cell module 2 Pin=U1_U_Single cell module 1-3
Added Net: Name=RXDO_U_Single cell module 2
Added Pin To Net: NetName=TXDO_U_Single cell module 1 Pin=IC1_U_Single cell module 1-7
Added Pin To Net: NetName=TXDO_U_Single cell module 1 Pin=R5_U_Single cell module 1-1
Added Net: Name=TXDO_U_Single cell module 1
Added Pin To Net: NetName=TXDO_U_Single cell module 2 Pin=IC1_U_Single cell module 2-7
Added Pin To Net: NetName=TXDO_U_Single cell module 2 Pin=R5_U_Single cell module 2-1
Added Net: Name=TXDO_U_Single cell module 2
Added Pin To Net: NetName=VCC_U_Single cell module 1 Pin=C1_U_Single cell module 1-2
Added Pin To Net: NetName=VCC_U_Single cell module 1 Pin=C2_U_Single cell module 1-1
Added Pin To Net: NetName=VCC_U_Single cell module 1 Pin=D2_U_Single cell module 1-1
Added Pin To Net: NetName=VCC_U_Single cell module 1 Pin=D3_U_Single cell module 1-2
Added Pin To Net: NetName=VCC_U_Single cell module 1 Pin=F1_U_Single cell module 1-2
Added Pin To Net: NetName=VCC_U_Single cell module 1 Pin=IC1_U_Single cell module 1-1
Added Pin To Net: NetName=VCC_U_Single cell module 1 Pin=R1_U_Single cell module 1-2
Added Pin To Net: NetName=VCC_U_Single cell module 1 Pin=R6_U_Single cell module 1-1
Added Pin To Net: NetName=VCC_U_Single cell module 1 Pin=R22_U_Single cell module 1-1
Added Pin To Net: NetName=VCC_U_Single cell module 1 Pin=R24_U_Single cell module 1-1
Added Pin To Net: NetName=VCC_U_Single cell module 1 Pin=RX_U_Single cell module 1-2
Added Pin To Net: NetName=VCC_U_Single cell module 1 Pin=UPDU1_U_Single cell module 1-1
Added Net: Name=VCC_U_Single cell module 1
Added Pin To Net: NetName=VCC_U_Single cell module 2 Pin=C1_U_Single cell module 2-2
Added Pin To Net: NetName=VCC_U_Single cell module 2 Pin=C2_U_Single cell module 2-1
Added Pin To Net: NetName=VCC_U_Single cell module 2 Pin=D2_U_Single cell module 2-1
Added Pin To Net: NetName=VCC_U_Single cell module 2 Pin=D3_U_Single cell module 2-2
Added Pin To Net: NetName=VCC_U_Single cell module 2 Pin=F1_U_Single cell module 2-2
Added Pin To Net: NetName=VCC_U_Single cell module 2 Pin=IC1_U_Single cell module 2-1
Added Pin To Net: NetName=VCC_U_Single cell module 2 Pin=R1_U_Single cell module 2-2
Added Pin To Net: NetName=VCC_U_Single cell module 2 Pin=R6_U_Single cell module 2-1
Added Pin To Net: NetName=VCC_U_Single cell module 2 Pin=R22_U_Single cell module 2-1
Added Pin To Net: NetName=VCC_U_Single cell module 2 Pin=R24_U_Single cell module 2-1
Added Pin To Net: NetName=VCC_U_Single cell module 2 Pin=RX_U_Single cell module 2-2
Added Pin To Net: NetName=VCC_U_Single cell module 2 Pin=TX_U_Single cell module 1-2
Added Pin To Net: NetName=VCC_U_Single cell module 2 Pin=U1_U_Single cell module 1-4
Added Pin To Net: NetName=VCC_U_Single cell module 2 Pin=UPDU1_U_Single cell module 2-1
Added Net: Name=VCC_U_Single cell module 2
Added Pin To Net: NetName=VREF_U_Single cell module 1 Pin=D1_U_Single cell module 1-1
Added Pin To Net: NetName=VREF_U_Single cell module 1 Pin=D1_U_Single cell module 1-2
Added Pin To Net: NetName=VREF_U_Single cell module 1 Pin=IC1_U_Single cell module 1-3
Added Pin To Net: NetName=VREF_U_Single cell module 1 Pin=R2_U_Single cell module 1-1
Added Net: Name=VREF_U_Single cell module 1
Added Pin To Net: NetName=VREF_U_Single cell module 2 Pin=D1_U_Single cell module 2-1
Added Pin To Net: NetName=VREF_U_Single cell module 2 Pin=D1_U_Single cell module 2-2
Added Pin To Net: NetName=VREF_U_Single cell module 2 Pin=IC1_U_Single cell module 2-3
Added Pin To Net: NetName=VREF_U_Single cell module 2 Pin=R2_U_Single cell module 2-1
Added Net: Name=VREF_U_Single cell module 2
Added Class: Name=Single cell module 1
