Removed Pin From Net: NetName=IO33 Pin=U?-1
Removed Pin From Net: NetName=VSPI_MOSI Pin=U?-2
Removed Pin From Net: NetName=IO35_INPUT Pin=U?-3
Removed Pin From Net: NetName=VSPI_MISO Pin=U?-4
Removed Pin From Net: NetName=VSPI_CLK Pin=U?-5
Removed Pin From Net: NetName=3.3V Pin=U?-6
Removed Pin From Net: NetName=DISPLAY_CS Pin=U?-7
Removed Pin From Net: NetName=VBUS Pin=U?-8
Removed Pin From Net: NetName=NetC11_1 Pin=U?-9
Removed Pin From Net: NetName=NetC11_2 Pin=U?-10
Removed Member From Class: ClassName=Sheet1 Member=U?
Change Component Designator: OldDesignator=U? NewDesignator=IC2
Added Pin To Net: NetName=IO33 Pin=IC2-1
Added Pin To Net: NetName=VSPI_MOSI Pin=IC2-2
Added Pin To Net: NetName=IO35_INPUT Pin=IC2-3
Added Pin To Net: NetName=VSPI_MISO Pin=IC2-4
Added Pin To Net: NetName=VSPI_CLK Pin=IC2-5
Added Pin To Net: NetName=3.3V Pin=IC2-6
Added Pin To Net: NetName=DISPLAY_CS Pin=IC2-7
Added Pin To Net: NetName=VBUS Pin=IC2-8
Added Pin To Net: NetName=NetC11_1 Pin=IC2-9
Added Pin To Net: NetName=NetC11_2 Pin=IC2-10
Added Member To Class: ClassName=Sheet1 Member=Component IC2 INA229AIDGST
