Removed Pin From Net: NetName=3.3V Pin=C1-1
Removed Pin From Net: NetName=DISPLAY_CS Pin=C1-2
Removed Pin From Net: NetName=FUSED5V Pin=C2-1
Removed Pin From Net: NetName=DISPLAY_CS Pin=C2-2
Removed Pin From Net: NetName=FUSED5V Pin=C6-1
Removed Pin From Net: NetName=DISPLAY_CS Pin=C6-2
Removed Pin From Net: NetName=DISPLAY_CS Pin=C10-1
Removed Pin From Net: NetName=3.3V Pin=C10-2
Removed Pin From Net: NetName=DISPLAY_CS Pin=D1-3
Removed Pin From Net: NetName=FUSED5V Pin=D2-A
Removed Pin From Net: NetName=FUSED5V Pin=DS1-2
Removed Pin From Net: NetName=FUSED5V Pin=J1-1
Removed Pin From Net: NetName=DISPLAY_CS Pin=J1-2
Removed Pin From Net: NetName=FUSED5V Pin=J2-1
Removed Pin From Net: NetName=DISPLAY_CS Pin=J2-4
Removed Pin From Net: NetName=VSPI_MISO Pin=J5-1
Removed Pin From Net: NetName=3.3V Pin=J5-2
Removed Pin From Net: NetName=VSPI_CLK Pin=J5-3
Removed Pin From Net: NetName=VSPI_MOSI Pin=J5-4
Removed Pin From Net: NetName=AVRISP_RESET Pin=J5-5
Removed Pin From Net: NetName=DISPLAY_CS Pin=J5-6
Removed Pin From Net: NetName=NetJ6_3 Pin=J6- 
Removed Pin From Net: NetName=FUSED5V Pin=K2-4
Removed Pin From Net: NetName=FUSED5V Pin=Q3-3
Removed Pin From Net: NetName=DISPLAY_CS Pin=U1-2
Removed Pin From Net: NetName=3.3V Pin=U1-3
Removed Pin From Net: NetName=3.3V Pin=U1-6
Removed Pin From Net: NetName=FUSED5V Pin=U1-7
Removed Pin From Net: NetName=DISPLAY_CS Pin=U2-2
Removed Pin From Net: NetName=FUSED5V Pin=U2-3
Removed Pin From Net: NetName=DISPLAY_CS Pin=U2-8
Removed Pin From Net: NetName=IO21 Pin=U4-1
Removed Pin From Net: NetName=IO25 Pin=U4-2
Removed Pin From Net: NetName=IO25 Pin=U4-3
Removed Pin From Net: NetName=IO22 Pin=U4-4
Removed Pin From Net: NetName=DISPLAY_CS Pin=U4-5
Removed Pin From Net: NetName=3.3V Pin=U4-8
Removed Member From Class: ClassName=Sheet1 Member=C1
Removed Member From Class: ClassName=Sheet1 Member=C2
Removed Member From Class: ClassName=Sheet1 Member=C6
Removed Member From Class: ClassName=Sheet1 Member=C10
Removed Member From Class: ClassName=Sheet1 Member=D1
Removed Member From Class: ClassName=Sheet1 Member=J1
Removed Member From Class: ClassName=Sheet1 Member=J2
Removed Member From Class: ClassName=Sheet1 Member=J5
Removed Member From Class: ClassName=Sheet1 Member=R2
Removed Member From Class: ClassName=Sheet1 Member=R10
Removed Member From Class: ClassName=Sheet1 Member=U1
Removed Member From Class: ClassName=Sheet1 Member=U2
Removed Member From Class: ClassName=Sheet1 Member=U4
Added Component: Designator=D?(FP-APG1005CGC-T-MFG)
Added Component: Designator=D?(FP-HSMS-C150-MFG)
Added Component: Designator=D?(FP-LTST-C193TBKT-5A-MFG)
Added Component: Designator=R?(FP-CRCW1206-e3-MFG)
Added Component: Designator=R?(FP-CRCW1206-e3-MFG)
Added Component: Designator=R?(FP-CRCW1206-e3-MFG)
Add Pin To Net: Unknown Pin: Pin D?-1
Add Pin To Net: Unknown Pin: Pin D?-1
Add Pin To Net: Unknown Pin: Pin D?-1
Add Pin To Net: Unknown Pin: Pin J6-3
Added Pin To Net: NetName=3.3V Pin=R19-2
Add Pin To Net: Unknown Pin: Pin R?-1
Add Pin To Net: Unknown Pin: Pin R?-1
Add Pin To Net: Unknown Pin: Pin R?-1
Change Net Name : Old Net Name=DISPLAY_CS New Net Name=Receive
Change Net Name : Old Net Name=DISPLAY_DC New Net Name=IO15
Added Pin To Net: NetName=IO16 Pin=MD1-27
Added Pin To Net: NetName=IO16 Pin=R6-2
Added Net: Name=IO16
Added Pin To Net: NetName=IO17 Pin=MD1-28
Added Net: Name=IO17
Added Pin To Net: NetName=NetD2_A Pin=D2-A
Added Pin To Net: NetName=NetD2_A Pin=DS1-2
Added Pin To Net: NetName=NetD2_A Pin=K2-4
Added Pin To Net: NetName=NetD2_A Pin=Q3-3
Added Net: Name=NetD2_A
Added Net: Name=NetD?_2
Add Net: Net with name "NetD?_2" already exists
Add Net: Net with name "NetD?_2" already exists
Added Member To Class: ClassName=Sheet1 Member=Component 3 ERJ2RKF5600X
Add Class Member: Failed to add class member : Component D? APG1005CGC-T
Add Class Member: Failed to add class member : Component D? HSMS-C150
Add Class Member: Failed to add class member : Component D? LTST-C193TBKT-5A
Added Member To Class: ClassName=Sheet1 Member=Component IC2 INA229AIDGST
Add Class Member: Failed to add class member : Component R? CRCW1206330RFKEA
Add Class Member: Failed to add class member : Component R? CRCW1206330RFKEA
Add Class Member: Failed to add class member : Component R? CRCW1206330RFKEA
