Change Component Designator: OldDesignator=D? NewDesignator=D2
Change Component Designator: OldDesignator=DS? NewDesignator=DS1
Change Component Designator: OldDesignator=DS? NewDesignator=DS2
Change Component Designator: OldDesignator=P? NewDesignator=P1
Change Component Designator: OldDesignator=P? NewDesignator=P2
Added Component: Designator=S1(TS2134035BK160SMTTR)
Add component (AddParameter): Name = "Arrow Part Number"; Value = ""; VariantName = "[No Variations]"
Add component (AddParameter): Name = "Arrow Price/Stock"; Value = ""; VariantName = "[No Variations]"
Add component (AddParameter): Name = "Datasheet Link"; Value = "https://www.cuidevices.com/product/resource/ts21.pdf"; VariantName = "[No Variations]"
Add component (AddParameter): Name = "Height"; Value = "1.7mm"; VariantName = "[No Variations]"
Add component (AddParameter): Name = "Manufacturer_Name"; Value = "CUI Devices"; VariantName = "[No Variations]"
Add component (AddParameter): Name = "Manufacturer_Part_Number"; Value = "TS21-34-035-BK-160-SMT-TR"; VariantName = "[No Variations]"
Add component (AddParameter): Name = "Mouser Part Number"; Value = "179-134035BK160SMTTR"; VariantName = "[No Variations]"
Add component (AddParameter): Name = "Mouser Price/Stock"; Value = "https://www.mouser.co.uk/ProductDetail/CUI-Devices/TS21-34-035-BK-160-SMT-TR?qs=1Kr7Jg1SGW9zzGN58LP5Sg%3D%3D"; VariantName = "[No Variations]"
Added Component: Designator=S2(TS2134035BK160SMTTR)
Add component (AddParameter): Name = "Arrow Part Number"; Value = ""; VariantName = "[No Variations]"
Add component (AddParameter): Name = "Arrow Price/Stock"; Value = ""; VariantName = "[No Variations]"
Add component (AddParameter): Name = "Datasheet Link"; Value = "https://www.cuidevices.com/product/resource/ts21.pdf"; VariantName = "[No Variations]"
Add component (AddParameter): Name = "Height"; Value = "1.7mm"; VariantName = "[No Variations]"
Add component (AddParameter): Name = "Manufacturer_Name"; Value = "CUI Devices"; VariantName = "[No Variations]"
Add component (AddParameter): Name = "Manufacturer_Part_Number"; Value = "TS21-34-035-BK-160-SMT-TR"; VariantName = "[No Variations]"
Add component (AddParameter): Name = "Mouser Part Number"; Value = "179-134035BK160SMTTR"; VariantName = "[No Variations]"
Add component (AddParameter): Name = "Mouser Price/Stock"; Value = "https://www.mouser.co.uk/ProductDetail/CUI-Devices/TS21-34-035-BK-160-SMT-TR?qs=1Kr7Jg1SGW9zzGN58LP5Sg%3D%3D"; VariantName = "[No Variations]"
Add Component: Footprint Not Found SOP50P490X110-10N
Added Pin To Net: NetName=SW2_EXT Pin=S1-2
Added Pin To Net: NetName=DISPLAY_CS Pin=S1-4
Added Pin To Net: NetName=SW1_EXT Pin=S2-2
Added Pin To Net: NetName=DISPLAY_CS Pin=S2-4
Add Pin To Net: Unknown Pin: Pin U6-1
Add Pin To Net: Unknown Pin: Pin U6-2
Add Pin To Net: Unknown Pin: Pin U6-3
Add Pin To Net: Unknown Pin: Pin U6-4
Add Pin To Net: Unknown Pin: Pin U6-5
Add Pin To Net: Unknown Pin: Pin U6-6
Add Pin To Net: Unknown Pin: Pin U6-7
Add Pin To Net: Unknown Pin: Pin U6-8
Add Pin To Net: Unknown Pin: Pin U6-9
Add Pin To Net: Unknown Pin: Pin U6-10
Added Member To Class: ClassName=Sheet1 Member=Component DS1 HSMY-C190
Added Member To Class: ClassName=Sheet1 Member=Component K1 SRD-05VDC-SL-C
Added Member To Class: ClassName=Sheet1 Member=Component P2 B3B-PH-K-S(LF)(SN)
Added Member To Class: ClassName=Sheet1 Member=Component S1 TS21-34-035-BK-160-SMT-TR
Added Member To Class: ClassName=Sheet1 Member=Component S2 TS21-34-035-BK-160-SMT-TR
Add Class Member: Failed to add class member : Component U6 INA229AIDGST
