Added Component: Designator=D?(FP-APG1005CGC-T-MFG)
Added Component: Designator=D?(FP-HSMS-C150-MFG)
Added Component: Designator=D?(FP-LTST-C193TBKT-5A-MFG)
Added Component: Designator=R?(FP-CRCW1206-e3-MFG)
Added Component: Designator=R?(FP-CRCW1206-e3-MFG)
Added Component: Designator=R?(FP-CRCW1206-e3-MFG)
Add Pin To Net: Unknown Pin: Pin D?-1
Add Pin To Net: Unknown Pin: Pin D?-1
Add Pin To Net: Unknown Pin: Pin D?-1
Add Pin To Net: Unknown Pin: Pin D?-2
Add Pin To Net: Unknown Pin: Pin J6-3
Add Pin To Net: Unknown Pin: Pin R?-1
Add Pin To Net: Unknown Pin: Pin R?-1
Add Pin To Net: Unknown Pin: Pin R?-1
Add Pin To Net: Unknown Pin: Pin R?-2
Add Net: Net with name "NetD?_2" already exists
Add Net: Net with name "NetD?_2" already exists
Add Class Member: Failed to add class member : Component D? APG1005CGC-T
Add Class Member: Failed to add class member : Component D? HSMS-C150
Add Class Member: Failed to add class member : Component D? LTST-C193TBKT-5A
Add Class Member: Failed to add class member : Component R? CRCW1206330RFKEA
Add Class Member: Failed to add class member : Component R? CRCW1206330RFKEA
Add Class Member: Failed to add class member : Component R? CRCW1206330RFKEA
