Change Component Designator: OldDesignator=J? NewDesignator=J10
Change Component Designator: OldDesignator=J? NewDesignator=J11
Change Component Designator: OldDesignator=JP? NewDesignator=JP5
Change Component Designator: OldDesignator=JP? NewDesignator=JP6
Add Component: Footprint Not Found PTS526SMG20SMTR21LFS
Add Pin To Net: Unknown Pin: Pin SW1-1
Add Pin To Net: Unknown Pin: Pin SW1-3
Change Net Name : Old Net Name=NetJ?_1 New Net Name=NetJ11_1
Change Net Name : Old Net Name=NetJ?_2 New Net Name=NetJ11_2
Change Net Name : Old Net Name=NetJ?_3 New Net Name=NetJ10_3
Change Net Name : Old Net Name=NetJP?_1 New Net Name=NetJP6_1
Added Pin To Net: NetName=NetJ10_1 Pin=J10-1
Added Pin To Net: NetName=NetJ10_1 Pin=K1-1
Added Net: Name=NetJ10_1
Added Pin To Net: NetName=NetJ10_2 Pin=J10-2
Added Pin To Net: NetName=NetJ10_2 Pin=K1-2
Added Net: Name=NetJ10_2
Added Pin To Net: NetName=NetJ11_3 Pin=J11-3
Added Pin To Net: NetName=NetJ11_3 Pin=K2-3
Added Net: Name=NetJ11_3
Added Member To Class: ClassName=Sheet1 Member=Component J11 B3B-XH-A(LF)(SN)
Added Member To Class: ClassName=Sheet1 Member=Component JP6 B2B-XH-A(LF)(SN)
Add Class Member: Failed to add class member : Component SW1 PTS526SMG20SMTR21_LFS
