Removed Pin From Net: NetName=GND Pin=C1_U1-1
Removed Pin From Net: NetName=GND Pin=C1_U3-1
Removed Pin From Net: NetName=GND Pin=C1_U4-1
Removed Pin From Net: NetName=GND Pin=C1_U5-1
Removed Pin From Net: NetName=GND Pin=C2_U1-2
Removed Pin From Net: NetName=GND Pin=C2_U3-2
Removed Pin From Net: NetName=GND Pin=C2_U4-2
Removed Pin From Net: NetName=GND Pin=C2_U5-2
Removed Pin From Net: NetName=GND Pin=D1_U1-3
Removed Pin From Net: NetName=GND Pin=D1_U3-3
Removed Pin From Net: NetName=GND Pin=D1_U4-3
Removed Pin From Net: NetName=GND Pin=D1_U5-3
Removed Pin From Net: NetName=GND Pin=D2_U1-2
Removed Pin From Net: NetName=GND Pin=D2_U3-2
Removed Pin From Net: NetName=GND Pin=D2_U4-2
Removed Pin From Net: NetName=GND Pin=D2_U5-2
Removed Pin From Net: NetName=GND Pin=IC1_U1-14
Removed Pin From Net: NetName=GND Pin=IC1_U3-14
Removed Pin From Net: NetName=GND Pin=IC1_U4-14
Removed Pin From Net: NetName=GND Pin=IC1_U5-14
Removed Pin From Net: NetName=PA3_U1 Pin=J1_U1-1
Removed Pin From Net: NetName=ENABLE_U1 Pin=J1_U1-2
Removed Pin From Net: NetName=PA3_U2 Pin=J1_U2-1
Removed Pin From Net: NetName=ENABLE_U2 Pin=J1_U2-2
Removed Pin From Net: NetName=PA3_U3 Pin=J1_U3-1
Removed Pin From Net: NetName=ENABLE_U3 Pin=J1_U3-2
Removed Pin From Net: NetName=PA3_U4 Pin=J1_U4-1
Removed Pin From Net: NetName=ENABLE_U4 Pin=J1_U4-2
Removed Pin From Net: NetName=PA3_U5 Pin=J1_U5-1
Removed Pin From Net: NetName=ENABLE_U5 Pin=J1_U5-2
Removed Pin From Net: NetName=GND Pin=POWER_U1-1
Removed Pin From Net: NetName=NetF1_U1_1 Pin=POWER_U1-2
Removed Pin From Net: NetName=GND Pin=POWER_U2-1
Removed Pin From Net: NetName=NetF1_U2_1 Pin=POWER_U2-2
Removed Pin From Net: NetName=GND Pin=POWER_U3-1
Removed Pin From Net: NetName=NetF1_U3_1 Pin=POWER_U3-2
Removed Pin From Net: NetName=GND Pin=POWER_U4-1
Removed Pin From Net: NetName=NetF1_U4_1 Pin=POWER_U4-2
Removed Pin From Net: NetName=GND Pin=POWER_U5-1
Removed Pin From Net: NetName=NetF1_U5_1 Pin=POWER_U5-2
Removed Pin From Net: NetName=GND Pin=Q1_U1-2
Removed Pin From Net: NetName=GND Pin=Q1_U3-2
Removed Pin From Net: NetName=GND Pin=Q1_U4-2
Removed Pin From Net: NetName=GND Pin=Q1_U5-2
Removed Pin From Net: NetName=GND Pin=R15_U1-2
Removed Pin From Net: NetName=GND Pin=R15_U3-2
Removed Pin From Net: NetName=GND Pin=R15_U4-2
Removed Pin From Net: NetName=GND Pin=R15_U5-2
Removed Pin From Net: NetName=GND Pin=R16_U1-1
Removed Pin From Net: NetName=GND Pin=R16_U3-1
Removed Pin From Net: NetName=GND Pin=R16_U4-1
Removed Pin From Net: NetName=GND Pin=R16_U5-1
Removed Pin From Net: NetName=GND Pin=R18_U1-2
Removed Pin From Net: NetName=GND Pin=R18_U3-2
Removed Pin From Net: NetName=GND Pin=R18_U4-2
Removed Pin From Net: NetName=GND Pin=R18_U5-2
Removed Pin From Net: NetName=GND Pin=R20_U1-1
Removed Pin From Net: NetName=GND Pin=R20_U3-1
Removed Pin From Net: NetName=GND Pin=R20_U4-1
Removed Pin From Net: NetName=GND Pin=R20_U5-1
Removed Pin From Net: NetName=GND Pin=R21_U1-1
Removed Pin From Net: NetName=GND Pin=R21_U3-1
Removed Pin From Net: NetName=GND Pin=R21_U4-1
Removed Pin From Net: NetName=GND Pin=R21_U5-1
Removed Pin From Net: NetName=GND Pin=U1_U1-2
Removed Pin From Net: NetName=GND Pin=U1_U3-2
Removed Pin From Net: NetName=GND Pin=U1_U4-2
Removed Pin From Net: NetName=GND Pin=U1_U5-2
Removed Pin From Net: NetName=GND Pin=UPDU1_U1-3
Removed Pin From Net: NetName=GND Pin=UPDU1_U3-3
Removed Pin From Net: NetName=GND Pin=UPDU1_U4-3
Removed Pin From Net: NetName=GND Pin=UPDU1_U5-3
Added Component: Designator=Power(212528-10YY_1)
Add component (AddParameter): Name = "Arrow Part Number"; Value = ""; VariantName = "[No Variations]"
Add component (AddParameter): Name = "Arrow Price/Stock"; Value = ""; VariantName = "[No Variations]"
Add component (AddParameter): Name = "Datasheet Link"; Value = "https://www.molex.com/pdm_docs/sd/2125280200_sd.pdf"; VariantName = "[No Variations]"
Add component (AddParameter): Name = "Height"; Value = "8.8mm"; VariantName = "[No Variations]"
Add component (AddParameter): Name = "Manufacturer_Name"; Value = "Molex"; VariantName = "[No Variations]"
Add component (AddParameter): Name = "Manufacturer_Part_Number"; Value = "212528-1001"; VariantName = "[No Variations]"
Add component (AddParameter): Name = "Mouser Part Number"; Value = "538-212528-1001"; VariantName = "[No Variations]"
Add component (AddParameter): Name = "Mouser Price/Stock"; Value = "https://www.mouser.co.uk/ProductDetail/Molex/212528-1001?qs=W%2FMpXkg%252BdQ4hWZ2b%252Bpt5GQ%3D%3D"; VariantName = "[No Variations]"
Added Component: Designator=Thermal(212528-10YY_1)
Add component (AddParameter): Name = "Arrow Part Number"; Value = ""; VariantName = "[No Variations]"
Add component (AddParameter): Name = "Arrow Price/Stock"; Value = ""; VariantName = "[No Variations]"
Add component (AddParameter): Name = "Datasheet Link"; Value = "https://www.molex.com/pdm_docs/sd/2125280200_sd.pdf"; VariantName = "[No Variations]"
Add component (AddParameter): Name = "Height"; Value = "8.8mm"; VariantName = "[No Variations]"
Add component (AddParameter): Name = "Manufacturer_Name"; Value = "Molex"; VariantName = "[No Variations]"
Add component (AddParameter): Name = "Manufacturer_Part_Number"; Value = "212528-1001"; VariantName = "[No Variations]"
Add component (AddParameter): Name = "Mouser Part Number"; Value = "538-212528-1001"; VariantName = "[No Variations]"
Add component (AddParameter): Name = "Mouser Price/Stock"; Value = "https://www.mouser.co.uk/ProductDetail/Molex/212528-1001?qs=W%2FMpXkg%252BdQ4hWZ2b%252Bpt5GQ%3D%3D"; VariantName = "[No Variations]"
Added Pin To Net: NetName=GND Pin=Power-2
Added Pin To Net: NetName=NetF1_U1_1 Pin=Power-6
Added Pin To Net: NetName=NetF1_U2_1 Pin=Power-7
Added Pin To Net: NetName=NetF1_U3_1 Pin=Power-8
Added Pin To Net: NetName=NetF1_U4_1 Pin=Power-9
Added Pin To Net: NetName=NetF1_U5_1 Pin=Power-10
Added Pin To Net: NetName=ENABLE_U1 Pin=Thermal-1
Added Pin To Net: NetName=ENABLE_U2 Pin=Thermal-2
Added Pin To Net: NetName=ENABLE_U3 Pin=Thermal-3
Added Pin To Net: NetName=ENABLE_U4 Pin=Thermal-4
Added Pin To Net: NetName=ENABLE_U5 Pin=Thermal-5
Added Pin To Net: NetName=PA3_U1 Pin=Thermal-6
Added Pin To Net: NetName=PA3_U2 Pin=Thermal-7
Added Pin To Net: NetName=PA3_U3 Pin=Thermal-8
Added Pin To Net: NetName=PA3_U4 Pin=Thermal-9
Added Pin To Net: NetName=PA3_U5 Pin=Thermal-10
Change Net Name : Old Net Name=GND New Net Name=GND_U2
Added Pin To Net: NetName=GND_U1 Pin=C1_U1-1
Added Pin To Net: NetName=GND_U1 Pin=C2_U1-2
Added Pin To Net: NetName=GND_U1 Pin=D1_U1-3
Added Pin To Net: NetName=GND_U1 Pin=D2_U1-2
Added Pin To Net: NetName=GND_U1 Pin=IC1_U1-14
Added Pin To Net: NetName=GND_U1 Pin=Power-1
Added Pin To Net: NetName=GND_U1 Pin=Q1_U1-2
Added Pin To Net: NetName=GND_U1 Pin=R15_U1-2
Added Pin To Net: NetName=GND_U1 Pin=R16_U1-1
Added Pin To Net: NetName=GND_U1 Pin=R18_U1-2
Added Pin To Net: NetName=GND_U1 Pin=R20_U1-1
Added Pin To Net: NetName=GND_U1 Pin=R21_U1-1
Added Pin To Net: NetName=GND_U1 Pin=U1_U1-2
Added Pin To Net: NetName=GND_U1 Pin=UPDU1_U1-3
Added Net: Name=GND_U1
Added Pin To Net: NetName=GND_U3 Pin=C1_U3-1
Added Pin To Net: NetName=GND_U3 Pin=C2_U3-2
Added Pin To Net: NetName=GND_U3 Pin=D1_U3-3
Added Pin To Net: NetName=GND_U3 Pin=D2_U3-2
Added Pin To Net: NetName=GND_U3 Pin=IC1_U3-14
Added Pin To Net: NetName=GND_U3 Pin=Power-3
Added Pin To Net: NetName=GND_U3 Pin=Q1_U3-2
Added Pin To Net: NetName=GND_U3 Pin=R15_U3-2
Added Pin To Net: NetName=GND_U3 Pin=R16_U3-1
Added Pin To Net: NetName=GND_U3 Pin=R18_U3-2
Added Pin To Net: NetName=GND_U3 Pin=R20_U3-1
Added Pin To Net: NetName=GND_U3 Pin=R21_U3-1
Added Pin To Net: NetName=GND_U3 Pin=U1_U3-2
Added Pin To Net: NetName=GND_U3 Pin=UPDU1_U3-3
Added Net: Name=GND_U3
Added Pin To Net: NetName=GND_U4 Pin=C1_U4-1
Added Pin To Net: NetName=GND_U4 Pin=C2_U4-2
Added Pin To Net: NetName=GND_U4 Pin=D1_U4-3
Added Pin To Net: NetName=GND_U4 Pin=D2_U4-2
Added Pin To Net: NetName=GND_U4 Pin=IC1_U4-14
Added Pin To Net: NetName=GND_U4 Pin=Power-4
Added Pin To Net: NetName=GND_U4 Pin=Q1_U4-2
Added Pin To Net: NetName=GND_U4 Pin=R15_U4-2
Added Pin To Net: NetName=GND_U4 Pin=R16_U4-1
Added Pin To Net: NetName=GND_U4 Pin=R18_U4-2
Added Pin To Net: NetName=GND_U4 Pin=R20_U4-1
Added Pin To Net: NetName=GND_U4 Pin=R21_U4-1
Added Pin To Net: NetName=GND_U4 Pin=U1_U4-2
Added Pin To Net: NetName=GND_U4 Pin=UPDU1_U4-3
Added Net: Name=GND_U4
Added Pin To Net: NetName=GND_U5 Pin=C1_U5-1
Added Pin To Net: NetName=GND_U5 Pin=C2_U5-2
Added Pin To Net: NetName=GND_U5 Pin=D1_U5-3
Added Pin To Net: NetName=GND_U5 Pin=D2_U5-2
Added Pin To Net: NetName=GND_U5 Pin=IC1_U5-14
Added Pin To Net: NetName=GND_U5 Pin=Power-5
Added Pin To Net: NetName=GND_U5 Pin=Q1_U5-2
Added Pin To Net: NetName=GND_U5 Pin=R15_U5-2
Added Pin To Net: NetName=GND_U5 Pin=R16_U5-1
Added Pin To Net: NetName=GND_U5 Pin=R18_U5-2
Added Pin To Net: NetName=GND_U5 Pin=R20_U5-1
Added Pin To Net: NetName=GND_U5 Pin=R21_U5-1
Added Pin To Net: NetName=GND_U5 Pin=U1_U5-2
Added Pin To Net: NetName=GND_U5 Pin=UPDU1_U5-3
Added Net: Name=GND_U5
Added Member To Class: ClassName=Five cell modules Member=Component Power 212528-1001
Added Member To Class: ClassName=Five cell modules Member=Component Thermal 212528-1001
Added Room: Name=Five cell modules
