Removed Pin From Net: NetName=IO33 Pin=IC2-1
Removed Pin From Net: NetName=VSPI_MOSI Pin=IC2-2
Removed Pin From Net: NetName=IO35_INPUT Pin=IC2-3
Removed Pin From Net: NetName=VSPI_MISO Pin=IC2-4
Removed Pin From Net: NetName=VSPI_CLK Pin=IC2-5
Removed Pin From Net: NetName=3.3V Pin=IC2-6
Removed Pin From Net: NetName=DISPLAY_CS Pin=IC2-7
Removed Pin From Net: NetName=VBUS Pin=IC2-8
Removed Pin From Net: NetName=NetC11_1 Pin=IC2-9
Removed Pin From Net: NetName=NetC11_2 Pin=IC2-10
Removed Member From Class: ClassName=Sheet1 Member=IC2
Change Component Designator: OldDesignator=3 NewDesignator=6
Added Component: Designator=U?(VSSOP10_DGS_TEX)
Add component (AddParameter): Name = "Mfr_Name"; Value = "Texas Instruments"; VariantName = "[No Variations]"
Add component (AddParameter): Name = "RefDes"; Value = "RefDes"; VariantName = "[No Variations]"
Add component (AddParameter): Name = "Type"; Value = "Linear"; VariantName = "[No Variations]"
Added Pin To Net: NetName=IO33 Pin=U?-1
Added Pin To Net: NetName=VSPI_MOSI Pin=U?-2
Added Pin To Net: NetName=IO35_INPUT Pin=U?-3
Added Pin To Net: NetName=VSPI_MISO Pin=U?-4
Added Pin To Net: NetName=VSPI_CLK Pin=U?-5
Added Pin To Net: NetName=3.3V Pin=U?-6
Added Pin To Net: NetName=DISPLAY_CS Pin=U?-7
Added Pin To Net: NetName=VBUS Pin=U?-8
Added Pin To Net: NetName=NetC11_1 Pin=U?-9
Added Pin To Net: NetName=NetC11_2 Pin=U?-10
Added Member To Class: ClassName=Sheet1 Member=Component 6 ERJ8ENF5102V
Added Member To Class: ClassName=Sheet1 Member=Component K1 SRD-05VDC-SL-C
Added Member To Class: ClassName=Sheet1 Member=Component U? INA229AIDGST
