Change Component Designator: OldDesignator=C1_U_Single cell module 1 NewDesignator=C1_U1
Change Component Designator: OldDesignator=C1_U_Single cell module 2 NewDesignator=C1_U2
Change Component Designator: OldDesignator=C2_U_Single cell module 1 NewDesignator=C2_U1
Change Component Designator: OldDesignator=C2_U_Single cell module 2 NewDesignator=C2_U2
Change Component Designator: OldDesignator=D1_U_Single cell module 1 NewDesignator=D1_U1
Change Component Designator: OldDesignator=D1_U_Single cell module 2 NewDesignator=D1_U2
Change Component Designator: OldDesignator=D2_U_Single cell module 1 NewDesignator=D2_U1
Change Component Designator: OldDesignator=D2_U_Single cell module 2 NewDesignator=D2_U2
Change Component Designator: OldDesignator=D3_U_Single cell module 1 NewDesignator=D3_U1
Change Component Designator: OldDesignator=D3_U_Single cell module 2 NewDesignator=D3_U2
Change Component Designator: OldDesignator=D4_U_Single cell module 1 NewDesignator=D4_U1
Change Component Designator: OldDesignator=D4_U_Single cell module 2 NewDesignator=D4_U2
Change Component Designator: OldDesignator=EXTTEMP1_U_Single cell module 1 NewDesignator=EXTTEMP1_U1
Change Component Designator: OldDesignator=EXTTEMP1_U_Single cell module 2 NewDesignator=EXTTEMP1_U2
Change Component Designator: OldDesignator=F1_U_Single cell module 1 NewDesignator=F1_U1
Change Component Designator: OldDesignator=F1_U_Single cell module 2 NewDesignator=F1_U2
Change Component Designator: OldDesignator=IC1_U_Single cell module 1 NewDesignator=IC1_U1
Change Component Designator: OldDesignator=IC1_U_Single cell module 2 NewDesignator=IC1_U2
Change Component Designator: OldDesignator=J1_U_Single cell module 1 NewDesignator=J1_U1
Change Component Designator: OldDesignator=J1_U_Single cell module 2 NewDesignator=J1_U2
Change Component Designator: OldDesignator=POWER1_U_Single cell module 1 NewDesignator=POWER1_U1
Change Component Designator: OldDesignator=POWER1_U_Single cell module 2 NewDesignator=POWER1_U2
Change Component Designator: OldDesignator=POWER2_U_Single cell module 1 NewDesignator=POWER2_U1
Change Component Designator: OldDesignator=POWER2_U_Single cell module 2 NewDesignator=POWER2_U2
Change Component Designator: OldDesignator=Q1_U_Single cell module 1 NewDesignator=Q1_U1
Change Component Designator: OldDesignator=Q1_U_Single cell module 2 NewDesignator=Q1_U2
Change Component Designator: OldDesignator=R1_U_Single cell module 1 NewDesignator=R1_U1
Change Component Designator: OldDesignator=R1_U_Single cell module 2 NewDesignator=R1_U2
Change Component Designator: OldDesignator=R2_U_Single cell module 1 NewDesignator=R2_U1
Change Component Designator: OldDesignator=R2_U_Single cell module 2 NewDesignator=R2_U2
Change Component Designator: OldDesignator=R5_U_Single cell module 1 NewDesignator=R5_U1
Change Component Designator: OldDesignator=R5_U_Single cell module 2 NewDesignator=R5_U2
Change Component Designator: OldDesignator=R6_U_Single cell module 1 NewDesignator=R6_U1
Change Component Designator: OldDesignator=R6_U_Single cell module 2 NewDesignator=R6_U2
Change Component Designator: OldDesignator=R8_U_Single cell module 1 NewDesignator=R8_U1
Change Component Designator: OldDesignator=R8_U_Single cell module 2 NewDesignator=R8_U2
Change Component Designator: OldDesignator=R10_U_Single cell module 1 NewDesignator=R10_U1
Change Component Designator: OldDesignator=R10_U_Single cell module 2 NewDesignator=R10_U2
Change Component Designator: OldDesignator=R14_U_Single cell module 1 NewDesignator=R14_U1
Change Component Designator: OldDesignator=R14_U_Single cell module 2 NewDesignator=R14_U2
Change Component Designator: OldDesignator=R15_U_Single cell module 1 NewDesignator=R15_U1
Change Component Designator: OldDesignator=R15_U_Single cell module 2 NewDesignator=R15_U2
Change Component Designator: OldDesignator=R16_U_Single cell module 1 NewDesignator=R16_U1
Change Component Designator: OldDesignator=R16_U_Single cell module 2 NewDesignator=R16_U2
Change Component Designator: OldDesignator=R17_U_Single cell module 1 NewDesignator=R17_U1
Change Component Designator: OldDesignator=R17_U_Single cell module 2 NewDesignator=R17_U2
Change Component Designator: OldDesignator=R18_U_Single cell module 1 NewDesignator=R18_U1
Change Component Designator: OldDesignator=R18_U_Single cell module 2 NewDesignator=R18_U2
Change Component Designator: OldDesignator=R19_U_Single cell module 1 NewDesignator=R19_U1
Change Component Designator: OldDesignator=R19_U_Single cell module 2 NewDesignator=R19_U2
Change Component Designator: OldDesignator=R20_U_Single cell module 1 NewDesignator=R20_U1
Change Component Designator: OldDesignator=R20_U_Single cell module 2 NewDesignator=R20_U2
Change Component Designator: OldDesignator=R21_U_Single cell module 1 NewDesignator=R21_U1
Change Component Designator: OldDesignator=R21_U_Single cell module 2 NewDesignator=R21_U2
Change Component Designator: OldDesignator=R22_U_Single cell module 1 NewDesignator=R22_U1
Change Component Designator: OldDesignator=R22_U_Single cell module 2 NewDesignator=R22_U2
Change Component Designator: OldDesignator=R23_U_Single cell module 1 NewDesignator=R23_U1
Change Component Designator: OldDesignator=R23_U_Single cell module 2 NewDesignator=R23_U2
Change Component Designator: OldDesignator=R24_U_Single cell module 1 NewDesignator=R24_U1
Change Component Designator: OldDesignator=R24_U_Single cell module 2 NewDesignator=R24_U2
Change Component Designator: OldDesignator=R25_U_Single cell module 1 NewDesignator=R25_U1
Change Component Designator: OldDesignator=R25_U_Single cell module 2 NewDesignator=R25_U2
Change Component Designator: OldDesignator=R26_U_Single cell module 1 NewDesignator=R26_U1
Change Component Designator: OldDesignator=R26_U_Single cell module 2 NewDesignator=R26_U2
Change Component Designator: OldDesignator=R27_U_Single cell module 1 NewDesignator=R27_U1
Change Component Designator: OldDesignator=R27_U_Single cell module 2 NewDesignator=R27_U2
Change Component Designator: OldDesignator=R28_U_Single cell module 1 NewDesignator=R28_U1
Change Component Designator: OldDesignator=R28_U_Single cell module 2 NewDesignator=R28_U2
Change Component Designator: OldDesignator=RX_U_Single cell module 1 NewDesignator=RX_U1
Change Component Designator: OldDesignator=RX_U_Single cell module 2 NewDesignator=RX_U2
Change Component Designator: OldDesignator=TX_U_Single cell module 1 NewDesignator=TX_U1
Change Component Designator: OldDesignator=TX_U_Single cell module 2 NewDesignator=TX_U2
Change Component Designator: OldDesignator=U1_U_Single cell module 1 NewDesignator=U1_U1
Change Component Designator: OldDesignator=U1_U_Single cell module 2 NewDesignator=U1_U2
Change Component Designator: OldDesignator=UPDU1_U_Single cell module 1 NewDesignator=UPDU1_U1
Change Component Designator: OldDesignator=UPDU1_U_Single cell module 2 NewDesignator=UPDU1_U2
Change Net Name : Old Net Name=DUMP_LOAD_ENABLE_U_Single cell module 1 New Net Name=DUMP_LOAD_ENABLE_U1
Change Net Name : Old Net Name=DUMP_LOAD_ENABLE_U_Single cell module 2 New Net Name=DUMP_LOAD_ENABLE_U2
Change Net Name : Old Net Name=ENABLE_U_Single cell module 1 New Net Name=ENABLE_U1
Change Net Name : Old Net Name=ENABLE_U_Single cell module 2 New Net Name=ENABLE_U2
Change Net Name : Old Net Name=NetD3_U_Single cell module 1_1 New Net Name=NetD3_U1_1
Change Net Name : Old Net Name=NetD3_U_Single cell module 2_1 New Net Name=NetD3_U2_1
Change Net Name : Old Net Name=NetD4_U_Single cell module 1_1 New Net Name=NetD4_U1_1
Change Net Name : Old Net Name=NetD4_U_Single cell module 2_1 New Net Name=NetD4_U2_1
Change Net Name : Old Net Name=NetF1_U_Single cell module 1_1 New Net Name=NetF1_U1_1
Change Net Name : Old Net Name=NetF1_U_Single cell module 2_1 New Net Name=NetF1_U2_1
Change Net Name : Old Net Name=NetQ1_U_Single cell module 1_1 New Net Name=NetQ1_U1_1
Change Net Name : Old Net Name=NetQ1_U_Single cell module 1_3 New Net Name=NetQ1_U1_3
Change Net Name : Old Net Name=NetQ1_U_Single cell module 2_1 New Net Name=NetQ1_U2_1
Change Net Name : Old Net Name=NetQ1_U_Single cell module 2_3 New Net Name=NetQ1_U2_3
Change Net Name : Old Net Name=NetR5_U_Single cell module 1_2 New Net Name=NetR5_U1_2
Change Net Name : Old Net Name=NetR5_U_Single cell module 2_2 New Net Name=NetR5_U2_2
Change Net Name : Old Net Name=NetR6_U_Single cell module 1_2 New Net Name=NetR6_U1_2
Change Net Name : Old Net Name=NetR6_U_Single cell module 2_2 New Net Name=NetR6_U2_2
Change Net Name : Old Net Name=NetR8_U_Single cell module 1_2 New Net Name=NetR8_U1_2
Change Net Name : Old Net Name=NetR8_U_Single cell module 2_2 New Net Name=NetR8_U2_2
Change Net Name : Old Net Name=NetR22_U_Single cell module 1_2 New Net Name=NetR22_U1_2
Change Net Name : Old Net Name=NetR22_U_Single cell module 2_2 New Net Name=NetR22_U2_2
Change Net Name : Old Net Name=NetR24_U_Single cell module 1_2 New Net Name=NetR24_U1_2
Change Net Name : Old Net Name=NetR24_U_Single cell module 2_2 New Net Name=NetR24_U2_2
Change Net Name : Old Net Name=NetR25_U_Single cell module 1_2 New Net Name=NetR25_U1_2
Change Net Name : Old Net Name=NetR25_U_Single cell module 2_2 New Net Name=NetR25_U2_2
Change Net Name : Old Net Name=NetR26_U_Single cell module 1_2 New Net Name=NetR26_U1_2
Change Net Name : Old Net Name=NetR26_U_Single cell module 2_2 New Net Name=NetR26_U2_2
Change Net Name : Old Net Name=NetTX_U_Single cell module 2_1 New Net Name=NetTX_U2_1
Change Net Name : Old Net Name=NetTX_U_Single cell module 2_2 New Net Name=NetTX_U2_2
Change Net Name : Old Net Name=PA3_U_Single cell module 1 New Net Name=PA3_U1
Change Net Name : Old Net Name=PA3_U_Single cell module 2 New Net Name=PA3_U2
Change Net Name : Old Net Name=PA6_U_Single cell module 1 New Net Name=PA6_U1
Change Net Name : Old Net Name=PA6_U_Single cell module 2 New Net Name=PA6_U2
Change Net Name : Old Net Name=PA7_U_Single cell module 1 New Net Name=PA7_U1
Change Net Name : Old Net Name=PA7_U_Single cell module 2 New Net Name=PA7_U2
Change Net Name : Old Net Name=REF EN_U_Single cell module 1 New Net Name=REF EN_U1
Change Net Name : Old Net Name=REF EN_U_Single cell module 2 New Net Name=REF EN_U2
Change Net Name : Old Net Name=RESET_U_Single cell module 1 New Net Name=RESET_U1
Change Net Name : Old Net Name=RESET_U_Single cell module 2 New Net Name=RESET_U2
Change Net Name : Old Net Name=RXDO_U_Single cell module 1 New Net Name=RXDO_U1
Change Net Name : Old Net Name=RXDO_U_Single cell module 2 New Net Name=RXDO_U2
Change Net Name : Old Net Name=TXDO_U_Single cell module 1 New Net Name=TXDO_U1
Change Net Name : Old Net Name=TXDO_U_Single cell module 2 New Net Name=TXDO_U2
Change Net Name : Old Net Name=VCC_U_Single cell module 1 New Net Name=VCC_U1
Change Net Name : Old Net Name=VCC_U_Single cell module 2 New Net Name=VCC_U2
Change Net Name : Old Net Name=VREF_U_Single cell module 1 New Net Name=VREF_U1
Change Net Name : Old Net Name=VREF_U_Single cell module 2 New Net Name=VREF_U2
