Removed Pin From Net: NetName=VCC_U1 Pin=C1_U2-2
Removed Pin From Net: NetName=VCC_U1 Pin=C1_U3-2
Removed Pin From Net: NetName=VCC_U1 Pin=C1_U4-2
Removed Pin From Net: NetName=Power 1_U1 Pin=C1_U5-1
Removed Pin From Net: NetName=VCC_U1 Pin=C1_U5-2
Removed Pin From Net: NetName=VCC_U1 Pin=C2_U2-1
Removed Pin From Net: NetName=VCC_U1 Pin=C2_U3-1
Removed Pin From Net: NetName=VCC_U1 Pin=C2_U4-1
Removed Pin From Net: NetName=VCC_U1 Pin=C2_U5-1
Removed Pin From Net: NetName=Power 1_U1 Pin=C2_U5-2
Removed Pin From Net: NetName=Power 1_U1 Pin=D1_U5-3
Removed Pin From Net: NetName=VCC_U1 Pin=D2_U2-1
Removed Pin From Net: NetName=VCC_U1 Pin=D2_U3-1
Removed Pin From Net: NetName=VCC_U1 Pin=D2_U4-1
Removed Pin From Net: NetName=VCC_U1 Pin=D2_U5-1
Removed Pin From Net: NetName=Power 1_U1 Pin=D2_U5-2
Removed Pin From Net: NetName=VCC_U1 Pin=D3_U2-2
Removed Pin From Net: NetName=VCC_U1 Pin=D3_U3-2
Removed Pin From Net: NetName=VCC_U1 Pin=D3_U4-2
Removed Pin From Net: NetName=VCC_U1 Pin=D3_U5-2
Removed Pin From Net: NetName=VCC_U1 Pin=F1_U2-2
Removed Pin From Net: NetName=VCC_U1 Pin=F1_U3-2
Removed Pin From Net: NetName=VCC_U1 Pin=F1_U4-2
Removed Pin From Net: NetName=VCC_U1 Pin=F1_U5-2
Removed Pin From Net: NetName=VCC_U1 Pin=IC1_U2-1
Removed Pin From Net: NetName=RXDO_U1 Pin=IC1_U2-6
Removed Pin From Net: NetName=VCC_U1 Pin=IC1_U3-1
Removed Pin From Net: NetName=RXDO_U1 Pin=IC1_U3-6
Removed Pin From Net: NetName=VCC_U1 Pin=IC1_U4-1
Removed Pin From Net: NetName=RXDO_U1 Pin=IC1_U4-6
Removed Pin From Net: NetName=VCC_U1 Pin=IC1_U5-1
Removed Pin From Net: NetName=RXDO_U1 Pin=IC1_U5-6
Removed Pin From Net: NetName=Power 1_U1 Pin=IC1_U5-14
Removed Pin From Net: NetName=Power 1_U1 Pin=Q1_U5-2
Removed Pin From Net: NetName=VCC_U1 Pin=R1_U2-2
Removed Pin From Net: NetName=VCC_U1 Pin=R1_U3-2
Removed Pin From Net: NetName=VCC_U1 Pin=R1_U4-2
Removed Pin From Net: NetName=VCC_U1 Pin=R1_U5-2
Removed Pin From Net: NetName=VCC_U1 Pin=R6_U2-1
Removed Pin From Net: NetName=VCC_U1 Pin=R6_U3-1
Removed Pin From Net: NetName=VCC_U1 Pin=R6_U4-1
Removed Pin From Net: NetName=VCC_U1 Pin=R6_U5-1
Removed Pin From Net: NetName=Power 1_U1 Pin=R15_U5-2
Removed Pin From Net: NetName=RXDO_U1 Pin=R16_U2-2
Removed Pin From Net: NetName=RXDO_U1 Pin=R16_U3-2
Removed Pin From Net: NetName=RXDO_U1 Pin=R16_U4-2
Removed Pin From Net: NetName=Power 1_U1 Pin=R16_U5-1
Removed Pin From Net: NetName=RXDO_U1 Pin=R16_U5-2
Removed Pin From Net: NetName=Power 1_U1 Pin=R18_U5-2
Removed Pin From Net: NetName=Power 1_U1 Pin=R20_U5-1
Removed Pin From Net: NetName=VCC_U1 Pin=R22_U2-1
Removed Pin From Net: NetName=VCC_U1 Pin=R22_U3-1
Removed Pin From Net: NetName=VCC_U1 Pin=R22_U4-1
Removed Pin From Net: NetName=VCC_U1 Pin=R22_U5-1
Removed Pin From Net: NetName=VCC_U1 Pin=R24_U2-1
Removed Pin From Net: NetName=VCC_U1 Pin=R24_U3-1
Removed Pin From Net: NetName=VCC_U1 Pin=R24_U4-1
Removed Pin From Net: NetName=VCC_U1 Pin=R24_U5-1
Removed Pin From Net: NetName=NetTx_1 Pin=U1_U1-3
Removed Pin From Net: NetName=NetTx_2 Pin=U1_U1-4
Removed Pin From Net: NetName=NetTx_1 Pin=U1_U2-3
Removed Pin From Net: NetName=NetTx_2 Pin=U1_U2-4
Removed Pin From Net: NetName=NetTx_1 Pin=U1_U3-3
Removed Pin From Net: NetName=NetTx_2 Pin=U1_U3-4
Removed Pin From Net: NetName=NetTx_1 Pin=U1_U4-3
Removed Pin From Net: NetName=NetTx_2 Pin=U1_U4-4
Removed Pin From Net: NetName=Power 1_U1 Pin=U1_U5-2
Removed Pin From Net: NetName=VCC_U1 Pin=UPDU1_U2-01
Removed Pin From Net: NetName=VCC_U1 Pin=UPDU1_U3-01
Removed Pin From Net: NetName=VCC_U1 Pin=UPDU1_U4-01
Removed Pin From Net: NetName=VCC_U1 Pin=UPDU1_U5-01
Removed Pin From Net: NetName=Power 1_U1 Pin=UPDU1_U5-03
Added Pin To Net: NetName=Power 1_U5 Pin=C1_U5-1
Added Pin To Net: NetName=Power 1_U5 Pin=C2_U5-2
Added Pin To Net: NetName=Power 1_U5 Pin=D1_U5-3
Added Pin To Net: NetName=Power 1_U5 Pin=D2_U5-2
Added Pin To Net: NetName=Power 1_U5 Pin=IC1_U5-14
Added Pin To Net: NetName=Power 1_U5 Pin=Q1_U5-2
Added Pin To Net: NetName=Power 1_U5 Pin=R15_U5-2
Added Pin To Net: NetName=Power 1_U5 Pin=R16_U5-1
Added Pin To Net: NetName=Power 1_U5 Pin=R18_U5-2
Added Pin To Net: NetName=Power 1_U5 Pin=R20_U5-1
Added Pin To Net: NetName=PA3_U1 Pin=Thermal-1
Added Pin To Net: NetName=PA3_U2 Pin=Thermal-2
Added Pin To Net: NetName=ENABLE_U3 Pin=Thermal-3
Added Pin To Net: NetName=ENABLE_U4 Pin=Thermal-4
Added Pin To Net: NetName=ENABLE_U4 Pin=Thermal-5
Added Pin To Net: NetName=ENABLE_U1 Pin=Thermal-6
Added Pin To Net: NetName=ENABLE_U2 Pin=Thermal-7
Added Pin To Net: NetName=Power 1_U5 Pin=U1_U5-2
Added Pin To Net: NetName=Power 1_U5 Pin=UPDU1_U5-03
Add Net: Net with name "ENABLE_U3" already exists
Add Net: Net with name "ENABLE_U4" already exists
Add Net: Net with name "ENABLE_U5" already exists
Added Pin To Net: NetName=RXDO_U2 Pin=IC1_U2-6
Added Pin To Net: NetName=RXDO_U2 Pin=R16_U2-2
Added Pin To Net: NetName=RXDO_U2 Pin=U1_U1-3
Added Net: Name=RXDO_U2
Added Pin To Net: NetName=RXDO_U3 Pin=IC1_U3-6
Added Pin To Net: NetName=RXDO_U3 Pin=R16_U3-2
Added Pin To Net: NetName=RXDO_U3 Pin=U1_U2-3
Added Net: Name=RXDO_U3
Added Pin To Net: NetName=RXDO_U4 Pin=IC1_U4-6
Added Pin To Net: NetName=RXDO_U4 Pin=R16_U4-2
Added Pin To Net: NetName=RXDO_U4 Pin=U1_U3-3
Added Net: Name=RXDO_U4
Added Pin To Net: NetName=RXDO_U5 Pin=IC1_U5-6
Added Pin To Net: NetName=RXDO_U5 Pin=R16_U5-2
Added Pin To Net: NetName=RXDO_U5 Pin=U1_U4-3
Added Net: Name=RXDO_U5
Added Pin To Net: NetName=VCC_U2 Pin=C1_U2-2
Added Pin To Net: NetName=VCC_U2 Pin=C2_U2-1
Added Pin To Net: NetName=VCC_U2 Pin=D2_U2-1
Added Pin To Net: NetName=VCC_U2 Pin=D3_U2-2
Added Pin To Net: NetName=VCC_U2 Pin=F1_U2-2
Added Pin To Net: NetName=VCC_U2 Pin=IC1_U2-1
Added Pin To Net: NetName=VCC_U2 Pin=R1_U2-2
Added Pin To Net: NetName=VCC_U2 Pin=R6_U2-1
Added Pin To Net: NetName=VCC_U2 Pin=R22_U2-1
Added Pin To Net: NetName=VCC_U2 Pin=R24_U2-1
Added Pin To Net: NetName=VCC_U2 Pin=U1_U1-4
Added Pin To Net: NetName=VCC_U2 Pin=UPDU1_U2-01
Added Net: Name=VCC_U2
Added Pin To Net: NetName=VCC_U3 Pin=C1_U3-2
Added Pin To Net: NetName=VCC_U3 Pin=C2_U3-1
Added Pin To Net: NetName=VCC_U3 Pin=D2_U3-1
Added Pin To Net: NetName=VCC_U3 Pin=D3_U3-2
Added Pin To Net: NetName=VCC_U3 Pin=F1_U3-2
Added Pin To Net: NetName=VCC_U3 Pin=IC1_U3-1
Added Pin To Net: NetName=VCC_U3 Pin=R1_U3-2
Added Pin To Net: NetName=VCC_U3 Pin=R6_U3-1
Added Pin To Net: NetName=VCC_U3 Pin=R22_U3-1
Added Pin To Net: NetName=VCC_U3 Pin=R24_U3-1
Added Pin To Net: NetName=VCC_U3 Pin=U1_U2-4
Added Pin To Net: NetName=VCC_U3 Pin=UPDU1_U3-01
Added Net: Name=VCC_U3
Added Pin To Net: NetName=VCC_U4 Pin=C1_U4-2
Added Pin To Net: NetName=VCC_U4 Pin=C2_U4-1
Added Pin To Net: NetName=VCC_U4 Pin=D2_U4-1
Added Pin To Net: NetName=VCC_U4 Pin=D3_U4-2
Added Pin To Net: NetName=VCC_U4 Pin=F1_U4-2
Added Pin To Net: NetName=VCC_U4 Pin=IC1_U4-1
Added Pin To Net: NetName=VCC_U4 Pin=R1_U4-2
Added Pin To Net: NetName=VCC_U4 Pin=R6_U4-1
Added Pin To Net: NetName=VCC_U4 Pin=R22_U4-1
Added Pin To Net: NetName=VCC_U4 Pin=R24_U4-1
Added Pin To Net: NetName=VCC_U4 Pin=U1_U3-4
Added Pin To Net: NetName=VCC_U4 Pin=UPDU1_U4-01
Added Net: Name=VCC_U4
Added Pin To Net: NetName=VCC_U5 Pin=C1_U5-2
Added Pin To Net: NetName=VCC_U5 Pin=C2_U5-1
Added Pin To Net: NetName=VCC_U5 Pin=D2_U5-1
Added Pin To Net: NetName=VCC_U5 Pin=D3_U5-2
Added Pin To Net: NetName=VCC_U5 Pin=F1_U5-2
Added Pin To Net: NetName=VCC_U5 Pin=IC1_U5-1
Added Pin To Net: NetName=VCC_U5 Pin=R1_U5-2
Added Pin To Net: NetName=VCC_U5 Pin=R6_U5-1
Added Pin To Net: NetName=VCC_U5 Pin=R22_U5-1
Added Pin To Net: NetName=VCC_U5 Pin=R24_U5-1
Added Pin To Net: NetName=VCC_U5 Pin=U1_U4-4
Added Pin To Net: NetName=VCC_U5 Pin=UPDU1_U5-01
Added Net: Name=VCC_U5
Added Room: Name=Five cell modules
