Removed Pin From Net: NetName=ENABLE_U1 Pin=IC1_U1-13
Removed Pin From Net: NetName=Power 1_U1 Pin=R21_U1-1
Removed Pin From Net: NetName=ENABLE_U1 Pin=R21_U1-2
Removed Pin From Net: NetName=Power 1_U2 Pin=R21_U2-1
Removed Pin From Net: NetName=PA3_U2 Pin=R21_U2-2
Removed Pin From Net: NetName=Power 1_U3 Pin=R21_U3-1
Removed Pin From Net: NetName=PA3_U3 Pin=R21_U3-2
Removed Pin From Net: NetName=Power 1_U4 Pin=R21_U4-1
Removed Pin From Net: NetName=PA3_U4 Pin=R21_U4-2
Removed Pin From Net: NetName=Power 1_U1 Pin=R21_U5-1
Removed Pin From Net: NetName=PA3_U5 Pin=R21_U5-2
Removed Pin From Net: NetName=ENABLE_U1 Pin=R23_U1-1
Removed Pin From Net: NetName=ENABLE_U1 Pin=R23_U1-2
Removed Pin From Net: NetName=PA3_U2 Pin=R23_U2-1
Removed Pin From Net: NetName=ENABLE_U2 Pin=R23_U2-2
Removed Pin From Net: NetName=PA3_U3 Pin=R23_U3-1
Removed Pin From Net: NetName=ENABLE_U3 Pin=R23_U3-2
Removed Pin From Net: NetName=PA3_U4 Pin=R23_U4-1
Removed Pin From Net: NetName=ENABLE_U4 Pin=R23_U4-2
Removed Pin From Net: NetName=PA3_U5 Pin=R23_U5-1
Removed Pin From Net: NetName=ENABLE_U5 Pin=R23_U5-2
Removed Pin From Net: NetName=ENABLE_U1 Pin=Thermal-1
Removed Pin From Net: NetName=ENABLE_U2 Pin=Thermal-2
Removed Pin From Net: NetName=ENABLE_U3 Pin=Thermal-3
Removed Pin From Net: NetName=ENABLE_U4 Pin=Thermal-4
Removed Pin From Net: NetName=ENABLE_U5 Pin=Thermal-5
Removed Pin From Net: NetName=PA3_U2 Pin=Thermal-7
Removed Pin From Net: NetName=PA3_U3 Pin=Thermal-8
Removed Pin From Net: NetName=PA3_U4 Pin=Thermal-9
Removed Pin From Net: NetName=PA3_U5 Pin=Thermal-10
Added Pin To Net: NetName=PA3_U1 Pin=IC1_U1-13
Added Net: Name=PA3_U1
Added Pin To Net: NetName=Thermal 1_U1 Pin=Thermal-1
Added Net: Name=Thermal 1_U1
Added Pin To Net: NetName=Thermal 1_U2 Pin=Thermal-2
Added Net: Name=Thermal 1_U2
Added Pin To Net: NetName=Thermal 1_U3 Pin=Thermal-3
Added Net: Name=Thermal 1_U3
Added Pin To Net: NetName=Thermal 1_U4 Pin=Thermal-4
Added Net: Name=Thermal 1_U4
Added Pin To Net: NetName=Thermal 1_U5 Pin=Thermal-5
Added Net: Name=Thermal 1_U5
Added Pin To Net: NetName=Thermal 2_U2 Pin=Thermal-7
Added Net: Name=Thermal 2_U2
Added Pin To Net: NetName=Thermal 2_U3 Pin=Thermal-8
Added Net: Name=Thermal 2_U3
Added Pin To Net: NetName=Thermal 2_U4 Pin=Thermal-9
Added Net: Name=Thermal 2_U4
Added Pin To Net: NetName=Thermal 2_U5 Pin=Thermal-10
Added Net: Name=Thermal 2_U5
Added Room: Name=Five cell modules
