Change Component Footprint: Designator=R2_U1 Old Footprint=RES_8F1001T5E_UNR New Footprint=RES_ERJU06J102V
Change Component Footprint: Designator=R2_U2 Old Footprint=RES_8F1001T5E_UNR New Footprint=RES_ERJU06J102V
Change Component Footprint: Designator=R2_U3 Old Footprint=RES_8F1001T5E_UNR New Footprint=RES_ERJU06J102V
Change Component Footprint: Designator=R2_U4 Old Footprint=RES_8F1001T5E_UNR New Footprint=RES_ERJU06J102V
Change Component Footprint: Designator=R2_U5 Old Footprint=RES_8F1001T5E_UNR New Footprint=RES_ERJU06J102V
Change Component Comment : Designator=R2_U1 Old Comment=0805W8F1001T5E New Comment=ERJU06J102V
Change Component Comment : Designator=R2_U2 Old Comment=0805W8F1001T5E New Comment=ERJU06J102V
Change Component Comment : Designator=R2_U3 Old Comment=0805W8F1001T5E New Comment=ERJU06J102V
Change Component Comment : Designator=R2_U4 Old Comment=0805W8F1001T5E New Comment=ERJU06J102V
Change Component Comment : Designator=R2_U5 Old Comment=0805W8F1001T5E New Comment=ERJU06J102V
Change component parameters: Designator = "R2_U1" ("R2"); Footprint = "RES_8F1001T5E_UNR"; UniqueID = "\CHMVTQTZ\RFCMZEBH" ("\CHMVTQTZ\RFCMZEBH")
Change component parameters (AddParameter): Name = "Availability"; Value = "Unavailable"; VariantName = "[No Variations]"
Change component parameters (AddParameter): Name = "MF"; Value = ""; VariantName = "[No Variations]"
Change component parameters (AddParameter): Name = "MP"; Value = "ERJU06J102V"; VariantName = "[No Variations]"
Change component parameters (AddParameter): Name = "Package"; Value = "None"; VariantName = "[No Variations]"
Change component parameters (AddParameter): Name = "Price"; Value = "None"; VariantName = "[No Variations]"
Change component parameters (AddParameter): Name = "Value"; Value = ""; VariantName = "[No Variations]"
Change component parameters: Designator = "R2_U2" ("R2"); Footprint = "RES_8F1001T5E_UNR"; UniqueID = "\BYOHQYUU\RFCMZEBH" ("\BYOHQYUU\RFCMZEBH")
Change component parameters (AddParameter): Name = "Availability"; Value = "Unavailable"; VariantName = "[No Variations]"
Change component parameters (AddParameter): Name = "MF"; Value = ""; VariantName = "[No Variations]"
Change component parameters (AddParameter): Name = "MP"; Value = "ERJU06J102V"; VariantName = "[No Variations]"
Change component parameters (AddParameter): Name = "Package"; Value = "None"; VariantName = "[No Variations]"
Change component parameters (AddParameter): Name = "Price"; Value = "None"; VariantName = "[No Variations]"
Change component parameters (AddParameter): Name = "Value"; Value = ""; VariantName = "[No Variations]"
Change component parameters: Designator = "R2_U3" ("R2"); Footprint = "RES_8F1001T5E_UNR"; UniqueID = "\QLHGRRKY\RFCMZEBH" ("\QLHGRRKY\RFCMZEBH")
Change component parameters (AddParameter): Name = "Availability"; Value = "Unavailable"; VariantName = "[No Variations]"
Change component parameters (AddParameter): Name = "MF"; Value = ""; VariantName = "[No Variations]"
Change component parameters (AddParameter): Name = "MP"; Value = "ERJU06J102V"; VariantName = "[No Variations]"
Change component parameters (AddParameter): Name = "Package"; Value = "None"; VariantName = "[No Variations]"
Change component parameters (AddParameter): Name = "Price"; Value = "None"; VariantName = "[No Variations]"
Change component parameters (AddParameter): Name = "Value"; Value = ""; VariantName = "[No Variations]"
Change component parameters: Designator = "R2_U4" ("R2"); Footprint = "RES_8F1001T5E_UNR"; UniqueID = "\PYLGZMZO\RFCMZEBH" ("\PYLGZMZO\RFCMZEBH")
Change component parameters (AddParameter): Name = "Availability"; Value = "Unavailable"; VariantName = "[No Variations]"
Change component parameters (AddParameter): Name = "MF"; Value = ""; VariantName = "[No Variations]"
Change component parameters (AddParameter): Name = "MP"; Value = "ERJU06J102V"; VariantName = "[No Variations]"
Change component parameters (AddParameter): Name = "Package"; Value = "None"; VariantName = "[No Variations]"
Change component parameters (AddParameter): Name = "Price"; Value = "None"; VariantName = "[No Variations]"
Change component parameters (AddParameter): Name = "Value"; Value = ""; VariantName = "[No Variations]"
Change component parameters: Designator = "R2_U5" ("R2"); Footprint = "RES_8F1001T5E_UNR"; UniqueID = "\XAMCRMUO\RFCMZEBH" ("\XAMCRMUO\RFCMZEBH")
Change component parameters (AddParameter): Name = "Availability"; Value = "Unavailable"; VariantName = "[No Variations]"
Change component parameters (AddParameter): Name = "MF"; Value = ""; VariantName = "[No Variations]"
Change component parameters (AddParameter): Name = "MP"; Value = "ERJU06J102V"; VariantName = "[No Variations]"
Change component parameters (AddParameter): Name = "Package"; Value = "None"; VariantName = "[No Variations]"
Change component parameters (AddParameter): Name = "Price"; Value = "None"; VariantName = "[No Variations]"
Change component parameters (AddParameter): Name = "Value"; Value = ""; VariantName = "[No Variations]"
Added Room: Name=Five cell modules
