Added Component: Designator=D?(DIOMELF3414N)
Add component (AddParameter): Name = "Check_prices"; Value = "https://www.snapeda.com/parts/FDLL4148/ON%20Semiconductor/view-part/2783433/?ref=eda"; VariantName = "[No Variations]"
Add component (AddParameter): Name = "Digi-Key_Part_Number"; Value = "FDLL4148CT-ND"; VariantName = "[No Variations]"
Add component (AddParameter): Name = "DigiKey-Purchase-URL"; Value = "https://snapeda.com/shop?store=DigiKey&id=2783433"; VariantName = "[No Variations]"
Add component (AddParameter): Name = "MF"; Value = "ON Semiconductor"; VariantName = "[No Variations]"
Add component (AddParameter): Name = "Mouser-Purchase-URL"; Value = "https://snapeda.com/shop?store=Mouser&id=2783433"; VariantName = "[No Variations]"
Add component (AddParameter): Name = "MP"; Value = "FDLL4148"; VariantName = "[No Variations]"
Add component (AddParameter): Name = "Package"; Value = "SOD-80-2 ON Semiconductor"; VariantName = "[No Variations]"
Add component (AddParameter): Name = "SnapEDA_Link"; Value = "https://www.snapeda.com/parts/FDLL4148/ON%20Semiconductor/view-part/2783433/?ref=snap"; VariantName = "[No Variations]"
Add component (AddParameter): Name = "Value"; Value = ""; VariantName = "[No Variations]"
Added Component: Designator=D(DIOMELF3414N)
Add component (AddParameter): Name = "Check_prices"; Value = "https://www.snapeda.com/parts/FDLL4148/ON%20Semiconductor/view-part/2783433/?ref=eda"; VariantName = "[No Variations]"
Add component (AddParameter): Name = "Digi-Key_Part_Number"; Value = "FDLL4148CT-ND"; VariantName = "[No Variations]"
Add component (AddParameter): Name = "DigiKey-Purchase-URL"; Value = "https://snapeda.com/shop?store=DigiKey&id=2783433"; VariantName = "[No Variations]"
Add component (AddParameter): Name = "MF"; Value = "ON Semiconductor"; VariantName = "[No Variations]"
Add component (AddParameter): Name = "Mouser-Purchase-URL"; Value = "https://snapeda.com/shop?store=Mouser&id=2783433"; VariantName = "[No Variations]"
Add component (AddParameter): Name = "MP"; Value = "FDLL4148"; VariantName = "[No Variations]"
Add component (AddParameter): Name = "Package"; Value = "SOD-80-2 ON Semiconductor"; VariantName = "[No Variations]"
Add component (AddParameter): Name = "SnapEDA_Link"; Value = "https://www.snapeda.com/parts/FDLL4148/ON%20Semiconductor/view-part/2783433/?ref=snap"; VariantName = "[No Variations]"
Add component (AddParameter): Name = "Value"; Value = ""; VariantName = "[No Variations]"
Add Component: Footprint Not Found LEDC1608X65N
Add Component: Footprint Not Found LEDC1608X65N
Added Component: Designator=P?(JST-B3B-PH-K-S-3_V)
Add component (AddParameter): Name = "Datasheet URL"; Value = "https://datasheet.ciiva.com/11746/0900766b80826550-11746939.pdf"; VariantName = "[No Variations]"
Add component (AddParameter): Name = "Datasheet Version"; Value = "Oct-06"; VariantName = "[No Variations]"
Add component (AddParameter): Name = "Manufacturer"; Value = "JST"; VariantName = "[No Variations]"
Add component (AddParameter): Name = "Manufacturer URL"; Value = "http://www.jst.com/home2.html"; VariantName = "[No Variations]"
Add component (AddParameter): Name = "No of Positions"; Value = "3"; VariantName = "[No Variations]"
Add component (AddParameter): Name = "Pitch"; Value = "2mm"; VariantName = "[No Variations]"
Add component (AddParameter): Name = "Style/Orientation"; Value = "StraightHeader/Plug"; VariantName = "[No Variations]"
Add component (AddParameter): Name = "Termination"; Value = "Crimp"; VariantName = "[No Variations]"
Add component (AddParameter): Name = "Type"; Value = "ShroudedHeader"; VariantName = "[No Variations]"
Added Component: Designator=P?(JST-B3B-PH-K-S-3_V)
Add component (AddParameter): Name = "Datasheet URL"; Value = "https://datasheet.ciiva.com/11746/0900766b80826550-11746939.pdf"; VariantName = "[No Variations]"
Add component (AddParameter): Name = "Datasheet Version"; Value = "Oct-06"; VariantName = "[No Variations]"
Add component (AddParameter): Name = "Manufacturer"; Value = "JST"; VariantName = "[No Variations]"
Add component (AddParameter): Name = "Manufacturer URL"; Value = "http://www.jst.com/home2.html"; VariantName = "[No Variations]"
Add component (AddParameter): Name = "No of Positions"; Value = "3"; VariantName = "[No Variations]"
Add component (AddParameter): Name = "Pitch"; Value = "2mm"; VariantName = "[No Variations]"
Add component (AddParameter): Name = "Style/Orientation"; Value = "StraightHeader/Plug"; VariantName = "[No Variations]"
Add component (AddParameter): Name = "Termination"; Value = "Crimp"; VariantName = "[No Variations]"
Add component (AddParameter): Name = "Type"; Value = "ShroudedHeader"; VariantName = "[No Variations]"
Add Component: Footprint Not Found PTS526SMG20SMTR21LFS
Add Component: Footprint Not Found PTS526SMG20SMTR21LFS
Add Component: Footprint Not Found SOP50P490X110-10N
Added Pin To Net: NetName=FUSED5V Pin=D-C
Added Pin To Net: NetName=FUSED5V Pin=D?-A
Added Pin To Net: NetName=FUSED5V Pin=D?-C
Added Pin To Net: NetName=FUSED5V Pin=K1-5
Added Pin To Net: NetName=FUSED5V Pin=K2-4
Added Pin To Net: NetName=FUSED5V Pin=K2-5
Add Pin To Net: Unknown Pin: Pin LED_Yellow1-1
Add Pin To Net: Unknown Pin: Pin LED_Yellow1-2
Add Pin To Net: Unknown Pin: Pin LED_Yellow2-2
Added Pin To Net: NetName=FUSED5V Pin=Q3-3
Add Pin To Net: Unknown Pin: Pin SW2-1
Add Pin To Net: Unknown Pin: Pin SW2-3
Add Pin To Net: Unknown Pin: Pin SW3-1
Add Pin To Net: Unknown Pin: Pin SW3-3
Add Pin To Net: Unknown Pin: Pin U6-1
Add Pin To Net: Unknown Pin: Pin U6-2
Add Pin To Net: Unknown Pin: Pin U6-3
Add Pin To Net: Unknown Pin: Pin U6-4
Add Pin To Net: Unknown Pin: Pin U6-5
Add Pin To Net: Unknown Pin: Pin U6-6
Add Pin To Net: Unknown Pin: Pin U6-7
Add Pin To Net: Unknown Pin: Pin U6-8
Add Pin To Net: Unknown Pin: Pin U6-9
Add Pin To Net: Unknown Pin: Pin U6-10
Added Pin To Net: NetName=NetD_A Pin=D-A
Added Pin To Net: NetName=NetD_A Pin=K1-4
Added Pin To Net: NetName=NetD_A Pin=Q4-3
Added Net: Name=NetD_A
Added Pin To Net: NetName=NetK1_1 Pin=K1-1
Added Pin To Net: NetName=NetK1_1 Pin=P?-1
Added Net: Name=NetK1_1
Added Pin To Net: NetName=NetK1_2 Pin=K1-2
Added Pin To Net: NetName=NetK1_2 Pin=P?-2
Added Net: Name=NetK1_2
Added Pin To Net: NetName=NetK1_3 Pin=K1-3
Added Pin To Net: NetName=NetK1_3 Pin=P?-3
Added Net: Name=NetK1_3
Added Pin To Net: NetName=NetK2_1 Pin=K2-1
Added Pin To Net: NetName=NetK2_1 Pin=P?-1
Added Net: Name=NetK2_1
Added Pin To Net: NetName=NetK2_2 Pin=K2-2
Added Pin To Net: NetName=NetK2_2 Pin=P?-2
Added Net: Name=NetK2_2
Added Pin To Net: NetName=NetK2_3 Pin=K2-3
Added Pin To Net: NetName=NetK2_3 Pin=P?-3
Added Net: Name=NetK2_3
Added Member To Class: ClassName=Sheet1 Member=Component D? FDLL4148
Added Member To Class: ClassName=Sheet1 Member=Component D FDLL4148
Added Member To Class: ClassName=Sheet1 Member=Component K1 SRD-05VDC-SL-C
Add Class Member: Failed to add class member : Component LED_Yellow1 TLMY1000-GS08
Add Class Member: Failed to add class member : Component LED_Yellow2 TLMY1000-GS08
Added Member To Class: ClassName=Sheet1 Member=Component P? B3B-PH-K-S(LF)(SN)
Added Member To Class: ClassName=Sheet1 Member=Component P? B3B-PH-K-S(LF)(SN)
Add Class Member: Failed to add class member : Component SW2 PTS526SMG20SMTR21_LFS
Add Class Member: Failed to add class member : Component SW3 PTS526SMG20SMTR21_LFS
Add Class Member: Failed to add class member : Component U6 INA229AIDGST
