Removed Pin From Net: NetName=VCC_U1 Pin=UPDU1_U1-1
Removed Pin From Net: NetName=RESET_U1 Pin=UPDU1_U1-2
Removed Pin From Net: NetName=Power 1_U1 Pin=UPDU1_U1-3
Removed Pin From Net: NetName=VCC_U1 Pin=UPDU1_U2-1
Removed Pin From Net: NetName=RESET_U2 Pin=UPDU1_U2-2
Removed Pin From Net: NetName=Power 1_U2 Pin=UPDU1_U2-3
Removed Pin From Net: NetName=VCC_U1 Pin=UPDU1_U3-1
Removed Pin From Net: NetName=RESET_U3 Pin=UPDU1_U3-2
Removed Pin From Net: NetName=Power 1_U3 Pin=UPDU1_U3-3
Removed Pin From Net: NetName=VCC_U1 Pin=UPDU1_U4-1
Removed Pin From Net: NetName=RESET_U4 Pin=UPDU1_U4-2
Removed Pin From Net: NetName=Power 1_U4 Pin=UPDU1_U4-3
Removed Pin From Net: NetName=VCC_U1 Pin=UPDU1_U5-1
Removed Pin From Net: NetName=RESET_U5 Pin=UPDU1_U5-2
Removed Pin From Net: NetName=Power 1_U1 Pin=UPDU1_U5-3
Added Component: Designator=UPDU1__U1(SAMTEC_TS-103-T-A-1)
Add component (AddParameter): Name = "Availability"; Value = "In Stock"; VariantName = "[No Variations]"
Add component (AddParameter): Name = "Check_prices"; Value = "https://www.snapeda.com/parts/TS-103-T-A-1/Samtec/view-part/?ref=eda"; VariantName = "[No Variations]"
Add component (AddParameter): Name = "MF"; Value = "Samtec"; VariantName = "[No Variations]"
Add component (AddParameter): Name = "MP"; Value = "TS-103-T-A-1"; VariantName = "[No Variations]"
Add component (AddParameter): Name = "Package"; Value = "None"; VariantName = "[No Variations]"
Add component (AddParameter): Name = "Price"; Value = "None"; VariantName = "[No Variations]"
Add component (AddParameter): Name = "Purchase-URL"; Value = "https://pricing.snapeda.com/search/part/TS-103-T-A-1/?ref=eda"; VariantName = "[No Variations]"
Add component (AddParameter): Name = "SnapEDA_Link"; Value = "https://www.snapeda.com/parts/TS-103-T-A-1/Samtec/view-part/?ref=snap"; VariantName = "[No Variations]"
Add component (AddParameter): Name = "Value"; Value = ""; VariantName = "[No Variations]"
Added Component: Designator=UPDU1__U2(SAMTEC_TS-103-T-A-1)
Add component (AddParameter): Name = "Availability"; Value = "In Stock"; VariantName = "[No Variations]"
Add component (AddParameter): Name = "Check_prices"; Value = "https://www.snapeda.com/parts/TS-103-T-A-1/Samtec/view-part/?ref=eda"; VariantName = "[No Variations]"
Add component (AddParameter): Name = "MF"; Value = "Samtec"; VariantName = "[No Variations]"
Add component (AddParameter): Name = "MP"; Value = "TS-103-T-A-1"; VariantName = "[No Variations]"
Add component (AddParameter): Name = "Package"; Value = "None"; VariantName = "[No Variations]"
Add component (AddParameter): Name = "Price"; Value = "None"; VariantName = "[No Variations]"
Add component (AddParameter): Name = "Purchase-URL"; Value = "https://pricing.snapeda.com/search/part/TS-103-T-A-1/?ref=eda"; VariantName = "[No Variations]"
Add component (AddParameter): Name = "SnapEDA_Link"; Value = "https://www.snapeda.com/parts/TS-103-T-A-1/Samtec/view-part/?ref=snap"; VariantName = "[No Variations]"
Add component (AddParameter): Name = "Value"; Value = ""; VariantName = "[No Variations]"
Added Component: Designator=UPDU1__U3(SAMTEC_TS-103-T-A-1)
Add component (AddParameter): Name = "Availability"; Value = "In Stock"; VariantName = "[No Variations]"
Add component (AddParameter): Name = "Check_prices"; Value = "https://www.snapeda.com/parts/TS-103-T-A-1/Samtec/view-part/?ref=eda"; VariantName = "[No Variations]"
Add component (AddParameter): Name = "MF"; Value = "Samtec"; VariantName = "[No Variations]"
Add component (AddParameter): Name = "MP"; Value = "TS-103-T-A-1"; VariantName = "[No Variations]"
Add component (AddParameter): Name = "Package"; Value = "None"; VariantName = "[No Variations]"
Add component (AddParameter): Name = "Price"; Value = "None"; VariantName = "[No Variations]"
Add component (AddParameter): Name = "Purchase-URL"; Value = "https://pricing.snapeda.com/search/part/TS-103-T-A-1/?ref=eda"; VariantName = "[No Variations]"
Add component (AddParameter): Name = "SnapEDA_Link"; Value = "https://www.snapeda.com/parts/TS-103-T-A-1/Samtec/view-part/?ref=snap"; VariantName = "[No Variations]"
Add component (AddParameter): Name = "Value"; Value = ""; VariantName = "[No Variations]"
Added Component: Designator=UPDU1__U4(SAMTEC_TS-103-T-A-1)
Add component (AddParameter): Name = "Availability"; Value = "In Stock"; VariantName = "[No Variations]"
Add component (AddParameter): Name = "Check_prices"; Value = "https://www.snapeda.com/parts/TS-103-T-A-1/Samtec/view-part/?ref=eda"; VariantName = "[No Variations]"
Add component (AddParameter): Name = "MF"; Value = "Samtec"; VariantName = "[No Variations]"
Add component (AddParameter): Name = "MP"; Value = "TS-103-T-A-1"; VariantName = "[No Variations]"
Add component (AddParameter): Name = "Package"; Value = "None"; VariantName = "[No Variations]"
Add component (AddParameter): Name = "Price"; Value = "None"; VariantName = "[No Variations]"
Add component (AddParameter): Name = "Purchase-URL"; Value = "https://pricing.snapeda.com/search/part/TS-103-T-A-1/?ref=eda"; VariantName = "[No Variations]"
Add component (AddParameter): Name = "SnapEDA_Link"; Value = "https://www.snapeda.com/parts/TS-103-T-A-1/Samtec/view-part/?ref=snap"; VariantName = "[No Variations]"
Add component (AddParameter): Name = "Value"; Value = ""; VariantName = "[No Variations]"
Added Component: Designator=UPDU1__U5(SAMTEC_TS-103-T-A-1)
Add component (AddParameter): Name = "Availability"; Value = "In Stock"; VariantName = "[No Variations]"
Add component (AddParameter): Name = "Check_prices"; Value = "https://www.snapeda.com/parts/TS-103-T-A-1/Samtec/view-part/?ref=eda"; VariantName = "[No Variations]"
Add component (AddParameter): Name = "MF"; Value = "Samtec"; VariantName = "[No Variations]"
Add component (AddParameter): Name = "MP"; Value = "TS-103-T-A-1"; VariantName = "[No Variations]"
Add component (AddParameter): Name = "Package"; Value = "None"; VariantName = "[No Variations]"
Add component (AddParameter): Name = "Price"; Value = "None"; VariantName = "[No Variations]"
Add component (AddParameter): Name = "Purchase-URL"; Value = "https://pricing.snapeda.com/search/part/TS-103-T-A-1/?ref=eda"; VariantName = "[No Variations]"
Add component (AddParameter): Name = "SnapEDA_Link"; Value = "https://www.snapeda.com/parts/TS-103-T-A-1/Samtec/view-part/?ref=snap"; VariantName = "[No Variations]"
Add component (AddParameter): Name = "Value"; Value = ""; VariantName = "[No Variations]"
Added Pin To Net: NetName=VCC_U1 Pin=UPDU1__U1-01
Added Pin To Net: NetName=RESET_U1 Pin=UPDU1__U1-02
Added Pin To Net: NetName=Power 1_U1 Pin=UPDU1__U1-03
Added Pin To Net: NetName=VCC_U1 Pin=UPDU1__U2-01
Added Pin To Net: NetName=RESET_U2 Pin=UPDU1__U2-02
Added Pin To Net: NetName=Power 1_U2 Pin=UPDU1__U2-03
Added Pin To Net: NetName=VCC_U1 Pin=UPDU1__U3-01
Added Pin To Net: NetName=RESET_U3 Pin=UPDU1__U3-02
Added Pin To Net: NetName=Power 1_U3 Pin=UPDU1__U3-03
Added Pin To Net: NetName=VCC_U1 Pin=UPDU1__U4-01
Added Pin To Net: NetName=RESET_U4 Pin=UPDU1__U4-02
Added Pin To Net: NetName=Power 1_U4 Pin=UPDU1__U4-03
Added Pin To Net: NetName=VCC_U1 Pin=UPDU1__U5-01
Added Pin To Net: NetName=RESET_U5 Pin=UPDU1__U5-02
Added Pin To Net: NetName=Power 1_U1 Pin=UPDU1__U5-03
Added Room: Name=Five cell modules
