Change Component Footprint: Designator=D2_U1 Old Footprint=DIOM5436X265N New Footprint=DO-214AASMB_J-BEND_LTF
Change Component Footprint: Designator=D2_U2 Old Footprint=DIOM5436X265N New Footprint=DO-214AASMB_J-BEND_LTF
Change Component Footprint: Designator=D2_U3 Old Footprint=DIOM5436X265N New Footprint=DO-214AASMB_J-BEND_LTF
Change Component Footprint: Designator=D2_U4 Old Footprint=DIOM5436X265N New Footprint=DO-214AASMB_J-BEND_LTF
Change Component Footprint: Designator=D2_U5 Old Footprint=DIOM5436X265N New Footprint=DO-214AASMB_J-BEND_LTF
Change Component Comment : Designator=D2_U1 Old Comment=SM6T6V8A New Comment=SMBJ5.0A
Change Component Comment : Designator=D2_U2 Old Comment=SM6T6V8A New Comment=SMBJ5.0A
Change Component Comment : Designator=D2_U3 Old Comment=SM6T6V8A New Comment=SMBJ5.0A
Change Component Comment : Designator=D2_U4 Old Comment=SM6T6V8A New Comment=SMBJ5.0A
Change Component Comment : Designator=D2_U5 Old Comment=SM6T6V8A New Comment=SMBJ5.0A
Change component parameters: Designator = "D2_U1" ("D2"); Footprint = "DIOM5436X265N"; UniqueID = "\CHMVTQTZ\NIZFZGUJ" ("\CHMVTQTZ\NIZFZGUJ")
Change component parameters (AddParameter): Name = "Mfr_Name"; Value = "Littelfuse Inc"; VariantName = "[No Variations]"
Change component parameters (AddParameter): Name = "RefDes"; Value = ""; VariantName = "[No Variations]"
Change component parameters (AddParameter): Name = "Type"; Value = ""; VariantName = "[No Variations]"
Change component parameters: Designator = "D2_U2" ("D2"); Footprint = "DIOM5436X265N"; UniqueID = "\BYOHQYUU\NIZFZGUJ" ("\BYOHQYUU\NIZFZGUJ")
Change component parameters (AddParameter): Name = "Mfr_Name"; Value = "Littelfuse Inc"; VariantName = "[No Variations]"
Change component parameters (AddParameter): Name = "RefDes"; Value = ""; VariantName = "[No Variations]"
Change component parameters (AddParameter): Name = "Type"; Value = ""; VariantName = "[No Variations]"
Change component parameters: Designator = "D2_U3" ("D2"); Footprint = "DIOM5436X265N"; UniqueID = "\QLHGRRKY\NIZFZGUJ" ("\QLHGRRKY\NIZFZGUJ")
Change component parameters (AddParameter): Name = "Mfr_Name"; Value = "Littelfuse Inc"; VariantName = "[No Variations]"
Change component parameters (AddParameter): Name = "RefDes"; Value = ""; VariantName = "[No Variations]"
Change component parameters (AddParameter): Name = "Type"; Value = ""; VariantName = "[No Variations]"
Change component parameters: Designator = "D2_U4" ("D2"); Footprint = "DIOM5436X265N"; UniqueID = "\PYLGZMZO\NIZFZGUJ" ("\PYLGZMZO\NIZFZGUJ")
Change component parameters (AddParameter): Name = "Mfr_Name"; Value = "Littelfuse Inc"; VariantName = "[No Variations]"
Change component parameters (AddParameter): Name = "RefDes"; Value = ""; VariantName = "[No Variations]"
Change component parameters (AddParameter): Name = "Type"; Value = ""; VariantName = "[No Variations]"
Change component parameters: Designator = "D2_U5" ("D2"); Footprint = "DIOM5436X265N"; UniqueID = "\XAMCRMUO\NIZFZGUJ" ("\XAMCRMUO\NIZFZGUJ")
Change component parameters (AddParameter): Name = "Mfr_Name"; Value = "Littelfuse Inc"; VariantName = "[No Variations]"
Change component parameters (AddParameter): Name = "RefDes"; Value = ""; VariantName = "[No Variations]"
Change component parameters (AddParameter): Name = "Type"; Value = ""; VariantName = "[No Variations]"
Add Net: Net with name "ENABLE_U3" already exists
Add Net: Net with name "ENABLE_U4" already exists
Add Net: Net with name "ENABLE_U5" already exists
Added Room: Name=Five cell modules
